{"/Users/lhs/Desktop/dev/my-cctv-server/v2/backend/src/app.controller.ts": {"path":"/Users/lhs/Desktop/dev/my-cctv-server/v2/backend/src/app.controller.ts","statementMap":{"0":{"start":{"line":1,"column":0},"end":{"line":1,"column":49}},"1":{"start":{"line":2,"column":0},"end":{"line":2,"column":43}},"2":{"start":{"line":3,"column":0},"end":{"line":3,"column":68}},"3":{"start":{"line":6,"column":7},"end":{"line":14,"column":null}},"4":{"start":{"line":7,"column":31},"end":{"line":7,"column":43}},"5":{"start":{"line":12,"column":4},"end":{"line":12,"column":38}},"6":{"start":{"line":6,"column":13},"end":{"line":6,"column":26}},"7":{"start":{"line":11,"column":2},"end":{"line":13,"column":null}},"8":{"start":{"line":6,"column":13},"end":{"line":14,"column":null}}},"fnMap":{"0":{"name":"(anonymous_2)","decl":{"start":{"line":7,"column":2},"end":{"line":7,"column":31}},"loc":{"start":{"line":7,"column":53},"end":{"line":7,"column":57}}},"1":{"name":"(anonymous_3)","decl":{"start":{"line":11,"column":2},"end":{"line":11,"column":10}},"loc":{"start":{"line":11,"column":10},"end":{"line":13,"column":3}}}},"branchMap":{},"s":{"0":0,"1":0,"2":0,"3":0,"4":0,"5":0,"6":0,"7":0,"8":0},"f":{"0":0,"1":0},"b":{}}
,"/Users/lhs/Desktop/dev/my-cctv-server/v2/backend/src/app.service.ts": {"path":"/Users/lhs/Desktop/dev/my-cctv-server/v2/backend/src/app.service.ts","statementMap":{"0":{"start":{"line":1,"column":0},"end":{"line":1,"column":44}},"1":{"start":{"line":4,"column":7},"end":{"line":8,"column":null}},"2":{"start":{"line":6,"column":4},"end":{"line":6,"column":53}},"3":{"start":{"line":4,"column":13},"end":{"line":4,"column":23}},"4":{"start":{"line":4,"column":13},"end":{"line":8,"column":null}}},"fnMap":{"0":{"name":"(anonymous_1)","decl":{"start":{"line":5,"column":2},"end":{"line":5,"column":10}},"loc":{"start":{"line":5,"column":10},"end":{"line":7,"column":3}}}},"branchMap":{},"s":{"0":0,"1":0,"2":0,"3":0,"4":0},"f":{"0":0},"b":{}}
,"/Users/lhs/Desktop/dev/my-cctv-server/v2/backend/src/application/dto/auth.dto.ts": {"path":"/Users/lhs/Desktop/dev/my-cctv-server/v2/backend/src/application/dto/auth.dto.ts","statementMap":{"0":{"start":{"line":1,"column":0},"end":{"line":1,"column":83}},"1":{"start":{"line":2,"column":0},"end":{"line":2,"column":46}},"2":{"start":{"line":4,"column":0},"end":{"line":4,"column":13}},"3":{"start":{"line":17,"column":2},"end":{"line":17,"column":null}},"4":{"start":{"line":24,"column":2},"end":{"line":24,"column":null}},"5":{"start":{"line":35,"column":2},"end":{"line":35,"column":null}},"6":{"start":{"line":38,"column":0},"end":{"line":38,"column":13}},"7":{"start":{"line":44,"column":2},"end":{"line":44,"column":null}},"8":{"start":{"line":51,"column":2},"end":{"line":51,"column":null}},"9":{"start":{"line":54,"column":0},"end":{"line":54,"column":13}},"10":{"start":{"line":56,"column":2},"end":{"line":56,"column":null}},"11":{"start":{"line":59,"column":0},"end":{"line":59,"column":13}},"12":{"start":{"line":70,"column":0},"end":{"line":70,"column":13}}},"fnMap":{},"branchMap":{},"s":{"0":0,"1":0,"2":0,"3":0,"4":0,"5":0,"6":0,"7":0,"8":0,"9":0,"10":0,"11":0,"12":0},"f":{},"b":{}}
,"/Users/lhs/Desktop/dev/my-cctv-server/v2/backend/src/application/dto/comment.dto.ts": {"path":"/Users/lhs/Desktop/dev/my-cctv-server/v2/backend/src/application/dto/comment.dto.ts","statementMap":{"0":{"start":{"line":1,"column":0},"end":{"line":1,"column":81}},"1":{"start":{"line":3,"column":0},"end":{"line":3,"column":13}},"2":{"start":{"line":5,"column":2},"end":{"line":5,"column":null}},"3":{"start":{"line":9,"column":2},"end":{"line":9,"column":null}},"4":{"start":{"line":14,"column":2},"end":{"line":14,"column":null}},"5":{"start":{"line":21,"column":2},"end":{"line":21,"column":23}},"6":{"start":{"line":26,"column":2},"end":{"line":26,"column":22}},"7":{"start":{"line":17,"column":0},"end":{"line":17,"column":13}},"8":{"start":{"line":21,"column":2},"end":{"line":21,"column":null}},"9":{"start":{"line":26,"column":2},"end":{"line":26,"column":null}},"10":{"start":{"line":30,"column":2},"end":{"line":30,"column":null}},"11":{"start":{"line":33,"column":0},"end":{"line":33,"column":13}}},"fnMap":{"0":{"name":"(anonymous_2)","decl":{"start":{"line":17,"column":0},"end":{"line":17,"column":13}},"loc":{"start":{"line":17,"column":0},"end":{"line":31,"column":1}}}},"branchMap":{},"s":{"0":0,"1":0,"2":0,"3":0,"4":0,"5":0,"6":0,"7":0,"8":0,"9":0,"10":0,"11":0},"f":{"0":0},"b":{}}
,"/Users/lhs/Desktop/dev/my-cctv-server/v2/backend/src/application/dto/stream.dto.ts": {"path":"/Users/lhs/Desktop/dev/my-cctv-server/v2/backend/src/application/dto/stream.dto.ts","statementMap":{"0":{"start":{"line":1,"column":0},"end":{"line":1,"column":null}},"1":{"start":{"line":13,"column":0},"end":{"line":13,"column":null}},"2":{"start":{"line":14,"column":2},"end":{"line":14,"column":null}},"3":{"start":{"line":15,"column":2},"end":{"line":15,"column":null}},"4":{"start":{"line":16,"column":2},"end":{"line":16,"column":null}},"5":{"start":{"line":19,"column":0},"end":{"line":19,"column":13}},"6":{"start":{"line":22,"column":2},"end":{"line":22,"column":null}},"7":{"start":{"line":28,"column":2},"end":{"line":28,"column":null}},"8":{"start":{"line":34,"column":2},"end":{"line":34,"column":null}},"9":{"start":{"line":38,"column":2},"end":{"line":38,"column":null}},"10":{"start":{"line":41,"column":0},"end":{"line":41,"column":13}},"11":{"start":{"line":45,"column":2},"end":{"line":45,"column":null}},"12":{"start":{"line":50,"column":2},"end":{"line":50,"column":null}},"13":{"start":{"line":54,"column":2},"end":{"line":54,"column":null}},"14":{"start":{"line":57,"column":2},"end":{"line":57,"column":null}},"15":{"start":{"line":60,"column":0},"end":{"line":60,"column":13}},"16":{"start":{"line":65,"column":2},"end":{"line":65,"column":null}},"17":{"start":{"line":70,"column":2},"end":{"line":70,"column":null}},"18":{"start":{"line":74,"column":2},"end":{"line":74,"column":null}},"19":{"start":{"line":77,"column":2},"end":{"line":77,"column":null}},"20":{"start":{"line":88,"column":2},"end":{"line":88,"column":20}},"21":{"start":{"line":94,"column":2},"end":{"line":94,"column":22}},"22":{"start":{"line":80,"column":0},"end":{"line":80,"column":13}},"23":{"start":{"line":83,"column":2},"end":{"line":83,"column":null}},"24":{"start":{"line":88,"column":2},"end":{"line":88,"column":null}},"25":{"start":{"line":94,"column":2},"end":{"line":94,"column":null}},"26":{"start":{"line":98,"column":2},"end":{"line":98,"column":null}},"27":{"start":{"line":101,"column":0},"end":{"line":101,"column":13}}},"fnMap":{"0":{"name":"(anonymous_2)","decl":{"start":{"line":13,"column":0},"end":{"line":13,"column":12}},"loc":{"start":{"line":13,"column":24},"end":{"line":17,"column":1}}},"1":{"name":"(anonymous_3)","decl":{"start":{"line":80,"column":0},"end":{"line":80,"column":13}},"loc":{"start":{"line":80,"column":0},"end":{"line":99,"column":1}}}},"branchMap":{"0":{"loc":{"start":{"line":13,"column":12},"end":{"line":13,"column":null}},"type":"binary-expr","locations":[{"start":{"line":13,"column":12},"end":{"line":13,"column":24}},{"start":{"line":13,"column":24},"end":{"line":13,"column":null}}]}},"s":{"0":0,"1":0,"2":0,"3":0,"4":0,"5":0,"6":0,"7":0,"8":0,"9":0,"10":0,"11":0,"12":0,"13":0,"14":0,"15":0,"16":0,"17":0,"18":0,"19":0,"20":0,"21":0,"22":0,"23":0,"24":0,"25":0,"26":0,"27":0},"f":{"0":0,"1":0},"b":{"0":[0,0]}}
,"/Users/lhs/Desktop/dev/my-cctv-server/v2/backend/src/application/services/analytics.service.ts": {"path":"/Users/lhs/Desktop/dev/my-cctv-server/v2/backend/src/application/services/analytics.service.ts","statementMap":{"0":{"start":{"line":1,"column":0},"end":{"line":1,"column":44}},"1":{"start":{"line":2,"column":0},"end":{"line":2,"column":51}},"2":{"start":{"line":3,"column":0},"end":{"line":3,"column":56}},"3":{"start":{"line":4,"column":0},"end":{"line":4,"column":84}},"4":{"start":{"line":5,"column":0},"end":{"line":5,"column":86}},"5":{"start":{"line":6,"column":0},"end":{"line":6,"column":72}},"6":{"start":{"line":57,"column":7},"end":{"line":449,"column":null}},"7":{"start":{"line":64,"column":12},"end":{"line":64,"column":30}},"8":{"start":{"line":66,"column":12},"end":{"line":66,"column":31}},"9":{"start":{"line":67,"column":12},"end":{"line":67,"column":26}},"10":{"start":{"line":69,"column":4},"end":{"line":69,"column":34}},"11":{"start":{"line":70,"column":4},"end":{"line":70,"column":35}},"12":{"start":{"line":71,"column":4},"end":{"line":71,"column":36}},"13":{"start":{"line":79,"column":25},"end":{"line":79,"column":68}},"14":{"start":{"line":80,"column":4},"end":{"line":80,"column":29}},"15":{"start":{"line":81,"column":4},"end":{"line":81,"column":56}},"16":{"start":{"line":84,"column":4},"end":{"line":94,"column":5}},"17":{"start":{"line":86,"column":8},"end":{"line":86,"column":43}},"18":{"start":{"line":87,"column":8},"end":{"line":87,"column":14}},"19":{"start":{"line":89,"column":8},"end":{"line":89,"column":44}},"20":{"start":{"line":90,"column":8},"end":{"line":90,"column":14}},"21":{"start":{"line":92,"column":8},"end":{"line":92,"column":40}},"22":{"start":{"line":93,"column":8},"end":{"line":93,"column":14}},"23":{"start":{"line":97,"column":4},"end":{"line":100,"column":6}},"24":{"start":{"line":101,"column":4},"end":{"line":104,"column":6}},"25":{"start":{"line":111,"column":21},"end":{"line":111,"column":35}},"26":{"start":{"line":112,"column":19},"end":{"line":112,"column":60}},"27":{"start":{"line":115,"column":4},"end":{"line":117,"column":5}},"28":{"start":{"line":116,"column":6},"end":{"line":116,"column":51}},"29":{"start":{"line":118,"column":4},"end":{"line":118,"column":68}},"30":{"start":{"line":121,"column":4},"end":{"line":121,"column":56}},"31":{"start":{"line":124,"column":20},"end":{"line":124,"column":57}},"32":{"start":{"line":125,"column":4},"end":{"line":125,"column":78}},"33":{"start":{"line":126,"column":4},"end":{"line":126,"column":80}},"34":{"start":{"line":127,"column":4},"end":{"line":127,"column":46}},"35":{"start":{"line":134,"column":21},"end":{"line":134,"column":35}},"36":{"start":{"line":135,"column":19},"end":{"line":135,"column":60}},"37":{"start":{"line":138,"column":21},"end":{"line":138,"column":54}},"38":{"start":{"line":139,"column":4},"end":{"line":155,"column":5}},"39":{"start":{"line":140,"column":23},"end":{"line":140,"column":44}},"40":{"start":{"line":141,"column":23},"end":{"line":141,"column":69}},"41":{"start":{"line":144,"column":6},"end":{"line":152,"column":8}},"42":{"start":{"line":154,"column":6},"end":{"line":154,"column":30}},"43":{"start":{"line":158,"column":4},"end":{"line":158,"column":59}},"44":{"start":{"line":161,"column":20},"end":{"line":161,"column":57}},"45":{"start":{"line":162,"column":4},"end":{"line":162,"column":78}},"46":{"start":{"line":163,"column":4},"end":{"line":163,"column":46}},"47":{"start":{"line":170,"column":21},"end":{"line":170,"column":35}},"48":{"start":{"line":173,"column":20},"end":{"line":173,"column":57}},"49":{"start":{"line":174,"column":4},"end":{"line":174,"column":28}},"50":{"start":{"line":177,"column":22},"end":{"line":177,"column":72}},"51":{"start":{"line":178,"column":19},"end":{"line":178,"column":78}},"52":{"start":{"line":178,"column":52},"end":{"line":178,"column":77}},"53":{"start":{"line":179,"column":4},"end":{"line":183,"column":5}},"54":{"start":{"line":180,"column":6},"end":{"line":180,"column":28}},"55":{"start":{"line":182,"column":6},"end":{"line":182,"column":66}},"56":{"start":{"line":186,"column":4},"end":{"line":186,"column":75}},"57":{"start":{"line":186,"column":42},"end":{"line":186,"column":73}},"58":{"start":{"line":187,"column":4},"end":{"line":187,"column":65}},"59":{"start":{"line":189,"column":4},"end":{"line":189,"column":46}},"60":{"start":{"line":196,"column":4},"end":{"line":209,"column":5}},"61":{"start":{"line":197,"column":29},"end":{"line":197,"column":77}},"62":{"start":{"line":199,"column":6},"end":{"line":208,"column":9}},"63":{"start":{"line":211,"column":4},"end":{"line":211,"column":45}},"64":{"start":{"line":222,"column":4},"end":{"line":222,"column":54}},"65":{"start":{"line":222,"column":45},"end":{"line":222,"column":54}},"66":{"start":{"line":225,"column":30},"end":{"line":225,"column":56}},"67":{"start":{"line":226,"column":28},"end":{"line":226,"column":44}},"68":{"start":{"line":227,"column":27},"end":{"line":227,"column":70}},"69":{"start":{"line":229,"column":4},"end":{"line":229,"column":41}},"70":{"start":{"line":237,"column":25},"end":{"line":240,"column":null}},"71":{"start":{"line":243,"column":25},"end":{"line":243,"column":26}},"72":{"start":{"line":244,"column":25},"end":{"line":244,"column":50}},"73":{"start":{"line":245,"column":39},"end":{"line":245,"column":41}},"74":{"start":{"line":246,"column":24},"end":{"line":246,"column":45}},"75":{"start":{"line":248,"column":4},"end":{"line":260,"column":5}},"76":{"start":{"line":249,"column":19},"end":{"line":249,"column":36}},"77":{"start":{"line":250,"column":6},"end":{"line":250,"column":43}},"78":{"start":{"line":251,"column":6},"end":{"line":251,"column":48}},"79":{"start":{"line":254,"column":20},"end":{"line":254,"column":56}},"80":{"start":{"line":255,"column":6},"end":{"line":255,"column":49}},"81":{"start":{"line":258,"column":19},"end":{"line":258,"column":54}},"82":{"start":{"line":259,"column":6},"end":{"line":259,"column":26}},"83":{"start":{"line":263,"column":21},"end":{"line":265,"column":6}},"84":{"start":{"line":268,"column":31},"end":{"line":270,"column":9}},"85":{"start":{"line":269,"column":42},"end":{"line":269,"column":47}},"86":{"start":{"line":272,"column":28},"end":{"line":276,"column":null}},"87":{"start":{"line":280,"column":28},"end":{"line":283,"column":36}},"88":{"start":{"line":281,"column":22},"end":{"line":281,"column":33}},"89":{"start":{"line":283,"column":27},"end":{"line":283,"column":35}},"90":{"start":{"line":285,"column":4},"end":{"line":293,"column":6}},"91":{"start":{"line":303,"column":16},"end":{"line":303,"column":26}},"92":{"start":{"line":304,"column":18},"end":{"line":304,"column":76}},"93":{"start":{"line":305,"column":16},"end":{"line":305,"column":30}},"94":{"start":{"line":308,"column":20},"end":{"line":312,"column":6}},"95":{"start":{"line":315,"column":25},"end":{"line":315,"column":39}},"96":{"start":{"line":316,"column":25},"end":{"line":320,"column":10}},"97":{"start":{"line":317,"column":27},"end":{"line":317,"column":60}},"98":{"start":{"line":318,"column":21},"end":{"line":318,"column":29}},"99":{"start":{"line":319,"column":18},"end":{"line":319,"column":26}},"100":{"start":{"line":322,"column":28},"end":{"line":324,"column":62}},"101":{"start":{"line":323,"column":19},"end":{"line":323,"column":43}},"102":{"start":{"line":324,"column":16},"end":{"line":324,"column":61}},"103":{"start":{"line":326,"column":34},"end":{"line":328,"column":9}},"104":{"start":{"line":327,"column":41},"end":{"line":327,"column":46}},"105":{"start":{"line":331,"column":32},"end":{"line":331,"column":33}},"106":{"start":{"line":332,"column":4},"end":{"line":334,"column":5}},"107":{"start":{"line":333,"column":6},"end":{"line":333,"column":83}},"108":{"start":{"line":337,"column":29},"end":{"line":348,"column":6}},"109":{"start":{"line":338,"column":26},"end":{"line":341,"column":8}},"110":{"start":{"line":339,"column":27},"end":{"line":339,"column":59}},"111":{"start":{"line":340,"column":8},"end":{"line":340,"column":35}},"112":{"start":{"line":343,"column":6},"end":{"line":347,"column":8}},"113":{"start":{"line":350,"column":4},"end":{"line":357,"column":6}},"114":{"start":{"line":364,"column":26},"end":{"line":366,"column":6}},"115":{"start":{"line":368,"column":23},"end":{"line":368,"column":24}},"116":{"start":{"line":369,"column":24},"end":{"line":369,"column":25}},"117":{"start":{"line":370,"column":23},"end":{"line":370,"column":25}},"118":{"start":{"line":372,"column":4},"end":{"line":398,"column":5}},"119":{"start":{"line":373,"column":6},"end":{"line":397,"column":7}},"120":{"start":{"line":374,"column":8},"end":{"line":374,"column":47}},"121":{"start":{"line":375,"column":8},"end":{"line":375,"column":47}},"122":{"start":{"line":377,"column":23},"end":{"line":380,"column":10}},"123":{"start":{"line":382,"column":8},"end":{"line":396,"column":9}},"124":{"start":{"line":383,"column":10},"end":{"line":395,"column":13}},"125":{"start":{"line":401,"column":4},"end":{"line":401,"column":53}},"126":{"start":{"line":401,"column":30},"end":{"line":401,"column":51}},"127":{"start":{"line":403,"column":4},"end":{"line":412,"column":6}},"128":{"start":{"line":408,"column":40},"end":{"line":408,"column":62}},"129":{"start":{"line":422,"column":20},"end":{"line":422,"column":57}},"130":{"start":{"line":423,"column":19},"end":{"line":423,"column":56}},"131":{"start":{"line":425,"column":17},"end":{"line":433,"column":6}},"132":{"start":{"line":428,"column":31},"end":{"line":431,"column":8}},"133":{"start":{"line":435,"column":4},"end":{"line":447,"column":5}},"134":{"start":{"line":436,"column":6},"end":{"line":436,"column":43}},"135":{"start":{"line":439,"column":18},"end":{"line":444,"column":18}},"136":{"start":{"line":442,"column":10},"end":{"line":442,"column":114}},"137":{"start":{"line":446,"column":6},"end":{"line":446,"column":17}},"138":{"start":{"line":57,"column":13},"end":{"line":57,"column":29}},"139":{"start":{"line":57,"column":13},"end":{"line":449,"column":null}}},"fnMap":{"0":{"name":"(anonymous_4)","decl":{"start":{"line":62,"column":2},"end":{"line":62,"column":null}},"loc":{"start":{"line":67,"column":38},"end":{"line":72,"column":3}}},"1":{"name":"(anonymous_5)","decl":{"start":{"line":77,"column":2},"end":{"line":77,"column":7}},"loc":{"start":{"line":77,"column":43},"end":{"line":105,"column":3}}},"2":{"name":"(anonymous_6)","decl":{"start":{"line":110,"column":10},"end":{"line":110,"column":15}},"loc":{"start":{"line":110,"column":51},"end":{"line":128,"column":3}}},"3":{"name":"(anonymous_7)","decl":{"start":{"line":133,"column":10},"end":{"line":133,"column":15}},"loc":{"start":{"line":133,"column":52},"end":{"line":164,"column":3}}},"4":{"name":"(anonymous_8)","decl":{"start":{"line":169,"column":10},"end":{"line":169,"column":15}},"loc":{"start":{"line":169,"column":48},"end":{"line":190,"column":3}}},"5":{"name":"(anonymous_9)","decl":{"start":{"line":178,"column":47},"end":{"line":178,"column":48}},"loc":{"start":{"line":178,"column":52},"end":{"line":178,"column":77}}},"6":{"name":"(anonymous_10)","decl":{"start":{"line":186,"column":32},"end":{"line":186,"column":33}},"loc":{"start":{"line":186,"column":42},"end":{"line":186,"column":73}}},"7":{"name":"(anonymous_11)","decl":{"start":{"line":195,"column":2},"end":{"line":195,"column":7}},"loc":{"start":{"line":195,"column":41},"end":{"line":212,"column":3}}},"8":{"name":"(anonymous_12)","decl":{"start":{"line":217,"column":10},"end":{"line":217,"column":33}},"loc":{"start":{"line":220,"column":20},"end":{"line":230,"column":3}}},"9":{"name":"(anonymous_13)","decl":{"start":{"line":235,"column":2},"end":{"line":235,"column":7}},"loc":{"start":{"line":235,"column":41},"end":{"line":294,"column":3}}},"10":{"name":"(anonymous_14)","decl":{"start":{"line":269,"column":32},"end":{"line":269,"column":33}},"loc":{"start":{"line":269,"column":42},"end":{"line":269,"column":47}}},"11":{"name":"(anonymous_15)","decl":{"start":{"line":281,"column":12},"end":{"line":281,"column":13}},"loc":{"start":{"line":281,"column":22},"end":{"line":281,"column":33}}},"12":{"name":"(anonymous_16)","decl":{"start":{"line":283,"column":11},"end":{"line":283,"column":12}},"loc":{"start":{"line":283,"column":27},"end":{"line":283,"column":35}}},"13":{"name":"(anonymous_17)","decl":{"start":{"line":299,"column":2},"end":{"line":299,"column":7}},"loc":{"start":{"line":301,"column":18},"end":{"line":358,"column":3}}},"14":{"name":"(anonymous_18)","decl":{"start":{"line":317,"column":22},"end":{"line":317,"column":23}},"loc":{"start":{"line":317,"column":27},"end":{"line":317,"column":60}}},"15":{"name":"(anonymous_19)","decl":{"start":{"line":318,"column":16},"end":{"line":318,"column":17}},"loc":{"start":{"line":318,"column":21},"end":{"line":318,"column":29}}},"16":{"name":"(anonymous_20)","decl":{"start":{"line":319,"column":13},"end":{"line":319,"column":14}},"loc":{"start":{"line":319,"column":18},"end":{"line":319,"column":26}}},"17":{"name":"(anonymous_21)","decl":{"start":{"line":323,"column":14},"end":{"line":323,"column":15}},"loc":{"start":{"line":323,"column":19},"end":{"line":323,"column":43}}},"18":{"name":"(anonymous_22)","decl":{"start":{"line":324,"column":11},"end":{"line":324,"column":12}},"loc":{"start":{"line":324,"column":16},"end":{"line":324,"column":61}}},"19":{"name":"(anonymous_23)","decl":{"start":{"line":327,"column":31},"end":{"line":327,"column":32}},"loc":{"start":{"line":327,"column":41},"end":{"line":327,"column":46}}},"20":{"name":"(anonymous_24)","decl":{"start":{"line":337,"column":58},"end":{"line":337,"column":59}},"loc":{"start":{"line":337,"column":70},"end":{"line":348,"column":5}}},"21":{"name":"(anonymous_25)","decl":{"start":{"line":338,"column":41},"end":{"line":338,"column":42}},"loc":{"start":{"line":338,"column":45},"end":{"line":341,"column":7}}},"22":{"name":"(anonymous_26)","decl":{"start":{"line":363,"column":2},"end":{"line":363,"column":7}},"loc":{"start":{"line":363,"column":28},"end":{"line":413,"column":3}}},"23":{"name":"(anonymous_27)","decl":{"start":{"line":401,"column":20},"end":{"line":401,"column":21}},"loc":{"start":{"line":401,"column":30},"end":{"line":401,"column":51}}},"24":{"name":"(anonymous_28)","decl":{"start":{"line":408,"column":28},"end":{"line":408,"column":29}},"loc":{"start":{"line":408,"column":40},"end":{"line":408,"column":62}}},"25":{"name":"(anonymous_29)","decl":{"start":{"line":418,"column":2},"end":{"line":418,"column":7}},"loc":{"start":{"line":420,"column":35},"end":{"line":448,"column":3}}},"26":{"name":"(anonymous_30)","decl":{"start":{"line":428,"column":25},"end":{"line":428,"column":26}},"loc":{"start":{"line":428,"column":31},"end":{"line":431,"column":8}}},"27":{"name":"(anonymous_31)","decl":{"start":{"line":441,"column":22},"end":{"line":441,"column":23}},"loc":{"start":{"line":442,"column":10},"end":{"line":442,"column":114}}}},"branchMap":{"0":{"loc":{"start":{"line":79,"column":25},"end":{"line":79,"column":68}},"type":"binary-expr","locations":[{"start":{"line":79,"column":25},"end":{"line":79,"column":62}},{"start":{"line":79,"column":66},"end":{"line":79,"column":68}}]},"1":{"loc":{"start":{"line":84,"column":4},"end":{"line":94,"column":5}},"type":"switch","locations":[{"start":{"line":85,"column":6},"end":{"line":87,"column":14}},{"start":{"line":88,"column":6},"end":{"line":90,"column":14}},{"start":{"line":91,"column":6},"end":{"line":93,"column":14}}]},"2":{"loc":{"start":{"line":112,"column":19},"end":{"line":112,"column":60}},"type":"binary-expr","locations":[{"start":{"line":112,"column":19},"end":{"line":112,"column":31}},{"start":{"line":112,"column":35},"end":{"line":112,"column":60}}]},"3":{"loc":{"start":{"line":115,"column":4},"end":{"line":117,"column":5}},"type":"if","locations":[{"start":{"line":115,"column":4},"end":{"line":117,"column":5}},{"start":{},"end":{}}]},"4":{"loc":{"start":{"line":135,"column":19},"end":{"line":135,"column":60}},"type":"binary-expr","locations":[{"start":{"line":135,"column":19},"end":{"line":135,"column":31}},{"start":{"line":135,"column":35},"end":{"line":135,"column":60}}]},"5":{"loc":{"start":{"line":139,"column":4},"end":{"line":155,"column":5}},"type":"if","locations":[{"start":{"line":139,"column":4},"end":{"line":155,"column":5}},{"start":{},"end":{}}]},"6":{"loc":{"start":{"line":139,"column":8},"end":{"line":139,"column":40}},"type":"binary-expr","locations":[{"start":{"line":139,"column":8},"end":{"line":139,"column":16}},{"start":{"line":139,"column":20},"end":{"line":139,"column":40}}]},"7":{"loc":{"start":{"line":179,"column":4},"end":{"line":183,"column":5}},"type":"if","locations":[{"start":{"line":179,"column":4},"end":{"line":183,"column":5}},{"start":{"line":181,"column":11},"end":{"line":183,"column":5}}]},"8":{"loc":{"start":{"line":196,"column":4},"end":{"line":209,"column":5}},"type":"if","locations":[{"start":{"line":196,"column":4},"end":{"line":209,"column":5}},{"start":{},"end":{}}]},"9":{"loc":{"start":{"line":222,"column":4},"end":{"line":222,"column":54}},"type":"if","locations":[{"start":{"line":222,"column":4},"end":{"line":222,"column":54}},{"start":{},"end":{}}]},"10":{"loc":{"start":{"line":222,"column":8},"end":{"line":222,"column":43}},"type":"binary-expr","locations":[{"start":{"line":222,"column":8},"end":{"line":222,"column":25}},{"start":{"line":222,"column":29},"end":{"line":222,"column":43}}]},"11":{"loc":{"start":{"line":250,"column":24},"end":{"line":250,"column":42}},"type":"binary-expr","locations":[{"start":{"line":250,"column":24},"end":{"line":250,"column":37}},{"start":{"line":250,"column":41},"end":{"line":250,"column":42}}]},"12":{"loc":{"start":{"line":251,"column":28},"end":{"line":251,"column":46}},"type":"binary-expr","locations":[{"start":{"line":251,"column":28},"end":{"line":251,"column":41}},{"start":{"line":251,"column":45},"end":{"line":251,"column":46}}]},"13":{"loc":{"start":{"line":254,"column":20},"end":{"line":254,"column":56}},"type":"binary-expr","locations":[{"start":{"line":254,"column":20},"end":{"line":254,"column":51}},{"start":{"line":254,"column":55},"end":{"line":254,"column":56}}]},"14":{"loc":{"start":{"line":268,"column":31},"end":{"line":270,"column":9}},"type":"cond-expr","locations":[{"start":{"line":269,"column":8},"end":{"line":269,"column":77}},{"start":{"line":270,"column":8},"end":{"line":270,"column":9}}]},"15":{"loc":{"start":{"line":304,"column":18},"end":{"line":304,"column":76}},"type":"binary-expr","locations":[{"start":{"line":304,"column":18},"end":{"line":304,"column":27}},{"start":{"line":304,"column":31},"end":{"line":304,"column":76}}]},"16":{"loc":{"start":{"line":305,"column":16},"end":{"line":305,"column":30}},"type":"binary-expr","locations":[{"start":{"line":305,"column":16},"end":{"line":305,"column":23}},{"start":{"line":305,"column":27},"end":{"line":305,"column":30}}]},"17":{"loc":{"start":{"line":317,"column":27},"end":{"line":317,"column":60}},"type":"binary-expr","locations":[{"start":{"line":317,"column":27},"end":{"line":317,"column":54}},{"start":{"line":317,"column":58},"end":{"line":317,"column":60}}]},"18":{"loc":{"start":{"line":323,"column":19},"end":{"line":323,"column":43}},"type":"binary-expr","locations":[{"start":{"line":323,"column":19},"end":{"line":323,"column":30}},{"start":{"line":323,"column":34},"end":{"line":323,"column":43}}]},"19":{"loc":{"start":{"line":326,"column":34},"end":{"line":328,"column":9}},"type":"cond-expr","locations":[{"start":{"line":327,"column":8},"end":{"line":327,"column":75}},{"start":{"line":328,"column":8},"end":{"line":328,"column":9}}]},"20":{"loc":{"start":{"line":373,"column":6},"end":{"line":397,"column":7}},"type":"if","locations":[{"start":{"line":373,"column":6},"end":{"line":397,"column":7}},{"start":{},"end":{}}]},"21":{"loc":{"start":{"line":382,"column":8},"end":{"line":396,"column":9}},"type":"if","locations":[{"start":{"line":382,"column":8},"end":{"line":396,"column":9}},{"start":{},"end":{}}]},"22":{"loc":{"start":{"line":382,"column":12},"end":{"line":382,"column":46}},"type":"binary-expr","locations":[{"start":{"line":382,"column":12},"end":{"line":382,"column":18}},{"start":{"line":382,"column":22},"end":{"line":382,"column":46}}]},"23":{"loc":{"start":{"line":393,"column":28},"end":{"line":393,"column":69}},"type":"binary-expr","locations":[{"start":{"line":393,"column":28},"end":{"line":393,"column":55}},{"start":{"line":393,"column":59},"end":{"line":393,"column":69}}]},"24":{"loc":{"start":{"line":407,"column":25},"end":{"line":409,"column":11}},"type":"cond-expr","locations":[{"start":{"line":408,"column":10},"end":{"line":408,"column":86}},{"start":{"line":409,"column":10},"end":{"line":409,"column":11}}]},"25":{"loc":{"start":{"line":420,"column":4},"end":{"line":420,"column":35}},"type":"default-arg","locations":[{"start":{"line":420,"column":29},"end":{"line":420,"column":35}}]},"26":{"loc":{"start":{"line":423,"column":19},"end":{"line":423,"column":56}},"type":"binary-expr","locations":[{"start":{"line":423,"column":19},"end":{"line":423,"column":50}},{"start":{"line":423,"column":54},"end":{"line":423,"column":56}}]},"27":{"loc":{"start":{"line":435,"column":4},"end":{"line":447,"column":5}},"type":"if","locations":[{"start":{"line":435,"column":4},"end":{"line":447,"column":5}},{"start":{"line":437,"column":11},"end":{"line":447,"column":5}}]},"28":{"loc":{"start":{"line":442,"column":24},"end":{"line":442,"column":47}},"type":"binary-expr","locations":[{"start":{"line":442,"column":24},"end":{"line":442,"column":32}},{"start":{"line":442,"column":36},"end":{"line":442,"column":47}}]},"29":{"loc":{"start":{"line":442,"column":95},"end":{"line":442,"column":111}},"type":"binary-expr","locations":[{"start":{"line":442,"column":95},"end":{"line":442,"column":105}},{"start":{"line":442,"column":109},"end":{"line":442,"column":111}}]}},"s":{"0":0,"1":0,"2":0,"3":0,"4":0,"5":0,"6":0,"7":0,"8":0,"9":0,"10":0,"11":0,"12":0,"13":0,"14":0,"15":0,"16":0,"17":0,"18":0,"19":0,"20":0,"21":0,"22":0,"23":0,"24":0,"25":0,"26":0,"27":0,"28":0,"29":0,"30":0,"31":0,"32":0,"33":0,"34":0,"35":0,"36":0,"37":0,"38":0,"39":0,"40":0,"41":0,"42":0,"43":0,"44":0,"45":0,"46":0,"47":0,"48":0,"49":0,"50":0,"51":0,"52":0,"53":0,"54":0,"55":0,"56":0,"57":0,"58":0,"59":0,"60":0,"61":0,"62":0,"63":0,"64":0,"65":0,"66":0,"67":0,"68":0,"69":0,"70":0,"71":0,"72":0,"73":0,"74":0,"75":0,"76":0,"77":0,"78":0,"79":0,"80":0,"81":0,"82":0,"83":0,"84":0,"85":0,"86":0,"87":0,"88":0,"89":0,"90":0,"91":0,"92":0,"93":0,"94":0,"95":0,"96":0,"97":0,"98":0,"99":0,"100":0,"101":0,"102":0,"103":0,"104":0,"105":0,"106":0,"107":0,"108":0,"109":0,"110":0,"111":0,"112":0,"113":0,"114":0,"115":0,"116":0,"117":0,"118":0,"119":0,"120":0,"121":0,"122":0,"123":0,"124":0,"125":0,"126":0,"127":0,"128":0,"129":0,"130":0,"131":0,"132":0,"133":0,"134":0,"135":0,"136":0,"137":0,"138":0,"139":0},"f":{"0":0,"1":0,"2":0,"3":0,"4":0,"5":0,"6":0,"7":0,"8":0,"9":0,"10":0,"11":0,"12":0,"13":0,"14":0,"15":0,"16":0,"17":0,"18":0,"19":0,"20":0,"21":0,"22":0,"23":0,"24":0,"25":0,"26":0,"27":0},"b":{"0":[0,0],"1":[0,0,0],"2":[0,0],"3":[0,0],"4":[0,0],"5":[0,0],"6":[0,0],"7":[0,0],"8":[0,0],"9":[0,0],"10":[0,0],"11":[0,0],"12":[0,0],"13":[0,0],"14":[0,0],"15":[0,0],"16":[0,0],"17":[0,0],"18":[0,0],"19":[0,0],"20":[0,0],"21":[0,0],"22":[0,0],"23":[0,0],"24":[0,0],"25":[0],"26":[0,0],"27":[0,0],"28":[0,0],"29":[0,0]}}
,"/Users/lhs/Desktop/dev/my-cctv-server/v2/backend/src/application/services/auth.service.ts": {"path":"/Users/lhs/Desktop/dev/my-cctv-server/v2/backend/src/application/services/auth.service.ts","statementMap":{"0":{"start":{"line":1,"column":0},"end":{"line":1,"column":94}},"1":{"start":{"line":2,"column":0},"end":{"line":2,"column":41}},"2":{"start":{"line":3,"column":0},"end":{"line":3,"column":47}},"3":{"start":{"line":4,"column":0},"end":{"line":4,"column":33}},"4":{"start":{"line":5,"column":0},"end":{"line":5,"column":57}},"5":{"start":{"line":10,"column":7},"end":{"line":113,"column":null}},"6":{"start":{"line":13,"column":21},"end":{"line":13,"column":52}},"7":{"start":{"line":14,"column":21},"end":{"line":14,"column":33}},"8":{"start":{"line":15,"column":21},"end":{"line":15,"column":36}},"9":{"start":{"line":20,"column":24},"end":{"line":20,"column":67}},"10":{"start":{"line":21,"column":4},"end":{"line":23,"column":5}},"11":{"start":{"line":22,"column":6},"end":{"line":22,"column":62}},"12":{"start":{"line":26,"column":27},"end":{"line":26,"column":83}},"13":{"start":{"line":27,"column":4},"end":{"line":29,"column":5}},"14":{"start":{"line":28,"column":6},"end":{"line":28,"column":60}},"15":{"start":{"line":32,"column":23},"end":{"line":32,"column":25}},"16":{"start":{"line":33,"column":25},"end":{"line":33,"column":68}},"17":{"start":{"line":36,"column":17},"end":{"line":36,"column":67}},"18":{"start":{"line":37,"column":22},"end":{"line":37,"column":58}},"19":{"start":{"line":40,"column":18},"end":{"line":40,"column":53}},"20":{"start":{"line":42,"column":4},"end":{"line":51,"column":6}},"21":{"start":{"line":56,"column":17},"end":{"line":56,"column":65}},"22":{"start":{"line":57,"column":4},"end":{"line":59,"column":5}},"23":{"start":{"line":58,"column":6},"end":{"line":58,"column":61}},"24":{"start":{"line":62,"column":28},"end":{"line":62,"column":81}},"25":{"start":{"line":63,"column":4},"end":{"line":65,"column":5}},"26":{"start":{"line":64,"column":6},"end":{"line":64,"column":61}},"27":{"start":{"line":68,"column":18},"end":{"line":68,"column":48}},"28":{"start":{"line":70,"column":4},"end":{"line":79,"column":6}},"29":{"start":{"line":83,"column":4},"end":{"line":83,"column":54}},"30":{"start":{"line":87,"column":17},"end":{"line":87,"column":59}},"31":{"start":{"line":88,"column":4},"end":{"line":90,"column":5}},"32":{"start":{"line":89,"column":6},"end":{"line":89,"column":56}},"33":{"start":{"line":91,"column":4},"end":{"line":91,"column":42}},"34":{"start":{"line":95,"column":34},"end":{"line":99,"column":6}},"35":{"start":{"line":101,"column":4},"end":{"line":103,"column":7}},"36":{"start":{"line":107,"column":4},"end":{"line":111,"column":5}},"37":{"start":{"line":108,"column":6},"end":{"line":108,"column":57}},"38":{"start":{"line":110,"column":6},"end":{"line":110,"column":55}},"39":{"start":{"line":10,"column":13},"end":{"line":10,"column":24}},"40":{"start":{"line":10,"column":13},"end":{"line":113,"column":null}}},"fnMap":{"0":{"name":"(anonymous_4)","decl":{"start":{"line":11,"column":2},"end":{"line":11,"column":null}},"loc":{"start":{"line":15,"column":49},"end":{"line":16,"column":6}}},"1":{"name":"(anonymous_5)","decl":{"start":{"line":18,"column":2},"end":{"line":18,"column":7}},"loc":{"start":{"line":18,"column":33},"end":{"line":52,"column":3}}},"2":{"name":"(anonymous_6)","decl":{"start":{"line":54,"column":2},"end":{"line":54,"column":7}},"loc":{"start":{"line":54,"column":27},"end":{"line":80,"column":3}}},"3":{"name":"(anonymous_7)","decl":{"start":{"line":82,"column":2},"end":{"line":82,"column":7}},"loc":{"start":{"line":82,"column":35},"end":{"line":84,"column":3}}},"4":{"name":"(anonymous_8)","decl":{"start":{"line":86,"column":2},"end":{"line":86,"column":7}},"loc":{"start":{"line":86,"column":35},"end":{"line":92,"column":3}}},"5":{"name":"(anonymous_9)","decl":{"start":{"line":94,"column":10},"end":{"line":94,"column":15}},"loc":{"start":{"line":94,"column":40},"end":{"line":104,"column":3}}},"6":{"name":"(anonymous_10)","decl":{"start":{"line":106,"column":2},"end":{"line":106,"column":7}},"loc":{"start":{"line":106,"column":33},"end":{"line":112,"column":3}}}},"branchMap":{"0":{"loc":{"start":{"line":21,"column":4},"end":{"line":23,"column":5}},"type":"if","locations":[{"start":{"line":21,"column":4},"end":{"line":23,"column":5}},{"start":{},"end":{}}]},"1":{"loc":{"start":{"line":27,"column":4},"end":{"line":29,"column":5}},"type":"if","locations":[{"start":{"line":27,"column":4},"end":{"line":29,"column":5}},{"start":{},"end":{}}]},"2":{"loc":{"start":{"line":48,"column":19},"end":{"line":48,"column":51}},"type":"binary-expr","locations":[{"start":{"line":48,"column":19},"end":{"line":48,"column":38}},{"start":{"line":48,"column":42},"end":{"line":48,"column":51}}]},"3":{"loc":{"start":{"line":57,"column":4},"end":{"line":59,"column":5}},"type":"if","locations":[{"start":{"line":57,"column":4},"end":{"line":59,"column":5}},{"start":{},"end":{}}]},"4":{"loc":{"start":{"line":63,"column":4},"end":{"line":65,"column":5}},"type":"if","locations":[{"start":{"line":63,"column":4},"end":{"line":65,"column":5}},{"start":{},"end":{}}]},"5":{"loc":{"start":{"line":76,"column":19},"end":{"line":76,"column":46}},"type":"binary-expr","locations":[{"start":{"line":76,"column":19},"end":{"line":76,"column":33}},{"start":{"line":76,"column":37},"end":{"line":76,"column":46}}]},"6":{"loc":{"start":{"line":88,"column":4},"end":{"line":90,"column":5}},"type":"if","locations":[{"start":{"line":88,"column":4},"end":{"line":90,"column":5}},{"start":{},"end":{}}]}},"s":{"0":1,"1":1,"2":1,"3":1,"4":1,"5":1,"6":10,"7":10,"8":10,"9":3,"10":3,"11":1,"12":2,"13":2,"14":1,"15":1,"16":1,"17":1,"18":1,"19":1,"20":1,"21":3,"22":3,"23":1,"24":2,"25":2,"26":1,"27":1,"28":1,"29":2,"30":0,"31":0,"32":0,"33":0,"34":2,"35":2,"36":2,"37":2,"38":1,"39":1,"40":1},"f":{"0":10,"1":3,"2":3,"3":2,"4":0,"5":2,"6":2},"b":{"0":[1,2],"1":[1,1],"2":[1,1],"3":[1,2],"4":[1,1],"5":[1,1],"6":[0,0]}}
,"/Users/lhs/Desktop/dev/my-cctv-server/v2/backend/src/application/services/comment.service.ts": {"path":"/Users/lhs/Desktop/dev/my-cctv-server/v2/backend/src/application/services/comment.service.ts","statementMap":{"0":{"start":{"line":1,"column":0},"end":{"line":1,"column":null}},"1":{"start":{"line":8,"column":0},"end":{"line":8,"column":63}},"2":{"start":{"line":11,"column":0},"end":{"line":11,"column":72}},"3":{"start":{"line":12,"column":0},"end":{"line":12,"column":73}},"4":{"start":{"line":13,"column":0},"end":{"line":13,"column":83}},"5":{"start":{"line":14,"column":0},"end":{"line":14,"column":57}},"6":{"start":{"line":18,"column":7},"end":{"line":194,"column":null}},"7":{"start":{"line":24,"column":21},"end":{"line":24,"column":58}},"8":{"start":{"line":26,"column":21},"end":{"line":26,"column":56}},"9":{"start":{"line":27,"column":21},"end":{"line":27,"column":35}},"10":{"start":{"line":28,"column":21},"end":{"line":28,"column":40}},"11":{"start":{"line":30,"column":4},"end":{"line":30,"column":41}},"12":{"start":{"line":31,"column":4},"end":{"line":31,"column":51}},"13":{"start":{"line":40,"column":19},"end":{"line":40,"column":69}},"14":{"start":{"line":41,"column":4},"end":{"line":43,"column":5}},"15":{"start":{"line":42,"column":6},"end":{"line":42,"column":54}},"16":{"start":{"line":45,"column":4},"end":{"line":47,"column":5}},"17":{"start":{"line":46,"column":6},"end":{"line":46,"column":58}},"18":{"start":{"line":50,"column":4},"end":{"line":52,"column":5}},"19":{"start":{"line":51,"column":6},"end":{"line":51,"column":63}},"20":{"start":{"line":55,"column":4},"end":{"line":65,"column":5}},"21":{"start":{"line":56,"column":22},"end":{"line":60,"column":null}},"22":{"start":{"line":62,"column":6},"end":{"line":64,"column":7}},"23":{"start":{"line":63,"column":8},"end":{"line":63,"column":73}},"24":{"start":{"line":68,"column":29},"end":{"line":71,"column":null}},"25":{"start":{"line":74,"column":4},"end":{"line":78,"column":5}},"26":{"start":{"line":75,"column":6},"end":{"line":77,"column":8}},"27":{"start":{"line":81,"column":23},"end":{"line":81,"column":63}},"28":{"start":{"line":82,"column":4},"end":{"line":84,"column":5}},"29":{"start":{"line":83,"column":6},"end":{"line":83,"column":66}},"30":{"start":{"line":87,"column":4},"end":{"line":89,"column":5}},"31":{"start":{"line":88,"column":6},"end":{"line":88,"column":62}},"32":{"start":{"line":92,"column":26},"end":{"line":92,"column":66}},"33":{"start":{"line":95,"column":20},"end":{"line":101,"column":null}},"34":{"start":{"line":105,"column":27},"end":{"line":105,"column":56}},"35":{"start":{"line":106,"column":28},"end":{"line":108,"column":null}},"36":{"start":{"line":112,"column":18},"end":{"line":112,"column":68}},"37":{"start":{"line":115,"column":4},"end":{"line":115,"column":80}},"38":{"start":{"line":117,"column":4},"end":{"line":117,"column":37}},"39":{"start":{"line":126,"column":19},"end":{"line":126,"column":65}},"40":{"start":{"line":127,"column":4},"end":{"line":129,"column":5}},"41":{"start":{"line":128,"column":6},"end":{"line":128,"column":54}},"42":{"start":{"line":132,"column":21},"end":{"line":135,"column":null}},"43":{"start":{"line":137,"column":18},"end":{"line":137,"column":70}},"44":{"start":{"line":139,"column":4},"end":{"line":142,"column":6}},"45":{"start":{"line":140,"column":34},"end":{"line":140,"column":55}},"46":{"start":{"line":147,"column":27},"end":{"line":147,"column":78}},"47":{"start":{"line":148,"column":4},"end":{"line":148,"column":26}},"48":{"start":{"line":152,"column":20},"end":{"line":152,"column":68}},"49":{"start":{"line":153,"column":4},"end":{"line":155,"column":5}},"50":{"start":{"line":154,"column":6},"end":{"line":154,"column":55}},"51":{"start":{"line":158,"column":19},"end":{"line":158,"column":73}},"52":{"start":{"line":159,"column":4},"end":{"line":161,"column":5}},"53":{"start":{"line":160,"column":6},"end":{"line":160,"column":54}},"54":{"start":{"line":163,"column":4},"end":{"line":165,"column":5}},"55":{"start":{"line":164,"column":6},"end":{"line":164,"column":69}},"56":{"start":{"line":167,"column":4},"end":{"line":167,"column":51}},"57":{"start":{"line":171,"column":4},"end":{"line":192,"column":6}},"58":{"start":{"line":18,"column":13},"end":{"line":18,"column":27}},"59":{"start":{"line":18,"column":13},"end":{"line":194,"column":null}}},"fnMap":{"0":{"name":"(anonymous_4)","decl":{"start":{"line":22,"column":2},"end":{"line":22,"column":null}},"loc":{"start":{"line":28,"column":57},"end":{"line":32,"column":3}}},"1":{"name":"(anonymous_5)","decl":{"start":{"line":34,"column":2},"end":{"line":34,"column":7}},"loc":{"start":{"line":37,"column":23},"end":{"line":118,"column":3}}},"2":{"name":"(anonymous_6)","decl":{"start":{"line":120,"column":2},"end":{"line":120,"column":7}},"loc":{"start":{"line":123,"column":14},"end":{"line":143,"column":3}}},"3":{"name":"(anonymous_7)","decl":{"start":{"line":140,"column":29},"end":{"line":140,"column":30}},"loc":{"start":{"line":140,"column":34},"end":{"line":140,"column":55}}},"4":{"name":"(anonymous_8)","decl":{"start":{"line":145,"column":2},"end":{"line":145,"column":7}},"loc":{"start":{"line":145,"column":42},"end":{"line":149,"column":3}}},"5":{"name":"(anonymous_9)","decl":{"start":{"line":151,"column":2},"end":{"line":151,"column":7}},"loc":{"start":{"line":151,"column":55},"end":{"line":168,"column":3}}},"6":{"name":"(anonymous_10)","decl":{"start":{"line":170,"column":10},"end":{"line":170,"column":23}},"loc":{"start":{"line":170,"column":40},"end":{"line":193,"column":3}}}},"branchMap":{"0":{"loc":{"start":{"line":41,"column":4},"end":{"line":43,"column":5}},"type":"if","locations":[{"start":{"line":41,"column":4},"end":{"line":43,"column":5}},{"start":{},"end":{}}]},"1":{"loc":{"start":{"line":45,"column":4},"end":{"line":47,"column":5}},"type":"if","locations":[{"start":{"line":45,"column":4},"end":{"line":47,"column":5}},{"start":{},"end":{}}]},"2":{"loc":{"start":{"line":50,"column":4},"end":{"line":52,"column":5}},"type":"if","locations":[{"start":{"line":50,"column":4},"end":{"line":52,"column":5}},{"start":{},"end":{}}]},"3":{"loc":{"start":{"line":55,"column":4},"end":{"line":65,"column":5}},"type":"if","locations":[{"start":{"line":55,"column":4},"end":{"line":65,"column":5}},{"start":{},"end":{}}]},"4":{"loc":{"start":{"line":62,"column":6},"end":{"line":64,"column":7}},"type":"if","locations":[{"start":{"line":62,"column":6},"end":{"line":64,"column":7}},{"start":{},"end":{}}]},"5":{"loc":{"start":{"line":74,"column":4},"end":{"line":78,"column":5}},"type":"if","locations":[{"start":{"line":74,"column":4},"end":{"line":78,"column":5}},{"start":{},"end":{}}]},"6":{"loc":{"start":{"line":76,"column":8},"end":{"line":76,"column":56}},"type":"binary-expr","locations":[{"start":{"line":76,"column":8},"end":{"line":76,"column":31}},{"start":{"line":76,"column":35},"end":{"line":76,"column":56}}]},"7":{"loc":{"start":{"line":82,"column":4},"end":{"line":84,"column":5}},"type":"if","locations":[{"start":{"line":82,"column":4},"end":{"line":84,"column":5}},{"start":{},"end":{}}]},"8":{"loc":{"start":{"line":87,"column":4},"end":{"line":89,"column":5}},"type":"if","locations":[{"start":{"line":87,"column":4},"end":{"line":89,"column":5}},{"start":{},"end":{}}]},"9":{"loc":{"start":{"line":87,"column":8},"end":{"line":87,"column":73}},"type":"binary-expr","locations":[{"start":{"line":87,"column":8},"end":{"line":87,"column":19}},{"start":{"line":87,"column":23},"end":{"line":87,"column":73}}]},"10":{"loc":{"start":{"line":100,"column":6},"end":{"line":100,"column":25}},"type":"binary-expr","locations":[{"start":{"line":100,"column":6},"end":{"line":100,"column":17}},{"start":{"line":100,"column":21},"end":{"line":100,"column":25}}]},"11":{"loc":{"start":{"line":122,"column":4},"end":{"line":122,"column":15}},"type":"default-arg","locations":[{"start":{"line":122,"column":12},"end":{"line":122,"column":15}}]},"12":{"loc":{"start":{"line":123,"column":4},"end":{"line":123,"column":14}},"type":"default-arg","locations":[{"start":{"line":123,"column":13},"end":{"line":123,"column":14}}]},"13":{"loc":{"start":{"line":127,"column":4},"end":{"line":129,"column":5}},"type":"if","locations":[{"start":{"line":127,"column":4},"end":{"line":129,"column":5}},{"start":{},"end":{}}]},"14":{"loc":{"start":{"line":153,"column":4},"end":{"line":155,"column":5}},"type":"if","locations":[{"start":{"line":153,"column":4},"end":{"line":155,"column":5}},{"start":{},"end":{}}]},"15":{"loc":{"start":{"line":159,"column":4},"end":{"line":161,"column":5}},"type":"if","locations":[{"start":{"line":159,"column":4},"end":{"line":161,"column":5}},{"start":{},"end":{}}]},"16":{"loc":{"start":{"line":163,"column":4},"end":{"line":165,"column":5}},"type":"if","locations":[{"start":{"line":163,"column":4},"end":{"line":165,"column":5}},{"start":{},"end":{}}]},"17":{"loc":{"start":{"line":163,"column":8},"end":{"line":163,"column":62}},"type":"binary-expr","locations":[{"start":{"line":163,"column":8},"end":{"line":163,"column":33}},{"start":{"line":163,"column":37},"end":{"line":163,"column":62}}]},"18":{"loc":{"start":{"line":174,"column":15},"end":{"line":174,"column":43}},"type":"binary-expr","locations":[{"start":{"line":174,"column":15},"end":{"line":174,"column":30}},{"start":{"line":174,"column":34},"end":{"line":174,"column":43}}]},"19":{"loc":{"start":{"line":176,"column":12},"end":{"line":176,"column":41}},"type":"binary-expr","locations":[{"start":{"line":176,"column":12},"end":{"line":176,"column":26}},{"start":{"line":176,"column":30},"end":{"line":176,"column":41}}]}},"s":{"0":0,"1":0,"2":0,"3":0,"4":0,"5":0,"6":0,"7":0,"8":0,"9":0,"10":0,"11":0,"12":0,"13":0,"14":0,"15":0,"16":0,"17":0,"18":0,"19":0,"20":0,"21":0,"22":0,"23":0,"24":0,"25":0,"26":0,"27":0,"28":0,"29":0,"30":0,"31":0,"32":0,"33":0,"34":0,"35":0,"36":0,"37":0,"38":0,"39":0,"40":0,"41":0,"42":0,"43":0,"44":0,"45":0,"46":0,"47":0,"48":0,"49":0,"50":0,"51":0,"52":0,"53":0,"54":0,"55":0,"56":0,"57":0,"58":0,"59":0},"f":{"0":0,"1":0,"2":0,"3":0,"4":0,"5":0,"6":0},"b":{"0":[0,0],"1":[0,0],"2":[0,0],"3":[0,0],"4":[0,0],"5":[0,0],"6":[0,0],"7":[0,0],"8":[0,0],"9":[0,0],"10":[0,0],"11":[0],"12":[0],"13":[0,0],"14":[0,0],"15":[0,0],"16":[0,0],"17":[0,0],"18":[0,0],"19":[0,0]}}
,"/Users/lhs/Desktop/dev/my-cctv-server/v2/backend/src/application/services/moderation.service.ts": {"path":"/Users/lhs/Desktop/dev/my-cctv-server/v2/backend/src/application/services/moderation.service.ts","statementMap":{"0":{"start":{"line":1,"column":0},"end":{"line":1,"column":52}},"1":{"start":{"line":2,"column":0},"end":{"line":2,"column":72}},"2":{"start":{"line":19,"column":7},"end":{"line":375,"column":null}},"3":{"start":{"line":26,"column":21},"end":{"line":26,"column":35}},"4":{"start":{"line":28,"column":4},"end":{"line":28,"column":33}},"5":{"start":{"line":29,"column":4},"end":{"line":29,"column":34}},"6":{"start":{"line":30,"column":4},"end":{"line":30,"column":34}},"7":{"start":{"line":31,"column":4},"end":{"line":31,"column":36}},"8":{"start":{"line":33,"column":4},"end":{"line":33,"column":60}},"9":{"start":{"line":33,"column":21},"end":{"line":33,"column":53}},"10":{"start":{"line":38,"column":4},"end":{"line":49,"column":7}},"11":{"start":{"line":53,"column":4},"end":{"line":67,"column":6}},"12":{"start":{"line":71,"column":20},"end":{"line":71,"column":61}},"13":{"start":{"line":72,"column":4},"end":{"line":76,"column":5}},"14":{"start":{"line":73,"column":6},"end":{"line":75,"column":9}},"15":{"start":{"line":74,"column":8},"end":{"line":74,"column":72}},"16":{"start":{"line":88,"column":4},"end":{"line":94,"column":5}},"17":{"start":{"line":89,"column":6},"end":{"line":93,"column":8}},"18":{"start":{"line":97,"column":28},"end":{"line":97,"column":55}},"19":{"start":{"line":98,"column":4},"end":{"line":101,"column":5}},"20":{"start":{"line":99,"column":6},"end":{"line":99,"column":45}},"21":{"start":{"line":100,"column":6},"end":{"line":100,"column":29}},"22":{"start":{"line":104,"column":22},"end":{"line":104,"column":50}},"23":{"start":{"line":105,"column":4},"end":{"line":108,"column":5}},"24":{"start":{"line":106,"column":6},"end":{"line":106,"column":42}},"25":{"start":{"line":107,"column":6},"end":{"line":107,"column":23}},"26":{"start":{"line":111,"column":4},"end":{"line":117,"column":5}},"27":{"start":{"line":112,"column":25},"end":{"line":112,"column":74}},"28":{"start":{"line":113,"column":6},"end":{"line":116,"column":7}},"29":{"start":{"line":114,"column":8},"end":{"line":114,"column":44}},"30":{"start":{"line":115,"column":8},"end":{"line":115,"column":26}},"31":{"start":{"line":120,"column":28},"end":{"line":120,"column":85}},"32":{"start":{"line":121,"column":4},"end":{"line":124,"column":5}},"33":{"start":{"line":122,"column":6},"end":{"line":122,"column":42}},"34":{"start":{"line":123,"column":6},"end":{"line":123,"column":29}},"35":{"start":{"line":126,"column":4},"end":{"line":126,"column":31}},"36":{"start":{"line":133,"column":22},"end":{"line":133,"column":40}},"37":{"start":{"line":135,"column":4},"end":{"line":144,"column":5}},"38":{"start":{"line":136,"column":6},"end":{"line":143,"column":7}},"39":{"start":{"line":137,"column":8},"end":{"line":142,"column":10}},"40":{"start":{"line":146,"column":4},"end":{"line":146,"column":31}},"41":{"start":{"line":153,"column":4},"end":{"line":162,"column":5}},"42":{"start":{"line":154,"column":6},"end":{"line":161,"column":7}},"43":{"start":{"line":155,"column":8},"end":{"line":160,"column":10}},"44":{"start":{"line":164,"column":4},"end":{"line":164,"column":31}},"45":{"start":{"line":174,"column":16},"end":{"line":174,"column":45}},"46":{"start":{"line":175,"column":18},"end":{"line":175,"column":70}},"47":{"start":{"line":177,"column":4},"end":{"line":184,"column":5}},"48":{"start":{"line":178,"column":6},"end":{"line":183,"column":8}},"49":{"start":{"line":186,"column":4},"end":{"line":186,"column":31}},"50":{"start":{"line":197,"column":4},"end":{"line":197,"column":44}},"51":{"start":{"line":197,"column":17},"end":{"line":197,"column":44}},"52":{"start":{"line":199,"column":16},"end":{"line":199,"column":46}},"53":{"start":{"line":200,"column":27},"end":{"line":200,"column":77}},"54":{"start":{"line":202,"column":4},"end":{"line":215,"column":5}},"55":{"start":{"line":203,"column":27},"end":{"line":205,"column":14}},"56":{"start":{"line":204,"column":8},"end":{"line":204,"column":49}},"57":{"start":{"line":207,"column":6},"end":{"line":214,"column":7}},"58":{"start":{"line":208,"column":8},"end":{"line":213,"column":10}},"59":{"start":{"line":218,"column":4},"end":{"line":218,"column":65}},"60":{"start":{"line":220,"column":4},"end":{"line":220,"column":31}},"61":{"start":{"line":227,"column":19},"end":{"line":227,"column":58}},"62":{"start":{"line":228,"column":20},"end":{"line":228,"column":59}},"63":{"start":{"line":230,"column":4},"end":{"line":230,"column":40}},"64":{"start":{"line":230,"column":29},"end":{"line":230,"column":40}},"65":{"start":{"line":232,"column":25},"end":{"line":232,"column":66}},"66":{"start":{"line":233,"column":4},"end":{"line":233,"column":58}},"67":{"start":{"line":240,"column":19},"end":{"line":240,"column":21}},"68":{"start":{"line":242,"column":4},"end":{"line":244,"column":5}},"69":{"start":{"line":242,"column":17},"end":{"line":242,"column":18}},"70":{"start":{"line":243,"column":6},"end":{"line":243,"column":22}},"71":{"start":{"line":246,"column":4},"end":{"line":248,"column":5}},"72":{"start":{"line":246,"column":17},"end":{"line":246,"column":18}},"73":{"start":{"line":247,"column":6},"end":{"line":247,"column":23}},"74":{"start":{"line":250,"column":4},"end":{"line":262,"column":5}},"75":{"start":{"line":250,"column":17},"end":{"line":250,"column":18}},"76":{"start":{"line":251,"column":6},"end":{"line":261,"column":7}},"77":{"start":{"line":251,"column":19},"end":{"line":251,"column":20}},"78":{"start":{"line":252,"column":8},"end":{"line":260,"column":9}},"79":{"start":{"line":253,"column":10},"end":{"line":253,"column":46}},"80":{"start":{"line":255,"column":10},"end":{"line":259,"column":12}},"81":{"start":{"line":264,"column":4},"end":{"line":264,"column":44}},"82":{"start":{"line":271,"column":18},"end":{"line":271,"column":49}},"83":{"start":{"line":272,"column":4},"end":{"line":272,"column":41}},"84":{"start":{"line":273,"column":4},"end":{"line":273,"column":53}},"85":{"start":{"line":280,"column":4},"end":{"line":280,"column":37}},"86":{"start":{"line":281,"column":4},"end":{"line":281,"column":48}},"87":{"start":{"line":288,"column":24},"end":{"line":288,"column":53}},"88":{"start":{"line":289,"column":4},"end":{"line":289,"column":35}},"89":{"start":{"line":289,"column":22},"end":{"line":289,"column":35}},"90":{"start":{"line":291,"column":4},"end":{"line":297,"column":5}},"91":{"start":{"line":292,"column":6},"end":{"line":292,"column":18}},"92":{"start":{"line":295,"column":6},"end":{"line":295,"column":39}},"93":{"start":{"line":296,"column":6},"end":{"line":296,"column":19}},"94":{"start":{"line":304,"column":4},"end":{"line":304,"column":24}},"95":{"start":{"line":304,"column":17},"end":{"line":304,"column":24}},"96":{"start":{"line":306,"column":21},"end":{"line":306,"column":52}},"97":{"start":{"line":307,"column":4},"end":{"line":324,"column":5}},"98":{"start":{"line":308,"column":6},"end":{"line":308,"column":23}},"99":{"start":{"line":309,"column":6},"end":{"line":309,"column":42}},"100":{"start":{"line":310,"column":6},"end":{"line":310,"column":35}},"101":{"start":{"line":313,"column":6},"end":{"line":316,"column":7}},"102":{"start":{"line":314,"column":25},"end":{"line":314,"column":48}},"103":{"start":{"line":315,"column":8},"end":{"line":315,"column":41}},"104":{"start":{"line":318,"column":6},"end":{"line":323,"column":9}},"105":{"start":{"line":335,"column":4},"end":{"line":340,"column":7}},"106":{"start":{"line":347,"column":4},"end":{"line":352,"column":6}},"107":{"start":{"line":359,"column":4},"end":{"line":359,"column":45}},"108":{"start":{"line":366,"column":4},"end":{"line":366,"column":48}},"109":{"start":{"line":373,"column":4},"end":{"line":373,"column":40}},"110":{"start":{"line":19,"column":13},"end":{"line":19,"column":30}},"111":{"start":{"line":19,"column":13},"end":{"line":375,"column":null}}},"fnMap":{"0":{"name":"(anonymous_2)","decl":{"start":{"line":25,"column":2},"end":{"line":25,"column":null}},"loc":{"start":{"line":26,"column":47},"end":{"line":34,"column":3}}},"1":{"name":"(anonymous_3)","decl":{"start":{"line":33,"column":15},"end":{"line":33,"column":18}},"loc":{"start":{"line":33,"column":21},"end":{"line":33,"column":53}}},"2":{"name":"(anonymous_4)","decl":{"start":{"line":36,"column":10},"end":{"line":36,"column":31}},"loc":{"start":{"line":36,"column":31},"end":{"line":50,"column":3}}},"3":{"name":"(anonymous_5)","decl":{"start":{"line":52,"column":10},"end":{"line":52,"column":32}},"loc":{"start":{"line":52,"column":32},"end":{"line":68,"column":3}}},"4":{"name":"(anonymous_6)","decl":{"start":{"line":70,"column":2},"end":{"line":70,"column":7}},"loc":{"start":{"line":70,"column":33},"end":{"line":77,"column":3}}},"5":{"name":"(anonymous_7)","decl":{"start":{"line":73,"column":22},"end":{"line":73,"column":26}},"loc":{"start":{"line":73,"column":29},"end":{"line":75,"column":7}}},"6":{"name":"(anonymous_8)","decl":{"start":{"line":82,"column":2},"end":{"line":82,"column":7}},"loc":{"start":{"line":85,"column":20},"end":{"line":127,"column":3}}},"7":{"name":"(anonymous_9)","decl":{"start":{"line":132,"column":10},"end":{"line":132,"column":26}},"loc":{"start":{"line":132,"column":39},"end":{"line":147,"column":3}}},"8":{"name":"(anonymous_10)","decl":{"start":{"line":152,"column":10},"end":{"line":152,"column":27}},"loc":{"start":{"line":152,"column":40},"end":{"line":165,"column":3}}},"9":{"name":"(anonymous_11)","decl":{"start":{"line":170,"column":10},"end":{"line":170,"column":15}},"loc":{"start":{"line":172,"column":20},"end":{"line":187,"column":3}}},"10":{"name":"(anonymous_12)","decl":{"start":{"line":192,"column":10},"end":{"line":192,"column":15}},"loc":{"start":{"line":195,"column":20},"end":{"line":221,"column":3}}},"11":{"name":"(anonymous_13)","decl":{"start":{"line":203,"column":49},"end":{"line":203,"column":52}},"loc":{"start":{"line":204,"column":8},"end":{"line":204,"column":49}}},"12":{"name":"(anonymous_14)","decl":{"start":{"line":226,"column":10},"end":{"line":226,"column":29}},"loc":{"start":{"line":226,"column":56},"end":{"line":234,"column":3}}},"13":{"name":"(anonymous_15)","decl":{"start":{"line":239,"column":10},"end":{"line":239,"column":29}},"loc":{"start":{"line":239,"column":56},"end":{"line":265,"column":3}}},"14":{"name":"(anonymous_16)","decl":{"start":{"line":270,"column":2},"end":{"line":270,"column":7}},"loc":{"start":{"line":270,"column":60},"end":{"line":274,"column":3}}},"15":{"name":"(anonymous_17)","decl":{"start":{"line":279,"column":2},"end":{"line":279,"column":7}},"loc":{"start":{"line":279,"column":34},"end":{"line":282,"column":3}}},"16":{"name":"(anonymous_18)","decl":{"start":{"line":287,"column":2},"end":{"line":287,"column":15}},"loc":{"start":{"line":287,"column":30},"end":{"line":298,"column":3}}},"17":{"name":"(anonymous_19)","decl":{"start":{"line":303,"column":10},"end":{"line":303,"column":25}},"loc":{"start":{"line":303,"column":84},"end":{"line":325,"column":3}}},"18":{"name":"(anonymous_20)","decl":{"start":{"line":330,"column":2},"end":{"line":330,"column":7}},"loc":{"start":{"line":333,"column":18},"end":{"line":341,"column":3}}},"19":{"name":"(anonymous_21)","decl":{"start":{"line":346,"column":2},"end":{"line":346,"column":7}},"loc":{"start":{"line":346,"column":26},"end":{"line":353,"column":3}}},"20":{"name":"(anonymous_22)","decl":{"start":{"line":358,"column":2},"end":{"line":358,"column":15}},"loc":{"start":{"line":358,"column":28},"end":{"line":360,"column":3}}},"21":{"name":"(anonymous_23)","decl":{"start":{"line":365,"column":2},"end":{"line":365,"column":18}},"loc":{"start":{"line":365,"column":31},"end":{"line":367,"column":3}}},"22":{"name":"(anonymous_24)","decl":{"start":{"line":372,"column":2},"end":{"line":372,"column":16}},"loc":{"start":{"line":372,"column":16},"end":{"line":374,"column":3}}}},"branchMap":{"0":{"loc":{"start":{"line":72,"column":4},"end":{"line":76,"column":5}},"type":"if","locations":[{"start":{"line":72,"column":4},"end":{"line":76,"column":5}},{"start":{},"end":{}}]},"1":{"loc":{"start":{"line":88,"column":4},"end":{"line":94,"column":5}},"type":"if","locations":[{"start":{"line":88,"column":4},"end":{"line":94,"column":5}},{"start":{},"end":{}}]},"2":{"loc":{"start":{"line":88,"column":8},"end":{"line":88,"column":44}},"type":"binary-expr","locations":[{"start":{"line":88,"column":8},"end":{"line":88,"column":14}},{"start":{"line":88,"column":18},"end":{"line":88,"column":44}}]},"3":{"loc":{"start":{"line":98,"column":4},"end":{"line":101,"column":5}},"type":"if","locations":[{"start":{"line":98,"column":4},"end":{"line":101,"column":5}},{"start":{},"end":{}}]},"4":{"loc":{"start":{"line":105,"column":4},"end":{"line":108,"column":5}},"type":"if","locations":[{"start":{"line":105,"column":4},"end":{"line":108,"column":5}},{"start":{},"end":{}}]},"5":{"loc":{"start":{"line":111,"column":4},"end":{"line":117,"column":5}},"type":"if","locations":[{"start":{"line":111,"column":4},"end":{"line":117,"column":5}},{"start":{},"end":{}}]},"6":{"loc":{"start":{"line":113,"column":6},"end":{"line":116,"column":7}},"type":"if","locations":[{"start":{"line":113,"column":6},"end":{"line":116,"column":7}},{"start":{},"end":{}}]},"7":{"loc":{"start":{"line":121,"column":4},"end":{"line":124,"column":5}},"type":"if","locations":[{"start":{"line":121,"column":4},"end":{"line":124,"column":5}},{"start":{},"end":{}}]},"8":{"loc":{"start":{"line":136,"column":6},"end":{"line":143,"column":7}},"type":"if","locations":[{"start":{"line":136,"column":6},"end":{"line":143,"column":7}},{"start":{},"end":{}}]},"9":{"loc":{"start":{"line":154,"column":6},"end":{"line":161,"column":7}},"type":"if","locations":[{"start":{"line":154,"column":6},"end":{"line":161,"column":7}},{"start":{},"end":{}}]},"10":{"loc":{"start":{"line":177,"column":4},"end":{"line":184,"column":5}},"type":"if","locations":[{"start":{"line":177,"column":4},"end":{"line":184,"column":5}},{"start":{},"end":{}}]},"11":{"loc":{"start":{"line":197,"column":4},"end":{"line":197,"column":44}},"type":"if","locations":[{"start":{"line":197,"column":4},"end":{"line":197,"column":44}},{"start":{},"end":{}}]},"12":{"loc":{"start":{"line":202,"column":4},"end":{"line":215,"column":5}},"type":"if","locations":[{"start":{"line":202,"column":4},"end":{"line":215,"column":5}},{"start":{},"end":{}}]},"13":{"loc":{"start":{"line":202,"column":8},"end":{"line":202,"column":51}},"type":"binary-expr","locations":[{"start":{"line":202,"column":8},"end":{"line":202,"column":22}},{"start":{"line":202,"column":26},"end":{"line":202,"column":51}}]},"14":{"loc":{"start":{"line":207,"column":6},"end":{"line":214,"column":7}},"type":"if","locations":[{"start":{"line":207,"column":6},"end":{"line":214,"column":7}},{"start":{},"end":{}}]},"15":{"loc":{"start":{"line":227,"column":19},"end":{"line":227,"column":58}},"type":"cond-expr","locations":[{"start":{"line":227,"column":47},"end":{"line":227,"column":51}},{"start":{"line":227,"column":54},"end":{"line":227,"column":58}}]},"16":{"loc":{"start":{"line":228,"column":20},"end":{"line":228,"column":59}},"type":"cond-expr","locations":[{"start":{"line":228,"column":48},"end":{"line":228,"column":52}},{"start":{"line":228,"column":55},"end":{"line":228,"column":59}}]},"17":{"loc":{"start":{"line":230,"column":4},"end":{"line":230,"column":40}},"type":"if","locations":[{"start":{"line":230,"column":4},"end":{"line":230,"column":40}},{"start":{},"end":{}}]},"18":{"loc":{"start":{"line":252,"column":8},"end":{"line":260,"column":9}},"type":"if","locations":[{"start":{"line":252,"column":8},"end":{"line":260,"column":9}},{"start":{"line":254,"column":15},"end":{"line":260,"column":9}}]},"19":{"loc":{"start":{"line":270,"column":34},"end":{"line":270,"column":60}},"type":"default-arg","locations":[{"start":{"line":270,"column":53},"end":{"line":270,"column":60}}]},"20":{"loc":{"start":{"line":289,"column":4},"end":{"line":289,"column":35}},"type":"if","locations":[{"start":{"line":289,"column":4},"end":{"line":289,"column":35}},{"start":{},"end":{}}]},"21":{"loc":{"start":{"line":291,"column":4},"end":{"line":297,"column":5}},"type":"if","locations":[{"start":{"line":291,"column":4},"end":{"line":297,"column":5}},{"start":{"line":293,"column":11},"end":{"line":297,"column":5}}]},"22":{"loc":{"start":{"line":304,"column":4},"end":{"line":304,"column":24}},"type":"if","locations":[{"start":{"line":304,"column":4},"end":{"line":304,"column":24}},{"start":{},"end":{}}]},"23":{"loc":{"start":{"line":307,"column":4},"end":{"line":324,"column":5}},"type":"if","locations":[{"start":{"line":307,"column":4},"end":{"line":324,"column":5}},{"start":{"line":317,"column":11},"end":{"line":324,"column":5}}]},"24":{"loc":{"start":{"line":313,"column":6},"end":{"line":316,"column":7}},"type":"if","locations":[{"start":{"line":313,"column":6},"end":{"line":316,"column":7}},{"start":{},"end":{}}]}},"s":{"0":0,"1":0,"2":0,"3":0,"4":0,"5":0,"6":0,"7":0,"8":0,"9":0,"10":0,"11":0,"12":0,"13":0,"14":0,"15":0,"16":0,"17":0,"18":0,"19":0,"20":0,"21":0,"22":0,"23":0,"24":0,"25":0,"26":0,"27":0,"28":0,"29":0,"30":0,"31":0,"32":0,"33":0,"34":0,"35":0,"36":0,"37":0,"38":0,"39":0,"40":0,"41":0,"42":0,"43":0,"44":0,"45":0,"46":0,"47":0,"48":0,"49":0,"50":0,"51":0,"52":0,"53":0,"54":0,"55":0,"56":0,"57":0,"58":0,"59":0,"60":0,"61":0,"62":0,"63":0,"64":0,"65":0,"66":0,"67":0,"68":0,"69":0,"70":0,"71":0,"72":0,"73":0,"74":0,"75":0,"76":0,"77":0,"78":0,"79":0,"80":0,"81":0,"82":0,"83":0,"84":0,"85":0,"86":0,"87":0,"88":0,"89":0,"90":0,"91":0,"92":0,"93":0,"94":0,"95":0,"96":0,"97":0,"98":0,"99":0,"100":0,"101":0,"102":0,"103":0,"104":0,"105":0,"106":0,"107":0,"108":0,"109":0,"110":0,"111":0},"f":{"0":0,"1":0,"2":0,"3":0,"4":0,"5":0,"6":0,"7":0,"8":0,"9":0,"10":0,"11":0,"12":0,"13":0,"14":0,"15":0,"16":0,"17":0,"18":0,"19":0,"20":0,"21":0,"22":0},"b":{"0":[0,0],"1":[0,0],"2":[0,0],"3":[0,0],"4":[0,0],"5":[0,0],"6":[0,0],"7":[0,0],"8":[0,0],"9":[0,0],"10":[0,0],"11":[0,0],"12":[0,0],"13":[0,0],"14":[0,0],"15":[0,0],"16":[0,0],"17":[0,0],"18":[0,0],"19":[0],"20":[0,0],"21":[0,0],"22":[0,0],"23":[0,0],"24":[0,0]}}
,"/Users/lhs/Desktop/dev/my-cctv-server/v2/backend/src/application/services/stream.service.ts": {"path":"/Users/lhs/Desktop/dev/my-cctv-server/v2/backend/src/application/services/stream.service.ts","statementMap":{"0":{"start":{"line":1,"column":0},"end":{"line":1,"column":null}},"1":{"start":{"line":8,"column":0},"end":{"line":8,"column":61}},"2":{"start":{"line":10,"column":0},"end":{"line":10,"column":72}},"3":{"start":{"line":19,"column":7},"end":{"line":228,"column":null}},"4":{"start":{"line":22,"column":21},"end":{"line":22,"column":56}},"5":{"start":{"line":23,"column":21},"end":{"line":23,"column":35}},"6":{"start":{"line":30,"column":19},"end":{"line":34,"column":null}},"7":{"start":{"line":37,"column":18},"end":{"line":37,"column":58}},"8":{"start":{"line":39,"column":4},"end":{"line":39,"column":45}},"9":{"start":{"line":44,"column":19},"end":{"line":44,"column":68}},"10":{"start":{"line":45,"column":4},"end":{"line":47,"column":5}},"11":{"start":{"line":46,"column":6},"end":{"line":46,"column":20}},"12":{"start":{"line":49,"column":19},"end":{"line":49,"column":65}},"13":{"start":{"line":50,"column":4},"end":{"line":52,"column":5}},"14":{"start":{"line":51,"column":6},"end":{"line":51,"column":54}},"15":{"start":{"line":54,"column":21},"end":{"line":54,"column":55}},"16":{"start":{"line":57,"column":4},"end":{"line":57,"column":60}},"17":{"start":{"line":59,"column":4},"end":{"line":59,"column":20}},"18":{"start":{"line":63,"column":19},"end":{"line":66,"column":6}},"19":{"start":{"line":68,"column":23},"end":{"line":71,"column":6}},"20":{"start":{"line":73,"column":19},"end":{"line":73,"column":74}},"21":{"start":{"line":75,"column":4},"end":{"line":81,"column":6}},"22":{"start":{"line":76,"column":42},"end":{"line":76,"column":68}},"23":{"start":{"line":89,"column":19},"end":{"line":89,"column":65}},"24":{"start":{"line":90,"column":4},"end":{"line":92,"column":5}},"25":{"start":{"line":91,"column":6},"end":{"line":91,"column":54}},"26":{"start":{"line":94,"column":4},"end":{"line":96,"column":5}},"27":{"start":{"line":95,"column":6},"end":{"line":95,"column":75}},"28":{"start":{"line":99,"column":4},"end":{"line":99,"column":44}},"29":{"start":{"line":99,"column":19},"end":{"line":99,"column":44}},"30":{"start":{"line":100,"column":4},"end":{"line":100,"column":76}},"31":{"start":{"line":100,"column":39},"end":{"line":100,"column":76}},"32":{"start":{"line":101,"column":4},"end":{"line":101,"column":73}},"33":{"start":{"line":101,"column":37},"end":{"line":101,"column":73}},"34":{"start":{"line":102,"column":4},"end":{"line":102,"column":58}},"35":{"start":{"line":102,"column":22},"end":{"line":102,"column":58}},"36":{"start":{"line":104,"column":20},"end":{"line":104,"column":62}},"37":{"start":{"line":107,"column":4},"end":{"line":107,"column":60}},"38":{"start":{"line":109,"column":4},"end":{"line":109,"column":47}},"39":{"start":{"line":113,"column":19},"end":{"line":113,"column":65}},"40":{"start":{"line":114,"column":4},"end":{"line":116,"column":5}},"41":{"start":{"line":115,"column":6},"end":{"line":115,"column":54}},"42":{"start":{"line":118,"column":4},"end":{"line":120,"column":5}},"43":{"start":{"line":119,"column":6},"end":{"line":119,"column":75}},"44":{"start":{"line":122,"column":4},"end":{"line":126,"column":5}},"45":{"start":{"line":123,"column":6},"end":{"line":123,"column":21}},"46":{"start":{"line":125,"column":6},"end":{"line":125,"column":51}},"47":{"start":{"line":128,"column":4},"end":{"line":128,"column":47}},"48":{"start":{"line":129,"column":4},"end":{"line":129,"column":60}},"49":{"start":{"line":142,"column":19},"end":{"line":142,"column":65}},"50":{"start":{"line":143,"column":4},"end":{"line":145,"column":5}},"51":{"start":{"line":144,"column":6},"end":{"line":144,"column":54}},"52":{"start":{"line":147,"column":4},"end":{"line":149,"column":5}},"53":{"start":{"line":148,"column":6},"end":{"line":148,"column":75}},"54":{"start":{"line":151,"column":4},"end":{"line":155,"column":5}},"55":{"start":{"line":152,"column":6},"end":{"line":152,"column":19}},"56":{"start":{"line":154,"column":6},"end":{"line":154,"column":51}},"57":{"start":{"line":157,"column":4},"end":{"line":157,"column":47}},"58":{"start":{"line":158,"column":4},"end":{"line":158,"column":60}},"59":{"start":{"line":160,"column":21},"end":{"line":162,"column":9}},"60":{"start":{"line":165,"column":25},"end":{"line":165,"column":85}},"61":{"start":{"line":167,"column":4},"end":{"line":176,"column":6}},"62":{"start":{"line":180,"column":19},"end":{"line":180,"column":65}},"63":{"start":{"line":181,"column":4},"end":{"line":183,"column":5}},"64":{"start":{"line":182,"column":6},"end":{"line":182,"column":54}},"65":{"start":{"line":185,"column":4},"end":{"line":187,"column":5}},"66":{"start":{"line":186,"column":6},"end":{"line":186,"column":75}},"67":{"start":{"line":189,"column":4},"end":{"line":191,"column":5}},"68":{"start":{"line":190,"column":6},"end":{"line":190,"column":67}},"69":{"start":{"line":193,"column":4},"end":{"line":193,"column":49}},"70":{"start":{"line":194,"column":4},"end":{"line":194,"column":60}},"71":{"start":{"line":198,"column":4},"end":{"line":198,"column":67}},"72":{"start":{"line":199,"column":4},"end":{"line":199,"column":60}},"73":{"start":{"line":206,"column":20},"end":{"line":206,"column":52}},"74":{"start":{"line":208,"column":4},"end":{"line":226,"column":6}},"75":{"start":{"line":19,"column":13},"end":{"line":19,"column":26}},"76":{"start":{"line":19,"column":13},"end":{"line":228,"column":null}}},"fnMap":{"0":{"name":"(anonymous_4)","decl":{"start":{"line":20,"column":2},"end":{"line":20,"column":null}},"loc":{"start":{"line":23,"column":47},"end":{"line":24,"column":6}}},"1":{"name":"(anonymous_5)","decl":{"start":{"line":26,"column":2},"end":{"line":26,"column":7}},"loc":{"start":{"line":28,"column":24},"end":{"line":40,"column":3}}},"2":{"name":"(anonymous_6)","decl":{"start":{"line":42,"column":2},"end":{"line":42,"column":7}},"loc":{"start":{"line":42,"column":51},"end":{"line":60,"column":3}}},"3":{"name":"(anonymous_7)","decl":{"start":{"line":62,"column":2},"end":{"line":62,"column":7}},"loc":{"start":{"line":62,"column":40},"end":{"line":82,"column":3}}},"4":{"name":"(anonymous_8)","decl":{"start":{"line":76,"column":32},"end":{"line":76,"column":38}},"loc":{"start":{"line":76,"column":42},"end":{"line":76,"column":68}}},"5":{"name":"(anonymous_9)","decl":{"start":{"line":84,"column":2},"end":{"line":84,"column":7}},"loc":{"start":{"line":87,"column":24},"end":{"line":110,"column":3}}},"6":{"name":"(anonymous_10)","decl":{"start":{"line":112,"column":2},"end":{"line":112,"column":7}},"loc":{"start":{"line":112,"column":52},"end":{"line":130,"column":3}}},"7":{"name":"(anonymous_11)","decl":{"start":{"line":132,"column":2},"end":{"line":132,"column":7}},"loc":{"start":{"line":132,"column":50},"end":{"line":177,"column":3}}},"8":{"name":"(anonymous_12)","decl":{"start":{"line":179,"column":2},"end":{"line":179,"column":7}},"loc":{"start":{"line":179,"column":53},"end":{"line":195,"column":3}}},"9":{"name":"(anonymous_13)","decl":{"start":{"line":197,"column":2},"end":{"line":197,"column":7}},"loc":{"start":{"line":197,"column":57},"end":{"line":200,"column":3}}},"10":{"name":"(anonymous_14)","decl":{"start":{"line":202,"column":10},"end":{"line":202,"column":23}},"loc":{"start":{"line":204,"column":26},"end":{"line":227,"column":3}}}},"branchMap":{"0":{"loc":{"start":{"line":45,"column":4},"end":{"line":47,"column":5}},"type":"if","locations":[{"start":{"line":45,"column":4},"end":{"line":47,"column":5}},{"start":{},"end":{}}]},"1":{"loc":{"start":{"line":50,"column":4},"end":{"line":52,"column":5}},"type":"if","locations":[{"start":{"line":50,"column":4},"end":{"line":52,"column":5}},{"start":{},"end":{}}]},"2":{"loc":{"start":{"line":69,"column":12},"end":{"line":69,"column":27}},"type":"binary-expr","locations":[{"start":{"line":69,"column":12},"end":{"line":69,"column":22}},{"start":{"line":69,"column":26},"end":{"line":69,"column":27}}]},"3":{"loc":{"start":{"line":70,"column":13},"end":{"line":70,"column":30}},"type":"binary-expr","locations":[{"start":{"line":70,"column":13},"end":{"line":70,"column":24}},{"start":{"line":70,"column":28},"end":{"line":70,"column":30}}]},"4":{"loc":{"start":{"line":90,"column":4},"end":{"line":92,"column":5}},"type":"if","locations":[{"start":{"line":90,"column":4},"end":{"line":92,"column":5}},{"start":{},"end":{}}]},"5":{"loc":{"start":{"line":94,"column":4},"end":{"line":96,"column":5}},"type":"if","locations":[{"start":{"line":94,"column":4},"end":{"line":96,"column":5}},{"start":{},"end":{}}]},"6":{"loc":{"start":{"line":99,"column":4},"end":{"line":99,"column":44}},"type":"if","locations":[{"start":{"line":99,"column":4},"end":{"line":99,"column":44}},{"start":{},"end":{}}]},"7":{"loc":{"start":{"line":100,"column":4},"end":{"line":100,"column":76}},"type":"if","locations":[{"start":{"line":100,"column":4},"end":{"line":100,"column":76}},{"start":{},"end":{}}]},"8":{"loc":{"start":{"line":101,"column":4},"end":{"line":101,"column":73}},"type":"if","locations":[{"start":{"line":101,"column":4},"end":{"line":101,"column":73}},{"start":{},"end":{}}]},"9":{"loc":{"start":{"line":102,"column":4},"end":{"line":102,"column":58}},"type":"if","locations":[{"start":{"line":102,"column":4},"end":{"line":102,"column":58}},{"start":{},"end":{}}]},"10":{"loc":{"start":{"line":114,"column":4},"end":{"line":116,"column":5}},"type":"if","locations":[{"start":{"line":114,"column":4},"end":{"line":116,"column":5}},{"start":{},"end":{}}]},"11":{"loc":{"start":{"line":118,"column":4},"end":{"line":120,"column":5}},"type":"if","locations":[{"start":{"line":118,"column":4},"end":{"line":120,"column":5}},{"start":{},"end":{}}]},"12":{"loc":{"start":{"line":143,"column":4},"end":{"line":145,"column":5}},"type":"if","locations":[{"start":{"line":143,"column":4},"end":{"line":145,"column":5}},{"start":{},"end":{}}]},"13":{"loc":{"start":{"line":147,"column":4},"end":{"line":149,"column":5}},"type":"if","locations":[{"start":{"line":147,"column":4},"end":{"line":149,"column":5}},{"start":{},"end":{}}]},"14":{"loc":{"start":{"line":160,"column":21},"end":{"line":162,"column":9}},"type":"cond-expr","locations":[{"start":{"line":161,"column":8},"end":{"line":161,"column":82}},{"start":{"line":162,"column":8},"end":{"line":162,"column":9}}]},"15":{"loc":{"start":{"line":160,"column":21},"end":{"line":160,"column":55}},"type":"binary-expr","locations":[{"start":{"line":160,"column":21},"end":{"line":160,"column":35}},{"start":{"line":160,"column":39},"end":{"line":160,"column":55}}]},"16":{"loc":{"start":{"line":181,"column":4},"end":{"line":183,"column":5}},"type":"if","locations":[{"start":{"line":181,"column":4},"end":{"line":183,"column":5}},{"start":{},"end":{}}]},"17":{"loc":{"start":{"line":185,"column":4},"end":{"line":187,"column":5}},"type":"if","locations":[{"start":{"line":185,"column":4},"end":{"line":187,"column":5}},{"start":{},"end":{}}]},"18":{"loc":{"start":{"line":189,"column":4},"end":{"line":191,"column":5}},"type":"if","locations":[{"start":{"line":189,"column":4},"end":{"line":191,"column":5}},{"start":{},"end":{}}]},"19":{"loc":{"start":{"line":211,"column":19},"end":{"line":211,"column":50}},"type":"binary-expr","locations":[{"start":{"line":211,"column":19},"end":{"line":211,"column":37}},{"start":{"line":211,"column":41},"end":{"line":211,"column":50}}]},"20":{"loc":{"start":{"line":212,"column":17},"end":{"line":212,"column":49}},"type":"binary-expr","locations":[{"start":{"line":212,"column":17},"end":{"line":212,"column":36}},{"start":{"line":212,"column":40},"end":{"line":212,"column":49}}]},"21":{"loc":{"start":{"line":220,"column":16},"end":{"line":220,"column":53}},"type":"cond-expr","locations":[{"start":{"line":220,"column":26},"end":{"line":220,"column":41}},{"start":{"line":220,"column":44},"end":{"line":220,"column":53}}]},"22":{"loc":{"start":{"line":221,"column":17},"end":{"line":221,"column":55}},"type":"cond-expr","locations":[{"start":{"line":221,"column":27},"end":{"line":221,"column":43}},{"start":{"line":221,"column":46},"end":{"line":221,"column":55}}]},"23":{"loc":{"start":{"line":222,"column":17},"end":{"line":222,"column":82}},"type":"cond-expr","locations":[{"start":{"line":222,"column":27},"end":{"line":222,"column":70}},{"start":{"line":222,"column":73},"end":{"line":222,"column":82}}]},"24":{"loc":{"start":{"line":224,"column":17},"end":{"line":224,"column":46}},"type":"binary-expr","locations":[{"start":{"line":224,"column":17},"end":{"line":224,"column":33}},{"start":{"line":224,"column":37},"end":{"line":224,"column":46}}]},"25":{"loc":{"start":{"line":225,"column":15},"end":{"line":225,"column":42}},"type":"binary-expr","locations":[{"start":{"line":225,"column":15},"end":{"line":225,"column":29}},{"start":{"line":225,"column":33},"end":{"line":225,"column":42}}]}},"s":{"0":0,"1":0,"2":0,"3":0,"4":0,"5":0,"6":0,"7":0,"8":0,"9":0,"10":0,"11":0,"12":0,"13":0,"14":0,"15":0,"16":0,"17":0,"18":0,"19":0,"20":0,"21":0,"22":0,"23":0,"24":0,"25":0,"26":0,"27":0,"28":0,"29":0,"30":0,"31":0,"32":0,"33":0,"34":0,"35":0,"36":0,"37":0,"38":0,"39":0,"40":0,"41":0,"42":0,"43":0,"44":0,"45":0,"46":0,"47":0,"48":0,"49":0,"50":0,"51":0,"52":0,"53":0,"54":0,"55":0,"56":0,"57":0,"58":0,"59":0,"60":0,"61":0,"62":0,"63":0,"64":0,"65":0,"66":0,"67":0,"68":0,"69":0,"70":0,"71":0,"72":0,"73":0,"74":0,"75":0,"76":0},"f":{"0":0,"1":0,"2":0,"3":0,"4":0,"5":0,"6":0,"7":0,"8":0,"9":0,"10":0},"b":{"0":[0,0],"1":[0,0],"2":[0,0],"3":[0,0],"4":[0,0],"5":[0,0],"6":[0,0],"7":[0,0],"8":[0,0],"9":[0,0],"10":[0,0],"11":[0,0],"12":[0,0],"13":[0,0],"14":[0,0],"15":[0,0],"16":[0,0],"17":[0,0],"18":[0,0],"19":[0,0],"20":[0,0],"21":[0,0],"22":[0,0],"23":[0,0],"24":[0,0],"25":[0,0]}}
[...]
60}},"13":{"start":{"line":71,"column":4},"end":{"line":74,"column":6}},"14":{"start":{"line":84,"column":4},"end":{"line":84,"column":65}},"15":{"start":{"line":94,"column":4},"end":{"line":94,"column":61}},"16":{"start":{"line":25,"column":13},"end":{"line":25,"column":29}},"17":{"start":{"line":30,"column":8},"end":{"line":32,"column":null}},"18":{"start":{"line":36,"column":8},"end":{"line":41,"column":null}},"19":{"start":{"line":46,"column":8},"end":{"line":51,"column":null}},"20":{"start":{"line":55,"column":8},"end":{"line":61,"column":null}},"21":{"start":{"line":66,"column":8},"end":{"line":75,"column":null}},"22":{"start":{"line":80,"column":8},"end":{"line":85,"column":null}},"23":{"start":{"line":90,"column":8},"end":{"line":95,"column":null}},"24":{"start":{"line":25,"column":13},"end":{"line":96,"column":null}}},"fnMap":{"0":{"name":"(anonymous_4)","decl":{"start":{"line":26,"column":2},"end":{"line":26,"column":31}},"loc":{"start":{"line":26,"column":59},"end":{"line":26,"column":63}}},"1":{"name":"(anonymous_5)","decl":{"start":{"line":30,"column":8},"end":{"line":30,"column":18}},"loc":{"start":{"line":30,"column":49},"end":{"line":32,"column":3}}},"2":{"name":"(anonymous_6)","decl":{"start":{"line":36,"column":8},"end":{"line":36,"column":17}},"loc":{"start":{"line":38,"column":41},"end":{"line":41,"column":3}}},"3":{"name":"(anonymous_7)","decl":{"start":{"line":46,"column":8},"end":{"line":46,"column":20}},"loc":{"start":{"line":48,"column":40},"end":{"line":51,"column":3}}},"4":{"name":"(anonymous_8)","decl":{"start":{"line":55,"column":8},"end":{"line":55,"column":20}},"loc":{"start":{"line":58,"column":40},"end":{"line":61,"column":3}}},"5":{"name":"(anonymous_9)","decl":{"start":{"line":66,"column":8},"end":{"line":66,"column":19}},"loc":{"start":{"line":68,"column":40},"end":{"line":75,"column":3}}},"6":{"name":"(anonymous_10)","decl":{"start":{"line":80,"column":8},"end":{"line":80,"column":17}},"loc":{"start":{"line":82,"column":40},"end":{"line":85,"column":3}}},"7":{"name":"(anonymous_11)","decl":{"start":{"line":90,"column":8},"end":{"line":90,"column":20}},"loc":{"start":{"line":92,"column":40},"end":{"line":95,"column":3}}}},"branchMap":{},"s":{"0":0,"1":0,"2":0,"3":0,"4":0,"5":0,"6":0,"7":0,"8":0,"9":0,"10":0,"11":0,"12":0,"13":0,"14":0,"15":0,"16":0,"17":0,"18":0,"19":0,"20":0,"21":0,"22":0,"23":0,"24":0},"f":{"0":0,"1":0,"2":0,"3":0,"4":0,"5":0,"6":0,"7":0},"b":{}}
,"/Users/lhs/Desktop/dev/my-cctv-server/v2/backend/src/presentation/decorators/current-user.decorator.ts": {"path":"/Users/lhs/Desktop/dev/my-cctv-server/v2/backend/src/presentation/decorators/current-user.decorator.ts","statementMap":{"0":{"start":{"line":1,"column":0},"end":{"line":1,"column":72}},"1":{"start":{"line":9,"column":13},"end":{"line":14,"column":2}},"2":{"start":{"line":11,"column":20},"end":{"line":11,"column":51}},"3":{"start":{"line":12,"column":4},"end":{"line":12,"column":24}}},"fnMap":{"0":{"name":"(anonymous_0)","decl":{"start":{"line":10,"column":2},"end":{"line":10,"column":3}},"loc":{"start":{"line":10,"column":60},"end":{"line":13,"column":3}}}},"branchMap":{},"s":{"0":0,"1":0,"2":0,"3":0},"f":{"0":0},"b":{}}
,"/Users/lhs/Desktop/dev/my-cctv-server/v2/backend/src/presentation/decorators/public.decorator.ts": {"path":"/Users/lhs/Desktop/dev/my-cctv-server/v2/backend/src/presentation/decorators/public.decorator.ts","statementMap":{"0":{"start":{"line":1,"column":0},"end":{"line":1,"column":45}},"1":{"start":{"line":3,"column":13},"end":{"line":3,"column":40}},"2":{"start":{"line":4,"column":22},"end":{"line":4,"column":60}},"3":{"start":{"line":4,"column":28},"end":{"line":4,"column":60}},"4":{"start":{"line":4,"column":13},"end":{"line":4,"column":22}}},"fnMap":{"0":{"name":"(anonymous_0)","decl":{"start":{"line":4,"column":22},"end":{"line":4,"column":25}},"loc":{"start":{"line":4,"column":28},"end":{"line":4,"column":60}}}},"branchMap":{},"s":{"0":0,"1":0,"2":0,"3":0,"4":0},"f":{"0":0},"b":{}}
,"/Users/lhs/Desktop/dev/my-cctv-server/v2/backend/src/presentation/gateways/comment.gateway.ts": {"path":"/Users/lhs/Desktop/dev/my-cctv-server/v2/backend/src/presentation/gateways/comment.gateway.ts","statementMap":{"0":{"start":{"line":1,"column":0},"end":{"line":1,"column":null}},"1":{"start":{"line":11,"column":0},"end":{"line":11,"column":43}},"2":{"start":{"line":13,"column":0},"end":{"line":13,"column":41}},"3":{"start":{"line":14,"column":0},"end":{"line":14,"column":76}},"4":{"start":{"line":15,"column":0},"end":{"line":15,"column":74}},"5":{"start":{"line":16,"column":0},"end":{"line":16,"column":72}},"6":{"start":{"line":17,"column":0},"end":{"line":17,"column":80}},"7":{"start":{"line":18,"column":0},"end":{"line":18,"column":67}},"8":{"start":{"line":33,"column":7},"end":{"line":274,"column":null}},"9":{"start":{"line":38,"column":21},"end":{"line":38,"column":37}},"10":{"start":{"line":39,"column":21},"end":{"line":39,"column":36}},"11":{"start":{"line":40,"column":21},"end":{"line":40,"column":35}},"12":{"start":{"line":41,"column":21},"end":{"line":41,"column":39}},"13":{"start":{"line":42,"column":21},"end":{"line":42,"column":33}},"14":{"start":{"line":46,"column":4},"end":{"line":70,"column":5}},"15":{"start":{"line":48,"column":20},"end":{"line":48,"column":106}},"16":{"start":{"line":50,"column":6},"end":{"line":64,"column":7}},"17":{"start":{"line":51,"column":8},"end":{"line":59,"column":9}},"18":{"start":{"line":52,"column":26},"end":{"line":52,"column":55}},"19":{"start":{"line":53,"column":10},"end":{"line":53,"column":38}},"20":{"start":{"line":54,"column":10},"end":{"line":54,"column":45}},"21":{"start":{"line":57,"column":10},"end":{"line":57,"column":36}},"22":{"start":{"line":58,"column":10},"end":{"line":58,"column":65}},"23":{"start":{"line":62,"column":8},"end":{"line":62,"column":34}},"24":{"start":{"line":63,"column":8},"end":{"line":63,"column":63}},"25":{"start":{"line":66,"column":6},"end":{"line":66,"column":73}},"26":{"start":{"line":68,"column":6},"end":{"line":68,"column":48}},"27":{"start":{"line":69,"column":6},"end":{"line":69,"column":26}},"28":{"start":{"line":74,"column":4},"end":{"line":74,"column":53}},"29":{"start":{"line":77,"column":4},"end":{"line":79,"column":5}},"30":{"start":{"line":78,"column":6},"end":{"line":78,"column":75}},"31":{"start":{"line":87,"column":4},"end":{"line":146,"column":5}},"32":{"start":{"line":88,"column":27},"end":{"line":88,"column":31}},"33":{"start":{"line":91,"column":6},"end":{"line":93,"column":7}},"34":{"start":{"line":92,"column":8},"end":{"line":92,"column":77}},"35":{"start":{"line":96,"column":6},"end":{"line":96,"column":34}},"36":{"start":{"line":97,"column":6},"end":{"line":97,"column":36}},"37":{"start":{"line":100,"column":23},"end":{"line":100,"column":49}},"38":{"start":{"line":101,"column":6},"end":{"line":101,"column":60}},"39":{"start":{"line":104,"column":6},"end":{"line":110,"column":9}},"40":{"start":{"line":113,"column":26},"end":{"line":113,"column":74}},"41":{"start":{"line":116,"column":6},"end":{"line":116,"column":72}},"42":{"start":{"line":119,"column":6},"end":{"line":126,"column":9}},"43":{"start":{"line":129,"column":6},"end":{"line":132,"column":9}},"44":{"start":{"line":135,"column":29},"end":{"line":135,"column":82}},"45":{"start":{"line":136,"column":6},"end":{"line":138,"column":7}},"46":{"start":{"line":137,"column":8},"end":{"line":137,"column":44}},"47":{"start":{"line":141,"column":6},"end":{"line":141,"column":47}},"48":{"start":{"line":142,"column":6},"end":{"line":145,"column":9}},"49":{"start":{"line":154,"column":4},"end":{"line":191,"column":5}},"50":{"start":{"line":155,"column":27},"end":{"line":155,"column":31}},"51":{"start":{"line":158,"column":6},"end":{"line":158,"column":35}},"52":{"start":{"line":161,"column":23},"end":{"line":161,"column":49}},"53":{"start":{"line":162,"column":6},"end":{"line":162,"column":63}},"54":{"start":{"line":165,"column":6},"end":{"line":171,"column":9}},"55":{"start":{"line":174,"column":26},"end":{"line":174,"column":74}},"56":{"start":{"line":177,"column":6},"end":{"line":177,"column":72}},"57":{"start":{"line":180,"column":6},"end":{"line":183,"column":9}},"58":{"start":{"line":185,"column":6},"end":{"line":185,"column":37}},"59":{"start":{"line":187,"column":6},"end":{"line":187,"column":45}},"60":{"start":{"line":190,"column":6},"end":{"line":190,"column":48}},"61":{"start":{"line":199,"column":4},"end":{"line":258,"column":5}},"62":{"start":{"line":201,"column":22},"end":{"line":204,"column":null}},"63":{"start":{"line":208,"column":6},"end":{"line":218,"column":9}},"64":{"start":{"line":221,"column":6},"end":{"line":221,"column":65}},"65":{"start":{"line":224,"column":6},"end":{"line":227,"column":9}},"66":{"start":{"line":230,"column":6},"end":{"line":230,"column":50}},"67":{"start":{"line":232,"column":25},"end":{"line":232,"column":49}},"68":{"start":{"line":233,"column":22},"end":{"line":233,"column":38}},"69":{"start":{"line":234,"column":23},"end":{"line":234,"column":32}},"70":{"start":{"line":236,"column":6},"end":{"line":246,"column":7}},"71":{"start":{"line":237,"column":8},"end":{"line":237,"column":33}},"72":{"start":{"line":238,"column":8},"end":{"line":238,"column":37}},"73":{"start":{"line":239,"column":8},"end":{"line":239,"column":26}},"74":{"start":{"line":240,"column":13},"end":{"line":246,"column":7}},"75":{"start":{"line":241,"column":8},"end":{"line":241,"column":37}},"76":{"start":{"line":242,"column":8},"end":{"line":242,"column":44}},"77":{"start":{"line":243,"column":13},"end":{"line":246,"column":7}},"78":{"start":{"line":244,"column":8},"end":{"line":244,"column":32}},"79":{"start":{"line":245,"column":8},"end":{"line":245,"column":50}},"80":{"start":{"line":248,"column":6},"end":{"line":251,"column":9}},"81":{"start":{"line":253,"column":6},"end":{"line":257,"column":9}},"82":{"start":{"line":263,"column":4},"end":{"line":266,"column":7}},"83":{"start":{"line":271,"column":17},"end":{"line":271,"column":64}},"84":{"start":{"line":272,"column":4},"end":{"line":272,"column":32}},"85":{"start":{"line":33,"column":13},"end":{"line":33,"column":27}},"86":{"start":{"line":35,"column":2},"end":{"line":35,"column":null}},"87":{"start":{"line":83,"column":8},"end":{"line":147,"column":null}},"88":{"start":{"line":150,"column":8},"end":{"line":192,"column":null}},"89":{"start":{"line":195,"column":8},"end":{"line":259,"column":null}},"90":{"start":{"line":33,"column":13},"end":{"line":274,"column":null}}},"fnMap":{"0":{"name":"(anonymous_4)","decl":{"start":{"line":37,"column":2},"end":{"line":37,"column":null}},"loc":{"start":{"line":42,"column":43},"end":{"line":43,"column":6}}},"1":{"name":"(anonymous_5)","decl":{"start":{"line":45,"column":2},"end":{"line":45,"column":7}},"loc":{"start":{"line":45,"column":52},"end":{"line":71,"column":3}}},"2":{"name":"(anonymous_6)","decl":{"start":{"line":73,"column":2},"end":{"line":73,"column":7}},"loc":{"start":{"line":73,"column":52},"end":{"line":80,"column":3}}},"3":{"name":"(anonymous_7)","decl":{"start":{"line":83,"column":8},"end":{"line":83,"column":22}},"loc":{"start":{"line":85,"column":45},"end":{"line":147,"column":3}}},"4":{"name":"(anonymous_8)","decl":{"start":{"line":150,"column":8},"end":{"line":150,"column":23}},"loc":{"start":{"line":152,"column":45},"end":{"line":192,"column":3}}},"5":{"name":"(anonymous_9)","decl":{"start":{"line":195,"column":8},"end":{"line":195,"column":25}},"loc":{"start":{"line":197,"column":39},"end":{"line":259,"column":3}}},"6":{"name":"(anonymous_10)","decl":{"start":{"line":262,"column":2},"end":{"line":262,"column":7}},"loc":{"start":{"line":262,"column":84},"end":{"line":267,"column":3}}},"7":{"name":"(anonymous_11)","decl":{"start":{"line":270,"column":2},"end":{"line":270,"column":7}},"loc":{"start":{"line":270,"column":43},"end":{"line":273,"column":3}}}},"branchMap":{"0":{"loc":{"start":{"line":48,"column":20},"end":{"line":48,"column":106}},"type":"binary-expr","locations":[{"start":{"line":48,"column":20},"end":{"line":48,"column":48}},{"start":{"line":48,"column":52},"end":{"line":48,"column":106}}]},"1":{"loc":{"start":{"line":50,"column":6},"end":{"line":64,"column":7}},"type":"if","locations":[{"start":{"line":50,"column":6},"end":{"line":64,"column":7}},{"start":{"line":60,"column":13},"end":{"line":64,"column":7}}]},"2":{"loc":{"start":{"line":77,"column":4},"end":{"line":79,"column":5}},"type":"if","locations":[{"start":{"line":77,"column":4},"end":{"line":79,"column":5}},{"start":{},"end":{}}]},"3":{"loc":{"start":{"line":91,"column":6},"end":{"line":93,"column":7}},"type":"if","locations":[{"start":{"line":91,"column":6},"end":{"line":93,"column":7}},{"start":{},"end":{}}]},"4":{"loc":{"start":{"line":100,"column":23},"end":{"line":100,"column":49}},"type":"binary-expr","locations":[{"start":{"line":100,"column":23},"end":{"line":100,"column":36}},{"start":{"line":100,"column":40},"end":{"line":100,"column":49}}]},"5":{"loc":{"start":{"line":105,"column":16},"end":{"line":105,"column":37}},"type":"binary-expr","locations":[{"start":{"line":105,"column":16},"end":{"line":105,"column":29}},{"start":{"line":105,"column":33},"end":{"line":105,"column":37}}]},"6":{"loc":{"start":{"line":161,"column":23},"end":{"line":161,"column":49}},"type":"binary-expr","locations":[{"start":{"line":161,"column":23},"end":{"line":161,"column":36}},{"start":{"line":161,"column":40},"end":{"line":161,"column":49}}]},"7":{"loc":{"start":{"line":166,"column":16},"end":{"line":166,"column":37}},"type":"binary-expr","locations":[{"start":{"line":166,"column":16},"end":{"line":166,"column":29}},{"start":{"line":166,"column":33},"end":{"line":166,"column":37}}]},"8":{"loc":{"start":{"line":202,"column":8},"end":{"line":202,"column":29}},"type":"binary-expr","locations":[{"start":{"line":202,"column":8},"end":{"line":202,"column":21}},{"start":{"line":202,"column":25},"end":{"line":202,"column":29}}]},"9":{"loc":{"start":{"line":203,"column":8},"end":{"line":203,"column":38}},"type":"binary-expr","locations":[{"start":{"line":203,"column":8},"end":{"line":203,"column":23}},{"start":{"line":203,"column":27},"end":{"line":203,"column":38}}]},"10":{"loc":{"start":{"line":209,"column":16},"end":{"line":209,"column":37}},"type":"binary-expr","locations":[{"start":{"line":209,"column":16},"end":{"line":209,"column":29}},{"start":{"line":209,"column":33},"end":{"line":209,"column":37}}]},"11":{"loc":{"start":{"line":236,"column":6},"end":{"line":246,"column":7}},"type":"if","locations":[{"start":{"line":236,"column":6},"end":{"line":246,"column":7}},{"start":{"line":240,"column":13},"end":{"line":246,"column":7}}]},"12":{"loc":{"start":{"line":240,"column":13},"end":{"line":246,"column":7}},"type":"if","locations":[{"start":{"line":240,"column":13},"end":{"line":246,"column":7}},{"start":{"line":243,"column":13},"end":{"line":246,"column":7}}]},"13":{"loc":{"start":{"line":243,"column":13},"end":{"line":246,"column":7}},"type":"if","locations":[{"start":{"line":243,"column":13},"end":{"line":246,"column":7}},{"start":{},"end":{}}]},"14":{"loc":{"start":{"line":272,"column":11},"end":{"line":272,"column":31}},"type":"cond-expr","locations":[{"start":{"line":272,"column":18},"end":{"line":272,"column":27}},{"start":{"line":272,"column":30},"end":{"line":272,"column":31}}]},"15":{"loc":{"start":{"line":28,"column":12},"end":{"line":28,"column":62}},"type":"binary-expr","locations":[{"start":{"line":28,"column":12},"end":{"line":28,"column":35}},{"start":{"line":28,"column":39},"end":{"line":28,"column":62}}]}},"s":{"0":0,"1":0,"2":0,"3":0,"4":0,"5":0,"6":0,"7":0,"8":0,"9":0,"10":0,"11":0,"12":0,"13":0,"14":0,"15":0,"16":0,"17":0,"18":0,"19":0,"20":0,"21":0,"22":0,"23":0,"24":0,"25":0,"26":0,"27":0,"28":0,"29":0,"30":0,"31":0,"32":0,"33":0,"34":0,"35":0,"36":0,"37":0,"38":0,"39":0,"40":0,"41":0,"42":0,"43":0,"44":0,"45":0,"46":0,"47":0,"48":0,"49":0,"50":0,"51":0,"52":0,"53":0,"54":0,"55":0,"56":0,"57":0,"58":0,"59":0,"60":0,"61":0,"62":0,"63":0,"64":0,"65":0,"66":0,"67":0,"68":0,"69":0,"70":0,"71":0,"72":0,"73":0,"74":0,"75":0,"76":0,"77":0,"78":0,"79":0,"80":0,"81":0,"82":0,"83":0,"84":0,"85":0,"86":0,"87":0,"88":0,"89":0,"90":0},"f":{"0":0,"1":0,"2":0,"3":0,"4":0,"5":0,"6":0,"7":0},"b":{"0":[0,0],"1":[0,0],"2":[0,0],"3":[0,0],"4":[0,0],"5":[0,0],"6":[0,0],"7":[0,0],"8":[0,0],"9":[0,0],"10":[0,0],"11":[0,0],"12":[0,0],"13":[0,0],"14":[0,0],"15":[0,0]}}
,"/Users/lhs/Desktop/dev/my-cctv-server/v2/backend/src/presentation/guards/jwt-auth.guard.ts": {"path":"/Users/lhs/Desktop/dev/my-cctv-server/v2/backend/src/presentation/guards/jwt-auth.guard.ts","statementMap":{"0":{"start":{"line":1,"column":0},"end":{"line":1,"column":62}},"1":{"start":{"line":2,"column":0},"end":{"line":2,"column":45}},"2":{"start":{"line":3,"column":0},"end":{"line":3,"column":41}},"3":{"start":{"line":4,"column":0},"end":{"line":4,"column":63}},"4":{"start":{"line":7,"column":7},"end":{"line":24,"column":null}},"5":{"start":{"line":9,"column":4},"end":{"line":9,"column":12}},"6":{"start":{"line":8,"column":22},"end":{"line":8,"column":33}},"7":{"start":{"line":13,"column":21},"end":{"line":16,"column":6}},"8":{"start":{"line":18,"column":4},"end":{"line":20,"column":5}},"9":{"start":{"line":19,"column":6},"end":{"line":19,"column":18}},"10":{"start":{"line":22,"column":4},"end":{"line":22,"column":38}},"11":{"start":{"line":7,"column":13},"end":{"line":7,"column":25}},"12":{"start":{"line":7,"column":13},"end":{"line":24,"column":null}}},"fnMap":{"0":{"name":"(anonymous_2)","decl":{"start":{"line":8,"column":2},"end":{"line":8,"column":22}},"loc":{"start":{"line":8,"column":42},"end":{"line":10,"column":3}}},"1":{"name":"(anonymous_3)","decl":{"start":{"line":12,"column":2},"end":{"line":12,"column":13}},"loc":{"start":{"line":12,"column":39},"end":{"line":23,"column":3}}}},"branchMap":{"0":{"loc":{"start":{"line":18,"column":4},"end":{"line":20,"column":5}},"type":"if","locations":[{"start":{"line":18,"column":4},"end":{"line":20,"column":5}},{"start":{},"end":{}}]}},"s":{"0":0,"1":0,"2":0,"3":0,"4":0,"5":0,"6":0,"7":0,"8":0,"9":0,"10":0,"11":0,"12":0},"f":{"0":0,"1":0},"b":{"0":[0,0]}}
,"/Users/lhs/Desktop/dev/my-cctv-server/v2/backend/src/presentation/guards/jwt.strategy.ts": {"path":"/Users/lhs/Desktop/dev/my-cctv-server/v2/backend/src/presentation/guards/jwt.strategy.ts","statementMap":{"0":{"start":{"line":1,"column":0},"end":{"line":1,"column":67}},"1":{"start":{"line":2,"column":0},"end":{"line":2,"column":52}},"2":{"start":{"line":3,"column":0},"end":{"line":3,"column":52}},"3":{"start":{"line":4,"column":0},"end":{"line":4,"column":47}},"4":{"start":{"line":5,"column":0},"end":{"line":5,"column":70}},"5":{"start":{"line":9,"column":7},"end":{"line":32,"column":null}},"6":{"start":{"line":14,"column":4},"end":{"line":18,"column":7}},"7":{"start":{"line":11,"column":21},"end":{"line":11,"column":34}},"8":{"start":{"line":22,"column":17},"end":{"line":22,"column":65}},"9":{"start":{"line":23,"column":4},"end":{"line":25,"column":5}},"10":{"start":{"line":24,"column":6},"end":{"line":24,"column":40}},"11":{"start":{"line":26,"column":4},"end":{"line":30,"column":6}},"12":{"start":{"line":9,"column":13},"end":{"line":9,"column":24}},"13":{"start":{"line":9,"column":13},"end":{"line":32,"column":null}}},"fnMap":{"0":{"name":"(anonymous_2)","decl":{"start":{"line":10,"column":2},"end":{"line":10,"column":null}},"loc":{"start":{"line":12,"column":32},"end":{"line":19,"column":3}}},"1":{"name":"(anonymous_3)","decl":{"start":{"line":21,"column":2},"end":{"line":21,"column":7}},"loc":{"start":{"line":21,"column":38},"end":{"line":31,"column":3}}}},"branchMap":{"0":{"loc":{"start":{"line":23,"column":4},"end":{"line":25,"column":5}},"type":"if","locations":[{"start":{"line":23,"column":4},"end":{"line":25,"column":5}},{"start":{},"end":{}}]}},"s":{"0":0,"1":0,"2":0,"3":0,"4":0,"5":0,"6":0,"7":0,"8":0,"9":0,"10":0,"11":0,"12":0,"13":0},"f":{"0":0,"1":0},"b":{"0":[0,0]}}
}
