TN:
SF:src/app.controller.ts
FN:7,(anonymous_2)
FN:11,(anonymous_3)
FNF:2
FNH:0
FNDA:0,(anonymous_2)
FNDA:0,(anonymous_3)
DA:1,0
DA:2,0
DA:3,0
DA:6,0
DA:7,0
DA:11,0
DA:12,0
LF:7
LH:0
BRF:0
BRH:0
end_of_record
TN:
SF:src/app.service.ts
FN:5,(anonymous_1)
FNF:1
FNH:0
FNDA:0,(anonymous_1)
DA:1,0
DA:4,0
DA:6,0
LF:3
LH:0
BRF:0
BRH:0
end_of_record
TN:
SF:src/application/dto/auth.dto.ts
FNF:0
FNH:0
DA:1,0
DA:2,0
DA:4,0
DA:17,0
DA:24,0
DA:35,0
DA:38,0
DA:44,0
DA:51,0
DA:54,0
DA:56,0
DA:59,0
DA:70,0
LF:13
LH:0
BRF:0
BRH:0
end_of_record
TN:
SF:src/application/dto/comment.dto.ts
FN:17,(anonymous_2)
FNF:1
FNH:0
FNDA:0,(anonymous_2)
DA:1,0
DA:3,0
DA:5,0
DA:9,0
DA:14,0
DA:17,0
DA:21,0
DA:26,0
DA:30,0
DA:33,0
LF:10
LH:0
BRF:0
BRH:0
end_of_record
TN:
SF:src/application/dto/stream.dto.ts
FN:13,(anonymous_2)
FN:80,(anonymous_3)
FNF:2
FNH:0
FNDA:0,(anonymous_2)
FNDA:0,(anonymous_3)
DA:1,0
DA:13,0
DA:14,0
DA:15,0
DA:16,0
DA:19,0
DA:22,0
DA:28,0
DA:34,0
DA:38,0
DA:41,0
DA:45,0
DA:50,0
DA:54,0
DA:57,0
DA:60,0
DA:65,0
DA:70,0
DA:74,0
DA:77,0
DA:80,0
DA:83,0
DA:88,0
DA:94,0
DA:98,0
DA:101,0
LF:26
LH:0
BRDA:13,0,0,0
BRDA:13,0,1,0
BRF:2
BRH:0
end_of_record
TN:
SF:src/application/services/analytics.service.ts
FN:62,(anonymous_4)
FN:77,(anonymous_5)
FN:110,(anonymous_6)
FN:133,(anonymous_7)
FN:169,(anonymous_8)
FN:178,(anonymous_9)
FN:186,(anonymous_10)
FN:195,(anonymous_11)
FN:217,(anonymous_12)
FN:235,(anonymous_13)
FN:269,(anonymous_14)
FN:281,(anonymous_15)
FN:283,(anonymous_16)
FN:299,(anonymous_17)
FN:317,(anonymous_18)
FN:318,(anonymous_19)
FN:319,(anonymous_20)
FN:323,(anonymous_21)
FN:324,(anonymous_22)
FN:327,(anonymous_23)
FN:337,(anonymous_24)
FN:338,(anonymous_25)
FN:363,(anonymous_26)
FN:401,(anonymous_27)
FN:408,(anonymous_28)
FN:418,(anonymous_29)
FN:428,(anonymous_30)
FN:441,(anonymous_31)
FNF:28
FNH:0
FNDA:0,(anonymous_4)
FNDA:0,(anonymous_5)
FNDA:0,(anonymous_6)
FNDA:0,(anonymous_7)
FNDA:0,(anonymous_8)
FNDA:0,(anonymous_9)
FNDA:0,(anonymous_10)
FNDA:0,(anonymous_11)
FNDA:0,(anonymous_12)
FNDA:0,(anonymous_13)
FNDA:0,(anonymous_14)
FNDA:0,(anonymous_15)
FNDA:0,(anonymous_16)
FNDA:0,(anonymous_17)
FNDA:0,(anonymous_18)
FNDA:0,(anonymous_19)
FNDA:0,(anonymous_20)
FNDA:0,(anonymous_21)
FNDA:0,(anonymous_22)
FNDA:0,(anonymous_23)
FNDA:0,(anonymous_24)
FNDA:0,(anonymous_25)
FNDA:0,(anonymous_26)
FNDA:0,(anonymous_27)
FNDA:0,(anonymous_28)
FNDA:0,(anonymous_29)
FNDA:0,(anonymous_30)
FNDA:0,(anonymous_31)
DA:1,0
DA:2,0
DA:3,0
DA:4,0
DA:5,0
DA:6,0
DA:57,0
DA:64,0
DA:66,0
DA:67,0
DA:69,0
DA:70,0
DA:71,0
DA:79,0
DA:80,0
DA:81,0
DA:84,0
DA:86,0
DA:87,0
DA:89,0
DA:90,0
DA:92,0
DA:93,0
DA:97,0
DA:101,0
DA:111,0
DA:112,0
DA:115,0
DA:116,0
DA:118,0
DA:121,0
DA:124,0
DA:125,0
DA:126,0
DA:127,0
DA:134,0
DA:135,0
DA:138,0
DA:139,0
DA:140,0
DA:141,0
DA:144,0
DA:154,0
DA:158,0
DA:161,0
DA:162,0
DA:163,0
DA:170,0
DA:173,0
DA:174,0
DA:177,0
DA:178,0
DA:179,0
DA:180,0
DA:182,0
DA:186,0
DA:187,0
DA:189,0
DA:196,0
DA:197,0
DA:199,0
DA:211,0
DA:222,0
DA:225,0
DA:226,0
DA:227,0
DA:229,0
DA:237,0
DA:243,0
DA:244,0
DA:245,0
DA:246,0
DA:248,0
DA:249,0
DA:250,0
DA:251,0
DA:254,0
DA:255,0
DA:258,0
DA:259,0
DA:263,0
DA:268,0
DA:269,0
DA:272,0
DA:280,0
DA:281,0
DA:283,0
DA:285,0
DA:303,0
DA:304,0
DA:305,0
DA:308,0
DA:315,0
DA:316,0
DA:317,0
DA:318,0
DA:319,0
DA:322,0
DA:323,0
DA:324,0
DA:326,0
DA:327,0
DA:331,0
DA:332,0
DA:333,0
DA:337,0
DA:338,0
DA:339,0
DA:340,0
DA:343,0
DA:350,0
DA:364,0
DA:368,0
DA:369,0
DA:370,0
DA:372,0
DA:373,0
DA:374,0
DA:375,0
DA:377,0
DA:382,0
DA:383,0
DA:401,0
DA:403,0
DA:408,0
DA:422,0
DA:423,0
DA:425,0
DA:428,0
DA:435,0
DA:436,0
DA:439,0
DA:442,0
DA:446,0
LF:134
LH:0
BRDA:79,0,0,0
BRDA:79,0,1,0
BRDA:84,1,0,0
BRDA:84,1,1,0
BRDA:84,1,2,0
BRDA:112,2,0,0
BRDA:112,2,1,0
BRDA:115,3,0,0
BRDA:115,3,1,0
BRDA:135,4,0,0
BRDA:135,4,1,0
BRDA:139,5,0,0
BRDA:139,5,1,0
BRDA:139,6,0,0
BRDA:139,6,1,0
BRDA:179,7,0,0
BRDA:179,7,1,0
BRDA:196,8,0,0
BRDA:196,8,1,0
BRDA:222,9,0,0
BRDA:222,9,1,0
BRDA:222,10,0,0
BRDA:222,10,1,0
BRDA:250,11,0,0
BRDA:250,11,1,0
BRDA:251,12,0,0
BRDA:251,12,1,0
BRDA:254,13,0,0
BRDA:254,13,1,0
BRDA:268,14,0,0
BRDA:268,14,1,0
BRDA:304,15,0,0
BRDA:304,15,1,0
BRDA:305,16,0,0
BRDA:305,16,1,0
BRDA:317,17,0,0
BRDA:317,17,1,0
BRDA:323,18,0,0
BRDA:323,18,1,0
BRDA:326,19,0,0
BRDA:326,19,1,0
BRDA:373,20,0,0
BRDA:373,20,1,0
BRDA:382,21,0,0
BRDA:382,21,1,0
BRDA:382,22,0,0
BRDA:382,22,1,0
BRDA:393,23,0,0
BRDA:393,23,1,0
BRDA:407,24,0,0
BRDA:407,24,1,0
BRDA:420,25,0,0
BRDA:423,26,0,0
BRDA:423,26,1,0
BRDA:435,27,0,0
BRDA:435,27,1,0
BRDA:442,28,0,0
BRDA:442,28,1,0
BRDA:442,29,0,0
BRDA:442,29,1,0
BRF:60
BRH:0
end_of_record
TN:
SF:src/application/services/auth.service.ts
FN:11,(anonymous_4)
FN:18,(anonymous_5)
FN:54,(anonymous_6)
FN:82,(anonymous_7)
FN:86,(anonymous_8)
FN:94,(anonymous_9)
FN:106,(anonymous_10)
FNF:7
FNH:6
FNDA:10,(anonymous_4)
FNDA:3,(anonymous_5)
FNDA:3,(anonymous_6)
FNDA:2,(anonymous_7)
FNDA:0,(anonymous_8)
FNDA:2,(anonymous_9)
FNDA:2,(anonymous_10)
DA:1,1
DA:2,1
DA:3,1
DA:4,1
DA:5,1
DA:10,1
DA:13,10
DA:14,10
DA:15,10
DA:20,3
DA:21,3
DA:22,1
DA:26,2
DA:27,2
DA:28,1
DA:32,1
DA:33,1
DA:36,1
DA:37,1
DA:40,1
DA:42,1
DA:56,3
DA:57,3
DA:58,1
DA:62,2
DA:63,2
DA:64,1
DA:68,1
DA:70,1
DA:83,2
DA:87,0
DA:88,0
DA:89,0
DA:91,0
DA:95,2
DA:101,2
DA:107,2
DA:108,2
DA:110,1
LF:39
LH:35
BRDA:21,0,0,1
BRDA:21,0,1,2
BRDA:27,1,0,1
BRDA:27,1,1,1
BRDA:48,2,0,1
BRDA:48,2,1,1
BRDA:57,3,0,1
BRDA:57,3,1,2
BRDA:63,4,0,1
BRDA:63,4,1,1
BRDA:76,5,0,1
BRDA:76,5,1,1
BRDA:88,6,0,0
BRDA:88,6,1,0
BRF:14
BRH:12
end_of_record
TN:
SF:src/application/services/comment.service.ts
FN:22,(anonymous_4)
FN:34,(anonymous_5)
FN:120,(anonymous_6)
FN:140,(anonymous_7)
FN:145,(anonymous_8)
FN:151,(anonymous_9)
FN:170,(anonymous_10)
FNF:7
FNH:0
FNDA:0,(anonymous_4)
FNDA:0,(anonymous_5)
FNDA:0,(anonymous_6)
FNDA:0,(anonymous_7)
FNDA:0,(anonymous_8)
FNDA:0,(anonymous_9)
FNDA:0,(anonymous_10)
DA:1,0
DA:8,0
DA:11,0
DA:12,0
DA:13,0
DA:14,0
DA:18,0
DA:24,0
DA:26,0
DA:27,0
DA:28,0
DA:30,0
DA:31,0
DA:40,0
DA:41,0
DA:42,0
DA:45,0
DA:46,0
DA:50,0
DA:51,0
DA:55,0
DA:56,0
DA:62,0
DA:63,0
DA:68,0
DA:74,0
DA:75,0
DA:81,0
DA:82,0
DA:83,0
DA:87,0
DA:88,0
DA:92,0
DA:95,0
DA:105,0
DA:106,0
DA:112,0
DA:115,0
DA:117,0
DA:126,0
DA:127,0
DA:128,0
DA:132,0
DA:137,0
DA:139,0
DA:140,0
DA:147,0
DA:148,0
DA:152,0
DA:153,0
DA:154,0
DA:158,0
DA:159,0
DA:160,0
DA:163,0
DA:164,0
DA:167,0
DA:171,0
LF:58
LH:0
BRDA:41,0,0,0
BRDA:41,0,1,0
BRDA:45,1,0,0
BRDA:45,1,1,0
BRDA:50,2,0,0
BRDA:50,2,1,0
BRDA:55,3,0,0
BRDA:55,3,1,0
BRDA:62,4,0,0
BRDA:62,4,1,0
BRDA:74,5,0,0
BRDA:74,5,1,0
BRDA:76,6,0,0
BRDA:76,6,1,0
BRDA:82,7,0,0
BRDA:82,7,1,0
BRDA:87,8,0,0
BRDA:87,8,1,0
BRDA:87,9,0,0
BRDA:87,9,1,0
BRDA:100,10,0,0
BRDA:100,10,1,0
BRDA:122,11,0,0
BRDA:123,12,0,0
BRDA:127,13,0,0
BRDA:127,13,1,0
BRDA:153,14,0,0
BRDA:153,14,1,0
BRDA:159,15,0,0
BRDA:159,15,1,0
BRDA:163,16,0,0
BRDA:163,16,1,0
BRDA:163,17,0,0
BRDA:163,17,1,0
BRDA:174,18,0,0
BRDA:174,18,1,0
BRDA:176,19,0,0
BRDA:176,19,1,0
BRF:38
BRH:0
end_of_record
TN:
SF:src/application/services/moderation.service.ts
FN:24,(anonymous_2)
FN:31,(anonymous_3)
FN:35,(anonymous_4)
FN:38,(anonymous_5)
FN:47,(anonymous_6)
FN:108,(anonymous_7)
FN:130,(anonymous_8)
FN:141,(anonymous_9)
FN:165,(anonymous_10)
FN:174,(anonymous_11)
FN:182,(anonymous_12)
FN:198,(anonymous_13)
FN:225,(anonymous_14)
FN:241,(anonymous_15)
FN:253,(anonymous_16)
FN:260,(anonymous_17)
FN:267,(anonymous_18)
FNF:17
FNH:0
FNDA:0,(anonymous_2)
FNDA:0,(anonymous_3)
FNDA:0,(anonymous_4)
FNDA:0,(anonymous_5)
FNDA:0,(anonymous_6)
FNDA:0,(anonymous_7)
FNDA:0,(anonymous_8)
FNDA:0,(anonymous_9)
FNDA:0,(anonymous_10)
FNDA:0,(anonymous_11)
FNDA:0,(anonymous_12)
FNDA:0,(anonymous_13)
FNDA:0,(anonymous_14)
FNDA:0,(anonymous_15)
FNDA:0,(anonymous_16)
FNDA:0,(anonymous_17)
FNDA:0,(anonymous_18)
DA:1,0
DA:2,0
DA:3,0
DA:20,0
DA:25,0
DA:26,0
DA:28,0
DA:29,0
DA:31,0
DA:36,0
DA:37,0
DA:38,0
DA:39,0
DA:53,0
DA:54,0
DA:62,0
DA:63,0
DA:65,0
DA:66,0
DA:67,0
DA:75,0
DA:76,0
DA:77,0
DA:86,0
DA:87,0
DA:88,0
DA:89,0
DA:90,0
DA:95,0
DA:96,0
DA:97,0
DA:98,0
DA:101,0
DA:112,0
DA:113,0
DA:115,0
DA:116,0
DA:124,0
DA:135,0
DA:137,0
DA:138,0
DA:140,0
DA:141,0
DA:142,0
DA:145,0
DA:146,0
DA:156,0
DA:158,0
DA:166,0
DA:167,0
DA:168,0
DA:175,0
DA:176,0
DA:183,0
DA:184,0
DA:186,0
DA:187,0
DA:190,0
DA:191,0
DA:199,0
DA:201,0
DA:202,0
DA:203,0
DA:204,0
DA:205,0
DA:208,0
DA:209,0
DA:210,0
DA:213,0
DA:230,0
DA:242,0
DA:254,0
DA:261,0
DA:268,0
LF:74
LH:0
BRDA:37,0,0,0
BRDA:37,0,1,0
BRDA:53,1,0,0
BRDA:53,1,1,0
BRDA:53,2,0,0
BRDA:53,2,1,0
BRDA:65,3,0,0
BRDA:65,3,1,0
BRDA:75,4,0,0
BRDA:75,4,1,0
BRDA:86,5,0,0
BRDA:86,5,1,0
BRDA:88,6,0,0
BRDA:88,6,1,0
BRDA:96,7,0,0
BRDA:96,7,1,0
BRDA:115,8,0,0
BRDA:115,8,1,0
BRDA:135,9,0,0
BRDA:135,9,1,0
BRDA:140,10,0,0
BRDA:140,10,1,0
BRDA:140,11,0,0
BRDA:140,11,1,0
BRDA:145,12,0,0
BRDA:145,12,1,0
BRDA:165,13,0,0
BRDA:184,14,0,0
BRDA:184,14,1,0
BRDA:186,15,0,0
BRDA:186,15,1,0
BRDA:199,16,0,0
BRDA:199,16,1,0
BRDA:202,17,0,0
BRDA:202,17,1,0
BRDA:208,18,0,0
BRDA:208,18,1,0
BRF:37
BRH:0
end_of_record
TN:
SF:src/application/services/stream.service.ts
FN:20,(anonymous_4)
FN:26,(anonymous_5)
FN:42,(anonymous_6)
FN:62,(anonymous_7)
FN:76,(anonymous_8)
FN:84,(anonymous_9)
FN:112,(anonymous_10)
FN:132,(anonymous_11)
FN:179,(anonymous_12)
FN:197,(anonymous_13)
FN:202,(anonymous_14)
FNF:11
FNH:0
FNDA:0,(anonymous_4)
FNDA:0,(anonymous_5)
FNDA:0,(anonymous_6)
FNDA:0,(anonymous_7)
FNDA:0,(anonymous_8)
FNDA:0,(anonymous_9)
FNDA:0,(anonymous_10)
FNDA:0,(anonymous_11)
FNDA:0,(anonymous_12)
FNDA:0,(anonymous_13)
FNDA:0,(anonymous_14)
DA:1,0
DA:8,0
DA:10,0
DA:19,0
DA:22,0
DA:23,0
DA:30,0
DA:37,0
DA:39,0
DA:44,0
DA:45,0
DA:46,0
DA:49,0
DA:50,0
DA:51,0
DA:54,0
DA:57,0
DA:59,0
DA:63,0
DA:68,0
DA:73,0
DA:75,0
DA:76,0
DA:89,0
DA:90,0
DA:91,0
DA:94,0
DA:95,0
DA:99,0
DA:100,0
DA:101,0
DA:102,0
DA:104,0
DA:107,0
DA:109,0
DA:113,0
DA:114,0
DA:115,0
DA:118,0
DA:119,0
DA:122,0
DA:123,0
DA:125,0
DA:128,0
DA:129,0
DA:142,0
DA:143,0
DA:144,0
DA:147,0
DA:148,0
DA:151,0
DA:152,0
DA:154,0
DA:157,0
DA:158,0
DA:160,0
DA:165,0
DA:167,0
DA:180,0
DA:181,0
DA:182,0
DA:185,0
DA:186,0
DA:189,0
DA:190,0
DA:193,0
DA:194,0
DA:198,0
DA:199,0
DA:206,0
DA:208,0
LF:71
LH:0
BRDA:45,0,0,0
BRDA:45,0,1,0
BRDA:50,1,0,0
BRDA:50,1,1,0
BRDA:69,2,0,0
BRDA:69,2,1,0
BRDA:70,3,0,0
BRDA:70,3,1,0
BRDA:90,4,0,0
BRDA:90,4,1,0
BRDA:94,5,0,0
BRDA:94,5,1,0
BRDA:99,6,0,0
BRDA:99,6,1,0
BRDA:100,7,0,0
BRDA:100,7,1,0
BRDA:101,8,0,0
BRDA:101,8,1,0
BRDA:102,9,0,0
BRDA:102,9,1,0
BRDA:114,10,0,0
BRDA:114,10,1,0
BRDA:118,11,0,0
BRDA:118,11,1,0
BRDA:143,12,0,0
BRDA:143,12,1,0
BRDA:147,13,0,0
BRDA:147,13,1,0
BRDA:160,14,0,0
BRDA:160,14,1,0
BRDA:160,15,0,0
BRDA:160,15,1,0
BRDA:181,16,0,0
BRDA:181,16,1,0
BRDA:185,17,0,0
BRDA:185,17,1,0
BRDA:189,18,0,0
BRDA:189,18,1,0
BRDA:211,19,0,0
BRDA:211,19,1,0
BRDA:212,20,0,0
BRDA:212,20,1,0
BRDA:220,21,0,0
BRDA:220,21,1,0
BRDA:221,22,0,0
BRDA:221,22,1,0
BRDA:222,23,0,0
BRDA:222,23,1,0
BRDA:224,24,0,0
BRDA:224,24,1,0
BRDA:225,25,0,0
BRDA:225,25,1,0
BRF:52
BRH:0
end_of_record
TN:
SF:src/domain/entities/comment.entity.enhanced.ts
FN:16,(anonymous_0)
FN:39,(anonymous_1)
FN:74,(anonymous_2)
FN:103,(anonymous_3)
FN:138,(anonymous_4)
FN:169,(anonymous_5)
FN:187,(anonymous_6)
FN:199,(anonymous_7)
FN:206,(anonymous_8)
FN:213,(anonymous_9)
FN:220,(anonymous_10)
FN:238,(anonymous_11)
FN:265,(anonymous_12)
FN:274,(anonymous_13)
FN:297,(anonymous_14)
FN:322,(anonymous_15)
FN:338,(anonymous_16)
FN:349,(anonymous_17)
FN:368,(anonymous_18)
FN:389,(anonymous_19)
FNF:20
FNH:0
FNDA:0,(anonymous_0)
FNDA:0,(anonymous_1)
FNDA:0,(anonymous_2)
FNDA:0,(anonymous_3)
FNDA:0,(anonymous_4)
FNDA:0,(anonymous_5)
FNDA:0,(anonymous_6)
FNDA:0,(anonymous_7)
FNDA:0,(anonymous_8)
FNDA:0,(anonymous_9)
FNDA:0,(anonymous_10)
FNDA:0,(anonymous_11)
FNDA:0,(anonymous_12)
FNDA:0,(anonymous_13)
FNDA:0,(anonymous_14)
FNDA:0,(anonymous_15)
FNDA:0,(anonymous_16)
FNDA:0,(anonymous_17)
FNDA:0,(anonymous_18)
FNDA:0,(anonymous_19)
DA:1,0
DA:7,0
DA:8,0
DA:9,0
DA:10,0
DA:11,0
DA:12,0
DA:13,0
DA:14,0
DA:17,0
DA:18,0
DA:19,0
DA:20,0
DA:21,0
DA:22,0
DA:23,0
DA:24,0
DA:25,0
DA:26,0
DA:27,0
DA:28,0
DA:29,0
DA:30,0
DA:31,0
DA:33,0
DA:41,0
DA:42,0
DA:45,0
DA:46,0
DA:49,0
DA:50,0
DA:54,0
DA:55,0
DA:59,0
DA:60,0
DA:63,0
DA:64,0
DA:68,0
DA:76,0
DA:77,0
DA:80,0
DA:82,0
DA:86,0
DA:87,0
DA:90,0
DA:91,0
DA:94,0
DA:95,0
DA:96,0
DA:112,0
DA:113,0
DA:114,0
DA:116,0
DA:139,0
DA:141,0
DA:143,0
DA:146,0
DA:147,0
DA:148,0
DA:150,0
DA:151,0
DA:154,0
DA:155,0
DA:158,0
DA:159,0
DA:160,0
DA:163,0
DA:170,0
DA:172,0
DA:176,0
DA:177,0
DA:178,0
DA:181,0
DA:188,0
DA:189,0
DA:193,0
DA:200,0
DA:207,0
DA:214,0
DA:221,0
DA:223,0
DA:224,0
DA:227,0
DA:228,0
DA:229,0
DA:232,0
DA:240,0
DA:241,0
DA:244,0
DA:245,0
DA:247,0
DA:248,0
DA:252,0
DA:253,0
DA:256,0
DA:266,0
DA:268,0
DA:275,0
DA:278,0
DA:281,0
DA:282,0
DA:283,0
DA:286,0
DA:289,0
DA:291,0
DA:298,0
DA:300,0
DA:304,0
DA:308,0
DA:312,0
DA:315,0
DA:324,0
DA:327,0
DA:330,0
DA:332,0
DA:340,0
DA:343,0
DA:356,0
DA:369,0
DA:370,0
DA:390,0
LF:121
LH:0
BRDA:31,0,0,0
BRDA:41,1,0,0
BRDA:41,1,1,0
BRDA:41,2,0,0
BRDA:41,2,1,0
BRDA:45,3,0,0
BRDA:45,3,1,0
BRDA:49,4,0,0
BRDA:49,4,1,0
BRDA:54,5,0,0
BRDA:54,5,1,0
BRDA:54,6,0,0
BRDA:54,6,1,0
BRDA:59,7,0,0
BRDA:59,7,1,0
BRDA:63,8,0,0
BRDA:63,8,1,0
BRDA:76,9,0,0
BRDA:76,9,1,0
BRDA:77,10,0,0
BRDA:77,10,1,0
BRDA:77,11,0,0
BRDA:77,11,1,0
BRDA:77,11,2,0
BRDA:86,12,0,0
BRDA:86,12,1,0
BRDA:86,13,0,0
BRDA:86,13,1,0
BRDA:90,14,0,0
BRDA:90,14,1,0
BRDA:90,15,0,0
BRDA:90,15,1,0
BRDA:95,16,0,0
BRDA:95,16,1,0
BRDA:95,17,0,0
BRDA:95,17,1,0
BRDA:110,18,0,0
BRDA:141,19,0,0
BRDA:141,19,1,0
BRDA:150,20,0,0
BRDA:150,20,1,0
BRDA:150,21,0,0
BRDA:150,21,1,0
BRDA:154,22,0,0
BRDA:154,22,1,0
BRDA:154,23,0,0
BRDA:154,23,1,0
BRDA:159,24,0,0
BRDA:159,24,1,0
BRDA:159,25,0,0
BRDA:159,25,1,0
BRDA:170,26,0,0
BRDA:170,26,1,0
BRDA:188,27,0,0
BRDA:188,27,1,0
BRDA:214,28,0,0
BRDA:214,28,1,0
BRDA:223,29,0,0
BRDA:223,29,1,0
BRDA:223,30,0,0
BRDA:223,30,1,0
BRDA:228,31,0,0
BRDA:228,31,1,0
BRDA:240,32,0,0
BRDA:240,32,1,0
BRDA:247,33,0,0
BRDA:247,33,1,0
BRDA:247,34,0,0
BRDA:247,34,1,0
BRDA:257,35,0,0
BRDA:257,35,1,0
BRDA:266,36,0,0
BRDA:266,36,1,0
BRDA:267,37,0,0
BRDA:267,37,1,0
BRDA:281,38,0,0
BRDA:281,38,1,0
BRDA:282,39,0,0
BRDA:282,39,1,0
BRDA:283,40,0,0
BRDA:283,40,1,0
BRDA:286,41,0,0
BRDA:286,41,1,0
BRDA:289,42,0,0
BRDA:289,42,1,0
BRDA:298,43,0,0
BRDA:298,43,1,0
BRDA:298,43,2,0
BRDA:298,43,3,0
BRDA:298,43,4,0
BRDA:308,44,0,0
BRDA:308,44,1,0
BRDA:312,45,0,0
BRDA:312,45,1,0
BRDA:312,45,2,0
BRDA:324,46,0,0
BRDA:324,46,1,0
BRDA:327,47,0,0
BRDA:327,47,1,0
BRDA:327,48,0,0
BRDA:327,48,1,0
BRDA:330,49,0,0
BRDA:330,49,1,0
BRDA:340,50,0,0
BRDA:340,50,1,0
BRF:105
BRH:0
end_of_record
TN:
SF:src/domain/entities/comment.entity.ts
FN:8,(anonymous_0)
FN:25,(anonymous_1)
FN:58,(anonymous_2)
FN:108,(anonymous_3)
FNF:4
FNH:0
FNDA:0,(anonymous_0)
FNDA:0,(anonymous_1)
FNDA:0,(anonymous_2)
FNDA:0,(anonymous_3)
DA:7,0
DA:9,0
DA:10,0
DA:11,0
DA:12,0
DA:13,0
DA:14,0
DA:15,0
DA:16,0
DA:17,0
DA:18,0
DA:19,0
DA:20,0
DA:21,0
DA:22,0
DA:33,0
DA:34,0
DA:35,0
DA:36,0
DA:37,0
DA:38,0
DA:40,0
DA:59,0
DA:65,0
DA:67,0
DA:68,0
DA:71,0
DA:72,0
DA:73,0
DA:74,0
DA:78,0
DA:91,0
DA:92,0
DA:93,0
DA:94,0
DA:99,0
DA:100,0
DA:101,0
DA:102,0
DA:105,0
DA:109,0
LF:41
LH:0
BRDA:65,0,0,0
BRDA:65,0,1,0
BRDA:71,1,0,0
BRDA:71,1,1,0
BRDA:71,2,0,0
BRDA:71,2,1,0
BRDA:73,3,0,0
BRDA:73,3,1,0
BRDA:73,4,0,0
BRDA:73,4,1,0
BRDA:92,5,0,0
BRDA:92,5,1,0
BRDA:99,6,0,0
BRDA:99,6,1,0
BRDA:101,7,0,0
BRDA:101,7,1,0
BRF:16
BRH:0
end_of_record
TN:
SF:src/domain/entities/stream.entity.enhanced.ts
FN:16,(anonymous_0)
FN:40,(anonymous_1)
FN:75,(anonymous_2)
FN:92,(anonymous_3)
FN:105,(anonymous_4)
FN:123,(anonymous_5)
FN:140,(anonymous_6)
FN:150,(anonymous_7)
FN:166,(anonymous_8)
FN:176,(anonymous_9)
FN:184,(anonymous_10)
FN:201,(anonymous_11)
FN:223,(anonymous_12)
FN:253,(anonymous_13)
FN:266,(anonymous_14)
FN:289,(anonymous_15)
FN:296,(anonymous_16)
FN:298,(anonymous_17)
FN:306,(anonymous_18)
FN:318,(anonymous_19)
FN:329,(anonymous_20)
FN:338,(anonymous_21)
FN:372,(anonymous_22)
FN:377,(anonymous_23)
FN:378,(anonymous_24)
FN:379,(anonymous_25)
FN:380,(anonymous_26)
FN:381,(anonymous_27)
FN:382,(anonymous_28)
FN:383,(anonymous_29)
FN:384,(anonymous_30)
FN:385,(anonymous_31)
FNF:32
FNH:0
FNDA:0,(anonymous_0)
FNDA:0,(anonymous_1)
FNDA:0,(anonymous_2)
FNDA:0,(anonymous_3)
FNDA:0,(anonymous_4)
FNDA:0,(anonymous_5)
FNDA:0,(anonymous_6)
FNDA:0,(anonymous_7)
FNDA:0,(anonymous_8)
FNDA:0,(anonymous_9)
FNDA:0,(anonymous_10)
FNDA:0,(anonymous_11)
FNDA:0,(anonymous_12)
FNDA:0,(anonymous_13)
FNDA:0,(anonymous_14)
FNDA:0,(anonymous_15)
FNDA:0,(anonymous_16)
FNDA:0,(anonymous_17)
FNDA:0,(anonymous_18)
FNDA:0,(anonymous_19)
FNDA:0,(anonymous_20)
FNDA:0,(anonymous_21)
FNDA:0,(anonymous_22)
FNDA:0,(anonymous_23)
FNDA:0,(anonymous_24)
FNDA:0,(anonymous_25)
FNDA:0,(anonymous_26)
FNDA:0,(anonymous_27)
FNDA:0,(anonymous_28)
FNDA:0,(anonymous_29)
FNDA:0,(anonymous_30)
FNDA:0,(anonymous_31)
DA:1,0
DA:2,0
DA:3,0
DA:9,0
DA:10,0
DA:11,0
DA:12,0
DA:13,0
DA:14,0
DA:17,0
DA:18,0
DA:19,0
DA:20,0
DA:21,0
DA:22,0
DA:23,0
DA:24,0
DA:25,0
DA:26,0
DA:27,0
DA:28,0
DA:29,0
DA:30,0
DA:31,0
DA:32,0
DA:34,0
DA:42,0
DA:43,0
DA:46,0
DA:47,0
DA:50,0
DA:51,0
DA:55,0
DA:56,0
DA:60,0
DA:61,0
DA:64,0
DA:65,0
DA:69,0
DA:76,0
DA:77,0
DA:80,0
DA:81,0
DA:84,0
DA:85,0
DA:93,0
DA:94,0
DA:97,0
DA:98,0
DA:99,0
DA:106,0
DA:107,0
DA:110,0
DA:111,0
DA:113,0
DA:114,0
DA:115,0
DA:117,0
DA:124,0
DA:125,0
DA:128,0
DA:129,0
DA:132,0
DA:133,0
DA:134,0
DA:141,0
DA:142,0
DA:143,0
DA:151,0
DA:152,0
DA:155,0
DA:156,0
DA:159,0
DA:160,0
DA:167,0
DA:168,0
DA:169,0
DA:170,0
DA:178,0
DA:185,0
DA:187,0
DA:188,0
DA:190,0
DA:191,0
DA:194,0
DA:195,0
DA:202,0
DA:204,0
DA:205,0
DA:206,0
DA:209,0
DA:212,0
DA:215,0
DA:217,0
DA:229,0
DA:230,0
DA:234,0
DA:235,0
DA:239,0
DA:240,0
DA:241,0
DA:242,0
DA:243,0
DA:247,0
DA:254,0
DA:255,0
DA:257,0
DA:258,0
DA:259,0
DA:260,0
DA:275,0
DA:290,0
DA:296,0
DA:297,0
DA:298,0
DA:300,0
DA:307,0
DA:308,0
DA:312,0
DA:320,0
DA:323,0
DA:330,0
DA:331,0
DA:332,0
DA:345,0
DA:346,0
DA:347,0
DA:349,0
DA:373,0
DA:377,0
DA:378,0
DA:379,0
DA:380,0
DA:381,0
DA:382,0
DA:383,0
DA:384,0
DA:385,0
LF:138
LH:0
BRDA:32,0,0,0
BRDA:42,1,0,0
BRDA:42,1,1,0
BRDA:42,2,0,0
BRDA:42,2,1,0
BRDA:46,3,0,0
BRDA:46,3,1,0
BRDA:50,4,0,0
BRDA:50,4,1,0
BRDA:55,5,0,0
BRDA:55,5,1,0
BRDA:55,6,0,0
BRDA:55,6,1,0
BRDA:60,7,0,0
BRDA:60,7,1,0
BRDA:64,8,0,0
BRDA:64,8,1,0
BRDA:76,9,0,0
BRDA:76,9,1,0
BRDA:76,10,0,0
BRDA:76,10,1,0
BRDA:80,11,0,0
BRDA:80,11,1,0
BRDA:80,12,0,0
BRDA:80,12,1,0
BRDA:84,13,0,0
BRDA:84,13,1,0
BRDA:84,14,0,0
BRDA:84,14,1,0
BRDA:84,14,2,0
BRDA:93,15,0,0
BRDA:93,15,1,0
BRDA:106,16,0,0
BRDA:106,16,1,0
BRDA:113,17,0,0
BRDA:113,17,1,0
BRDA:124,18,0,0
BRDA:124,18,1,0
BRDA:128,19,0,0
BRDA:128,19,1,0
BRDA:141,20,0,0
BRDA:141,20,1,0
BRDA:151,21,0,0
BRDA:151,21,1,0
BRDA:155,22,0,0
BRDA:155,22,1,0
BRDA:167,23,0,0
BRDA:167,23,1,0
BRDA:168,24,0,0
BRDA:168,24,1,0
BRDA:169,25,0,0
BRDA:169,25,1,0
BRDA:185,26,0,0
BRDA:185,26,1,0
BRDA:188,27,0,0
BRDA:188,27,1,0
BRDA:202,28,0,0
BRDA:202,28,1,0
BRDA:205,29,0,0
BRDA:205,29,1,0
BRDA:209,30,0,0
BRDA:209,30,1,0
BRDA:212,31,0,0
BRDA:212,31,1,0
BRDA:212,32,0,0
BRDA:212,32,1,0
BRDA:215,33,0,0
BRDA:215,33,1,0
BRDA:229,34,0,0
BRDA:229,34,1,0
BRDA:234,35,0,0
BRDA:234,35,1,0
BRDA:239,36,0,0
BRDA:239,36,1,0
BRDA:241,37,0,0
BRDA:241,37,1,0
BRDA:257,38,0,0
BRDA:257,38,1,0
BRDA:257,39,0,0
BRDA:257,39,1,0
BRDA:258,40,0,0
BRDA:258,40,1,0
BRDA:258,41,0,0
BRDA:258,41,1,0
BRDA:259,42,0,0
BRDA:259,42,1,0
BRDA:259,43,0,0
BRDA:259,43,1,0
BRDA:297,44,0,0
BRDA:297,44,1,0
BRDA:300,45,0,0
BRDA:300,45,1,0
BRDA:307,46,0,0
BRDA:307,46,1,0
BRDA:320,47,0,0
BRDA:320,47,1,0
BRDA:323,48,0,0
BRDA:323,48,1,0
BRDA:330,49,0,0
BRDA:330,49,1,0
BRDA:331,50,0,0
BRDA:331,50,1,0
BRF:102
BRH:0
end_of_record
TN:
SF:src/domain/entities/stream.entity.ts
FN:11,(anonymous_0)
FN:28,(anonymous_1)
FN:61,(anonymous_2)
FN:70,(anonymous_3)
FN:79,(anonymous_4)
FN:88,(anonymous_5)
FN:96,(anonymous_6)
FN:101,(anonymous_7)
FNF:8
FNH:0
FNDA:0,(anonymous_0)
FNDA:0,(anonymous_1)
FNDA:0,(anonymous_2)
FNDA:0,(anonymous_3)
FNDA:0,(anonymous_4)
FNDA:0,(anonymous_5)
FNDA:0,(anonymous_6)
FNDA:0,(anonymous_7)
DA:10,0
DA:12,0
DA:13,0
DA:14,0
DA:15,0
DA:16,0
DA:17,0
DA:18,0
DA:19,0
DA:20,0
DA:21,0
DA:22,0
DA:23,0
DA:24,0
DA:25,0
DA:34,0
DA:35,0
DA:43,0
DA:62,0
DA:63,0
DA:64,0
DA:65,0
DA:67,0
DA:71,0
DA:72,0
DA:74,0
DA:75,0
DA:76,0
DA:80,0
DA:81,0
DA:83,0
DA:84,0
DA:85,0
DA:89,0
DA:90,0
DA:91,0
DA:93,0
DA:97,0
DA:98,0
DA:102,0
DA:103,0
DA:104,0
DA:105,0
LF:43
LH:0
BRDA:47,0,0,0
BRDA:47,0,1,0
BRDA:71,1,0,0
BRDA:71,1,1,0
BRDA:80,2,0,0
BRDA:80,2,1,0
BRDA:90,3,0,0
BRDA:90,3,1,0
BRDA:102,4,0,0
BRDA:102,4,1,0
BRDA:103,5,0,0
BRDA:103,5,1,0
BRDA:103,6,0,0
BRDA:103,6,1,0
BRDA:104,7,0,0
BRDA:104,7,1,0
BRF:16
BRH:0
end_of_record
TN:
SF:src/domain/entities/user.entity.ts
FN:2,(anonymous_0)
FN:13,(anonymous_1)
FN:31,(anonymous_2)
FN:37,(anonymous_3)
FNF:4
FNH:2
FNDA:2,(anonymous_0)
FNDA:1,(anonymous_1)
FNDA:0,(anonymous_2)
FNDA:0,(anonymous_3)
DA:1,1
DA:3,2
DA:4,2
DA:5,2
DA:6,2
DA:7,2
DA:8,2
DA:9,2
DA:10,2
DA:18,1
DA:19,1
DA:32,0
DA:33,0
DA:34,0
DA:38,0
LF:15
LH:11
BRDA:32,0,0,0
BRDA:32,0,1,0
BRDA:33,1,0,0
BRDA:33,1,1,0
BRF:4
BRH:0
end_of_record
TN:
SF:src/domain/services/analytics-domain.service.ts
FN:27,(anonymous_1)
FN:54,(anonymous_2)
FN:64,(anonymous_3)
FN:77,(anonymous_4)
FN:94,(anonymous_5)
FN:125,(anonymous_6)
FN:132,(anonymous_7)
FN:161,(anonymous_8)
FN:185,(anonymous_9)
FN:209,(anonymous_10)
FN:253,(anonymous_11)
FN:296,(anonymous_12)
FN:306,(anonymous_13)
FN:313,(anonymous_14)
FN:314,(anonymous_15)
FN:334,(anonymous_16)
FN:356,(anonymous_17)
FN:380,(anonymous_18)
FN:401,(anonymous_19)
FN:404,(anonymous_20)
FNF:20
FNH:20
FNDA:4,(anonymous_1)
FNDA:4,(anonymous_2)
FNDA:2,(anonymous_3)
FNDA:122,(anonymous_4)
FNDA:3,(anonymous_5)
FNDA:100,(anonymous_6)
FNDA:102,(anonymous_7)
FNDA:102,(anonymous_8)
FNDA:2,(anonymous_9)
FNDA:5,(anonymous_10)
FNDA:3,(anonymous_11)
FNDA:3,(anonymous_12)
FNDA:3,(anonymous_13)
FNDA:2,(anonymous_14)
FNDA:4,(anonymous_15)
FNDA:4,(anonymous_16)
FNDA:12,(anonymous_17)
FNDA:4,(anonymous_18)
FNDA:5,(anonymous_19)
FNDA:22,(anonymous_20)
DA:1,1
DA:8,1
DA:9,1
DA:15,1
DA:33,4
DA:36,2
DA:37,2
DA:40,2
DA:41,2
DA:42,2
DA:45,2
DA:46,2
DA:48,2
DA:55,4
DA:56,3
DA:57,2
DA:58,1
DA:69,2
DA:70,2
DA:71,2
DA:73,2
DA:76,1
DA:77,61
DA:78,122
DA:81,61
DA:88,1
DA:98,3
DA:99,3
DA:102,3
DA:103,104
DA:104,104
DA:105,102
DA:107,104
DA:111,3
DA:112,102
DA:114,102
DA:115,102
DA:124,3
DA:125,100
DA:133,102
DA:135,102
DA:136,104
DA:138,102
DA:139,102
DA:141,1
DA:142,1
DA:144,1
DA:145,1
DA:147,0
DA:148,0
DA:150,0
DA:151,0
DA:155,102
DA:162,102
DA:164,102
DA:165,104
DA:169,102
DA:170,102
DA:172,102
DA:173,103
DA:174,102
DA:175,102
DA:179,102
DA:193,2
DA:194,2
DA:197,2
DA:200,2
DA:201,2
DA:203,2
DA:217,5
DA:218,5
DA:221,5
DA:222,5
DA:224,5
DA:225,2
DA:228,5
DA:229,1
DA:233,5
DA:234,5
DA:237,5
DA:245,5
DA:247,5
DA:260,3
DA:261,3
DA:264,3
DA:265,2
DA:266,2
DA:269,3
DA:270,3
DA:271,1
DA:272,1
DA:275,3
DA:276,3
DA:277,1
DA:280,3
DA:281,1
DA:284,3
DA:285,1
DA:288,3
DA:289,2
DA:290,1
DA:303,3
DA:306,3
DA:307,3
DA:308,3
DA:312,3
DA:313,1
DA:314,4
DA:316,1
DA:320,3
DA:321,3
DA:322,1
DA:326,3
DA:328,3
DA:338,4
DA:340,4
DA:341,12
DA:343,12
DA:344,8
DA:347,12
DA:350,4
DA:357,12
DA:358,12
DA:359,12
DA:360,12
DA:361,12
DA:363,12
DA:365,3
DA:367,3
DA:369,3
DA:371,3
DA:373,0
DA:384,4
DA:385,1
DA:388,3
DA:391,3
DA:392,2
DA:393,1
DA:395,3
DA:402,5
DA:404,22
DA:405,4
DA:407,4
DA:408,12
DA:409,9
DA:411,3
DA:415,4
DA:416,3
DA:418,2
LF:149
LH:144
BRDA:33,0,0,2
BRDA:33,0,1,2
BRDA:33,1,0,4
BRDA:33,1,1,3
BRDA:41,2,0,2
BRDA:41,2,1,0
BRDA:45,3,0,2
BRDA:45,3,1,0
BRDA:55,4,0,1
BRDA:55,4,1,3
BRDA:56,5,0,1
BRDA:56,5,1,2
BRDA:57,6,0,1
BRDA:57,6,1,1
BRDA:73,7,0,1
BRDA:73,7,1,1
BRDA:78,8,0,122
BRDA:78,8,1,112
BRDA:96,9,0,3
BRDA:104,10,0,102
BRDA:104,10,1,2
BRDA:114,11,0,102
BRDA:114,11,1,0
BRDA:136,12,0,102
BRDA:136,12,1,1
BRDA:136,12,2,1
BRDA:136,12,3,0
BRDA:136,12,4,0
BRDA:144,13,0,1
BRDA:144,13,1,0
BRDA:150,14,0,0
BRDA:150,14,1,0
BRDA:165,15,0,104
BRDA:165,15,1,103
BRDA:173,16,0,102
BRDA:173,16,1,1
BRDA:193,17,0,1
BRDA:193,17,1,1
BRDA:200,18,0,1
BRDA:200,18,1,1
BRDA:218,19,0,5
BRDA:218,19,1,4
BRDA:222,20,0,5
BRDA:222,20,1,4
BRDA:224,21,0,2
BRDA:224,21,1,3
BRDA:228,22,0,1
BRDA:228,22,1,4
BRDA:245,23,0,5
BRDA:245,23,1,0
BRDA:264,24,0,1
BRDA:264,24,1,2
BRDA:265,25,0,0
BRDA:265,25,1,2
BRDA:266,26,0,1
BRDA:266,26,1,1
BRDA:270,27,0,2
BRDA:270,27,1,1
BRDA:271,28,0,0
BRDA:271,28,1,1
BRDA:272,29,0,0
BRDA:272,29,1,1
BRDA:276,30,0,2
BRDA:276,30,1,1
BRDA:277,31,0,0
BRDA:277,31,1,1
BRDA:280,32,0,2
BRDA:280,32,1,1
BRDA:281,33,0,0
BRDA:281,33,1,1
BRDA:284,34,0,1
BRDA:284,34,1,2
BRDA:288,35,0,1
BRDA:288,35,1,2
BRDA:289,36,0,1
BRDA:289,36,1,1
BRDA:307,37,0,3
BRDA:307,37,1,0
BRDA:312,38,0,1
BRDA:312,38,1,2
BRDA:321,39,0,1
BRDA:321,39,1,2
BRDA:343,40,0,8
BRDA:343,40,1,4
BRDA:363,41,0,3
BRDA:363,41,1,3
BRDA:363,41,2,3
BRDA:363,41,3,3
BRDA:363,41,4,0
BRDA:384,42,0,1
BRDA:384,42,1,3
BRDA:391,43,0,1
BRDA:391,43,1,2
BRDA:392,44,0,1
BRDA:392,44,1,1
BRDA:402,45,0,1
BRDA:402,45,1,4
BRDA:408,46,0,9
BRDA:408,46,1,3
BRDA:415,47,0,1
BRDA:415,47,1,3
BRDA:416,48,0,1
BRDA:416,48,1,2
BRF:103
BRH:87
end_of_record
TN:
SF:src/domain/services/comment-validator.service.ts
FN:15,(anonymous_0)
FN:22,(anonymous_1)
FN:25,(anonymous_2)
FN:66,(anonymous_3)
FN:89,(anonymous_4)
FN:125,(anonymous_5)
FN:135,(anonymous_6)
FN:138,(anonymous_7)
FN:141,(anonymous_8)
FN:145,(anonymous_9)
FN:149,(anonymous_10)
FNF:11
FNH:0
FNDA:0,(anonymous_0)
FNDA:0,(anonymous_1)
FNDA:0,(anonymous_2)
FNDA:0,(anonymous_3)
FNDA:0,(anonymous_4)
FNDA:0,(anonymous_5)
FNDA:0,(anonymous_6)
FNDA:0,(anonymous_7)
FNDA:0,(anonymous_8)
FNDA:0,(anonymous_9)
FNDA:0,(anonymous_10)
DA:6,0
DA:10,0
DA:11,0
DA:12,0
DA:13,0
DA:20,0
DA:21,0
DA:22,0
DA:26,0
DA:29,0
DA:30,0
DA:31,0
DA:35,0
DA:38,0
DA:39,0
DA:42,0
DA:43,0
DA:47,0
DA:48,0
DA:49,0
DA:50,0
DA:51,0
DA:56,0
DA:57,0
DA:60,0
DA:67,0
DA:70,0
DA:76,0
DA:79,0
DA:82,0
DA:83,0
DA:86,0
DA:91,0
DA:92,0
DA:93,0
DA:97,0
DA:98,0
DA:100,0
DA:101,0
DA:102,0
DA:103,0
DA:104,0
DA:105,0
DA:111,0
DA:112,0
DA:113,0
DA:117,0
DA:118,0
DA:119,0
DA:122,0
DA:126,0
DA:128,0
DA:135,0
DA:138,0
DA:142,0
DA:146,0
DA:150,0
LF:57
LH:0
BRDA:16,0,0,0
BRDA:17,1,0,0
BRDA:18,2,0,0
BRDA:29,3,0,0
BRDA:29,3,1,0
BRDA:29,4,0,0
BRDA:29,4,1,0
BRDA:38,5,0,0
BRDA:38,5,1,0
BRDA:42,6,0,0
BRDA:42,6,1,0
BRDA:49,7,0,0
BRDA:49,7,1,0
BRDA:56,8,0,0
BRDA:56,8,1,0
BRDA:82,9,0,0
BRDA:82,9,1,0
BRDA:92,10,0,0
BRDA:92,10,1,0
BRDA:101,11,0,0
BRDA:101,11,1,0
BRDA:102,12,0,0
BRDA:102,12,1,0
BRDA:104,13,0,0
BRDA:104,13,1,0
BRDA:111,14,0,0
BRDA:111,14,1,0
BRDA:112,15,0,0
BRDA:112,15,1,0
BRDA:112,16,0,0
BRDA:112,16,1,0
BRDA:117,17,0,0
BRDA:117,17,1,0
BRDA:118,18,0,0
BRDA:118,18,1,0
BRDA:126,19,0,0
BRDA:126,19,1,0
BRF:37
BRH:0
end_of_record
TN:
SF:src/domain/services/lane-manager.service.ts
FN:12,(anonymous_0)
FN:24,(anonymous_1)
FN:33,(anonymous_2)
FN:72,(anonymous_3)
FN:80,(anonymous_4)
FN:85,(anonymous_5)
FN:95,(anonymous_6)
FN:99,(anonymous_7)
FNF:8
FNH:0
FNDA:0,(anonymous_0)
FNDA:0,(anonymous_1)
FNDA:0,(anonymous_2)
FNDA:0,(anonymous_3)
FNDA:0,(anonymous_4)
FNDA:0,(anonymous_5)
FNDA:0,(anonymous_6)
FNDA:0,(anonymous_7)
DA:6,0
DA:17,0
DA:18,0
DA:19,0
DA:20,0
DA:21,0
DA:25,0
DA:26,0
DA:35,0
DA:38,0
DA:39,0
DA:40,0
DA:42,0
DA:43,0
DA:51,0
DA:52,0
DA:54,0
DA:55,0
DA:56,0
DA:57,0
DA:58,0
DA:63,0
DA:64,0
DA:66,0
DA:73,0
DA:74,0
DA:75,0
DA:82,0
DA:86,0
DA:87,0
DA:88,0
DA:89,0
DA:92,0
DA:96,0
DA:100,0
DA:101,0
DA:103,0
DA:104,0
DA:107,0
LF:39
LH:0
BRDA:13,0,0,0
BRDA:14,1,0,0
BRDA:15,2,0,0
BRDA:33,3,0,0
BRDA:40,4,0,0
BRDA:40,4,1,0
BRDA:56,5,0,0
BRDA:56,5,1,0
BRDA:74,6,0,0
BRDA:74,6,1,0
BRDA:85,7,0,0
BRDA:88,8,0,0
BRDA:88,8,1,0
BRF:13
BRH:0
end_of_record
TN:
SF:src/domain/services/moderation-domain.service.ts
FN:15,(anonymous_2)
FN:20,(anonymous_3)
FN:32,(anonymous_4)
FN:48,(anonymous_5)
FN:62,(anonymous_6)
FN:63,(anonymous_7)
FN:73,(anonymous_8)
FN:83,(anonymous_9)
FN:115,(anonymous_10)
FN:137,(anonymous_11)
FN:145,(anonymous_12)
FN:159,(anonymous_13)
FN:167,(anonymous_14)
FN:196,(anonymous_15)
FN:218,(anonymous_16)
FN:222,(anonymous_17)
FN:226,(anonymous_18)
FN:230,(anonymous_19)
FNF:18
FNH:18
FNDA:42,(anonymous_2)
FNDA:42,(anonymous_3)
FNDA:42,(anonymous_4)
FNDA:11,(anonymous_5)
FNDA:11,(anonymous_6)
FNDA:45,(anonymous_7)
FNDA:13,(anonymous_8)
FNDA:12,(anonymous_9)
FNDA:4,(anonymous_10)
FNDA:4,(anonymous_11)
FNDA:5,(anonymous_12)
FNDA:6,(anonymous_13)
FNDA:10,(anonymous_14)
FNDA:5,(anonymous_15)
FNDA:6,(anonymous_16)
FNDA:2,(anonymous_17)
FNDA:2,(anonymous_18)
FNDA:1,(anonymous_19)
DA:1,1
DA:9,1
DA:12,42
DA:13,42
DA:16,42
DA:17,42
DA:21,42
DA:33,42
DA:49,11
DA:50,11
DA:51,50
DA:52,8
DA:55,3
DA:63,11
DA:64,45
DA:65,45
DA:74,13
DA:75,13
DA:77,13
DA:79,12
DA:80,12
DA:84,12
DA:86,12
DA:87,73
DA:90,12
DA:91,81
DA:94,12
DA:95,61
DA:96,447
DA:97,81
DA:99,366
DA:108,12
DA:121,4
DA:122,1
DA:124,3
DA:125,1
DA:127,2
DA:128,2
DA:130,0
DA:138,4
DA:146,5
DA:147,2
DA:149,3
DA:150,2
DA:152,1
DA:160,6
DA:173,10
DA:174,2
DA:178,8
DA:180,2
DA:182,2
DA:184,2
DA:186,2
DA:188,0
DA:202,5
DA:203,1
DA:205,4
DA:206,1
DA:208,3
DA:209,1
DA:211,2
DA:212,1
DA:214,1
DA:219,6
DA:223,2
DA:227,2
DA:231,1
LF:67
LH:65
BRDA:51,0,0,8
BRDA:51,0,1,42
BRDA:74,1,0,2
BRDA:74,1,1,11
BRDA:75,2,0,2
BRDA:75,2,1,11
BRDA:77,3,0,1
BRDA:77,3,1,12
BRDA:96,4,0,81
BRDA:96,4,1,366
BRDA:121,5,0,1
BRDA:121,5,1,3
BRDA:124,6,0,1
BRDA:124,6,1,2
BRDA:127,7,0,2
BRDA:127,7,1,0
BRDA:127,8,0,2
BRDA:127,8,1,1
BRDA:146,9,0,2
BRDA:146,9,1,3
BRDA:149,10,0,2
BRDA:149,10,1,1
BRDA:159,11,0,4
BRDA:173,12,0,2
BRDA:173,12,1,8
BRDA:178,13,0,2
BRDA:178,13,1,2
BRDA:178,13,2,2
BRDA:178,13,3,2
BRDA:178,13,4,0
BRDA:202,14,0,1
BRDA:202,14,1,4
BRDA:205,15,0,1
BRDA:205,15,1,3
BRDA:208,16,0,1
BRDA:208,16,1,2
BRDA:211,17,0,1
BRDA:211,17,1,1
BRF:38
BRH:36
end_of_record
TN:
SF:src/domain/services/stream-domain.service.ts
FN:22,(anonymous_1)
FN:39,(anonymous_2)
FN:48,(anonymous_3)
FN:77,(anonymous_4)
FN:121,(anonymous_5)
FN:140,(anonymous_6)
FN:154,(anonymous_7)
FN:186,(anonymous_8)
FN:216,(anonymous_9)
FN:249,(anonymous_10)
FN:270,(anonymous_11)
FN:293,(anonymous_12)
FN:317,(anonymous_13)
FN:324,(anonymous_14)
FN:330,(anonymous_15)
FN:361,(anonymous_16)
FN:373,(anonymous_17)
FN:376,(anonymous_18)
FN:378,(anonymous_19)
FNF:19
FNH:18
FNDA:6,(anonymous_1)
FNDA:4,(anonymous_2)
FNDA:6,(anonymous_3)
FNDA:4,(anonymous_4)
FNDA:4,(anonymous_5)
FNDA:2,(anonymous_6)
FNDA:5,(anonymous_7)
FNDA:4,(anonymous_8)
FNDA:2,(anonymous_9)
FNDA:0,(anonymous_10)
FNDA:2,(anonymous_11)
FNDA:6,(anonymous_12)
FNDA:8,(anonymous_13)
FNDA:19,(anonymous_14)
FNDA:4,(anonymous_15)
FNDA:9,(anonymous_16)
FNDA:4,(anonymous_17)
FNDA:195,(anonymous_18)
FNDA:68,(anonymous_19)
DA:1,1
DA:8,1
DA:9,1
DA:10,1
DA:11,1
DA:12,1
DA:13,1
DA:14,1
DA:15,1
DA:16,1
DA:17,1
DA:23,6
DA:24,2
DA:27,4
DA:28,0
DA:31,4
DA:32,1
DA:40,4
DA:41,1
DA:54,6
DA:55,1
DA:59,5
DA:60,2
DA:61,2
DA:62,1
DA:67,4
DA:68,1
DA:71,3
DA:83,4
DA:84,1
DA:92,3
DA:93,1
DA:101,2
DA:102,1
DA:110,1
DA:122,4
DA:123,1
DA:126,3
DA:127,1
DA:130,2
DA:131,1
DA:134,1
DA:141,2
DA:142,2
DA:144,2
DA:145,64
DA:148,2
DA:161,5
DA:162,5
DA:165,5
DA:166,2
DA:170,3
DA:171,1
DA:175,2
DA:176,1
DA:180,1
DA:191,4
DA:192,4
DA:193,4
DA:196,4
DA:197,1
DA:201,3
DA:202,1
DA:206,2
DA:207,1
DA:210,1
DA:228,2
DA:233,2
DA:234,2
DA:235,2
DA:236,2
DA:238,2
DA:239,3
DA:240,2
DA:241,2
DA:243,1
DA:247,2
DA:248,2
DA:249,0
DA:253,2
DA:254,2
DA:258,2
DA:279,2
DA:294,6
DA:295,3
DA:296,2
DA:300,4
DA:301,3
DA:302,2
DA:306,2
DA:307,2
DA:308,2
DA:309,1
DA:318,8
DA:324,19
DA:341,4
DA:342,4
DA:345,4
DA:347,4
DA:348,4
DA:349,4
DA:351,4
DA:362,9
DA:372,9
DA:373,9
DA:375,9
DA:376,31
DA:377,195
DA:378,68
DA:381,31
DA:382,7
DA:386,2
LF:112
LH:110
BRDA:23,0,0,2
BRDA:23,0,1,4
BRDA:23,1,0,6
BRDA:23,1,1,5
BRDA:27,2,0,0
BRDA:27,2,1,4
BRDA:31,3,0,1
BRDA:31,3,1,3
BRDA:40,4,0,1
BRDA:40,4,1,3
BRDA:40,5,0,4
BRDA:40,5,1,3
BRDA:54,6,0,1
BRDA:54,6,1,5
BRDA:59,7,0,2
BRDA:59,7,1,3
BRDA:61,8,0,1
BRDA:61,8,1,1
BRDA:67,9,0,1
BRDA:67,9,1,3
BRDA:83,10,0,1
BRDA:83,10,1,3
BRDA:92,11,0,1
BRDA:92,11,1,2
BRDA:101,12,0,1
BRDA:101,12,1,1
BRDA:122,13,0,1
BRDA:122,13,1,3
BRDA:126,14,0,1
BRDA:126,14,1,2
BRDA:130,15,0,1
BRDA:130,15,1,1
BRDA:161,16,0,4
BRDA:161,16,1,1
BRDA:162,17,0,5
BRDA:162,17,1,0
BRDA:165,18,0,2
BRDA:165,18,1,3
BRDA:165,19,0,5
BRDA:165,19,1,2
BRDA:165,19,2,2
BRDA:170,20,0,1
BRDA:170,20,1,2
BRDA:170,21,0,3
BRDA:170,21,1,1
BRDA:170,21,2,1
BRDA:175,22,0,1
BRDA:175,22,1,1
BRDA:175,23,0,2
BRDA:175,23,1,1
BRDA:175,23,2,1
BRDA:196,24,0,1
BRDA:196,24,1,3
BRDA:201,25,0,1
BRDA:201,25,1,2
BRDA:201,26,0,3
BRDA:201,26,1,1
BRDA:206,27,0,1
BRDA:206,27,1,1
BRDA:228,28,0,1
BRDA:228,28,1,1
BRDA:239,29,0,2
BRDA:239,29,1,1
BRDA:248,30,0,0
BRDA:248,30,1,2
BRDA:254,31,0,0
BRDA:254,31,1,2
BRDA:254,32,0,2
BRDA:254,32,1,0
BRDA:281,33,0,1
BRDA:281,33,1,1
BRDA:284,34,0,1
BRDA:284,34,1,1
BRDA:294,35,0,3
BRDA:294,35,1,3
BRDA:295,36,0,2
BRDA:295,36,1,1
BRDA:295,37,0,3
BRDA:295,37,1,2
BRDA:300,38,0,3
BRDA:300,38,1,1
BRDA:301,39,0,2
BRDA:301,39,1,1
BRDA:301,40,0,3
BRDA:301,40,1,2
BRDA:306,41,0,2
BRDA:306,41,1,0
BRDA:308,42,0,1
BRDA:308,42,1,1
BRDA:377,43,0,195
BRDA:377,43,1,187
BRDA:381,44,0,7
BRDA:381,44,1,24
BRF:93
BRH:87
end_of_record
TN:
SF:src/domain/value-objects/comment-style.vo.ts
FN:5,(anonymous_0)
FN:13,(anonymous_1)
FN:20,(anonymous_2)
FN:24,(anonymous_3)
FN:29,(anonymous_4)
FN:73,(anonymous_5)
FN:81,(anonymous_6)
FN:85,(anonymous_7)
FN:93,(anonymous_8)
FNF:9
FNH:0
FNDA:0,(anonymous_0)
FNDA:0,(anonymous_1)
FNDA:0,(anonymous_2)
FNDA:0,(anonymous_3)
FNDA:0,(anonymous_4)
FNDA:0,(anonymous_5)
FNDA:0,(anonymous_6)
FNDA:0,(anonymous_7)
FNDA:0,(anonymous_8)
DA:4,0
DA:6,0
DA:7,0
DA:8,0
DA:10,0
DA:14,0
DA:15,0
DA:16,0
DA:21,0
DA:25,0
DA:27,0
DA:29,0
DA:31,0
DA:32,0
DA:33,0
DA:36,0
DA:37,0
DA:38,0
DA:39,0
DA:43,0
DA:56,0
DA:57,0
DA:58,0
DA:59,0
DA:64,0
DA:65,0
DA:66,0
DA:67,0
DA:70,0
DA:74,0
DA:75,0
DA:76,0
DA:77,0
DA:82,0
DA:86,0
DA:94,0
LF:36
LH:0
BRDA:15,0,0,0
BRDA:15,0,1,0
BRDA:27,1,0,0
BRDA:27,1,1,0
BRDA:36,2,0,0
BRDA:36,2,1,0
BRDA:36,3,0,0
BRDA:36,3,1,0
BRDA:38,4,0,0
BRDA:38,4,1,0
BRDA:38,5,0,0
BRDA:38,5,1,0
BRDA:57,6,0,0
BRDA:57,6,1,0
BRDA:64,7,0,0
BRDA:64,7,1,0
BRDA:66,8,0,0
BRDA:66,8,1,0
BRDA:74,9,0,0
BRDA:74,9,1,0
BRDA:74,9,2,0
BRDA:81,10,0,0
BRDA:87,11,0,0
BRDA:87,11,1,0
BRDA:87,11,2,0
BRF:25
BRH:0
end_of_record
TN:
SF:src/domain/value-objects/stream-key.vo.ts
FN:9,(anonymous_0)
FN:16,(anonymous_1)
FN:38,(anonymous_2)
FN:52,(anonymous_3)
FN:59,(anonymous_4)
FN:71,(anonymous_5)
FN:78,(anonymous_6)
FN:85,(anonymous_7)
FN:92,(anonymous_8)
FNF:9
FNH:9
FNDA:24,(anonymous_0)
FNDA:24,(anonymous_1)
FNDA:7,(anonymous_2)
FNDA:2,(anonymous_3)
FNDA:2,(anonymous_4)
FNDA:6,(anonymous_5)
FNDA:2,(anonymous_6)
FNDA:1,(anonymous_7)
FNDA:5,(anonymous_8)
DA:5,1
DA:6,1
DA:7,1
DA:9,24
DA:10,24
DA:17,24
DA:18,2
DA:21,22
DA:22,3
DA:25,19
DA:26,19
DA:27,3
DA:30,16
DA:31,3
DA:39,7
DA:40,7
DA:42,7
DA:43,224
DA:46,7
DA:53,2
DA:60,2
DA:61,2
DA:62,2
DA:63,2
DA:65,2
DA:72,6
DA:79,2
DA:86,1
DA:93,5
DA:94,5
DA:95,1
DA:97,4
LF:32
LH:32
BRDA:17,0,0,2
BRDA:17,0,1,22
BRDA:17,1,0,24
BRDA:17,1,1,22
BRDA:21,2,0,3
BRDA:21,2,1,19
BRDA:26,3,0,3
BRDA:26,3,1,16
BRDA:30,4,0,3
BRDA:30,4,1,13
BRF:10
BRH:10
end_of_record
TN:
SF:src/domain/value-objects/stream-settings.vo.ts
FN:6,(anonymous_0)
FN:21,(anonymous_1)
FN:39,(anonymous_2)
FN:57,(anonymous_3)
FN:88,(anonymous_4)
FN:103,(anonymous_5)
FN:118,(anonymous_6)
FNF:7
FNH:7
FNDA:23,(anonymous_0)
FNDA:23,(anonymous_1)
FNDA:4,(anonymous_2)
FNDA:4,(anonymous_3)
FNDA:3,(anonymous_4)
FNDA:2,(anonymous_5)
FNDA:1,(anonymous_6)
DA:5,1
DA:7,23
DA:8,23
DA:9,23
DA:10,23
DA:11,23
DA:12,23
DA:13,23
DA:15,23
DA:22,23
DA:23,3
DA:26,20
DA:27,2
DA:30,18
DA:31,18
DA:32,1
DA:41,4
DA:43,4
DA:61,4
DA:64,4
DA:65,1
DA:66,1
DA:69,4
DA:70,2
DA:71,2
DA:73,2
DA:74,1
DA:78,4
DA:79,2
DA:82,4
DA:89,3
DA:104,2
DA:119,1
LF:33
LH:33
BRDA:22,0,0,3
BRDA:22,0,1,20
BRDA:22,1,0,23
BRDA:22,1,1,22
BRDA:26,2,0,2
BRDA:26,2,1,18
BRDA:26,3,0,20
BRDA:26,3,1,19
BRDA:31,4,0,1
BRDA:31,4,1,17
BRDA:44,5,0,4
BRDA:44,5,1,4
BRDA:45,6,0,4
BRDA:45,6,1,0
BRDA:46,7,0,4
BRDA:46,7,1,3
BRDA:47,8,0,4
BRDA:47,8,1,4
BRDA:48,9,0,4
BRDA:48,9,1,2
BRDA:49,10,0,4
BRDA:49,10,1,4
BRDA:50,11,0,4
BRDA:50,11,1,3
BRDA:64,12,0,1
BRDA:64,12,1,3
BRDA:69,13,0,2
BRDA:69,13,1,2
BRDA:70,14,0,2
BRDA:70,14,1,0
BRDA:70,15,0,2
BRDA:70,15,1,2
BRDA:73,16,0,1
BRDA:73,16,1,1
BRDA:78,17,0,2
BRDA:78,17,1,2
BRDA:91,18,0,2
BRDA:91,18,1,1
BRDA:94,19,0,2
BRDA:94,19,1,1
BRDA:105,20,0,2
BRDA:105,20,1,2
BRDA:105,20,2,1
BRDA:105,20,3,1
BRDA:105,20,4,1
BRDA:105,20,5,1
BRDA:105,20,6,1
BRF:47
BRH:45
end_of_record
TN:
SF:src/domain/value-objects/stream-status.vo.ts
FN:5,(anonymous_0)
FN:18,(anonymous_1)
FN:31,(anonymous_2)
FN:44,(anonymous_3)
FN:57,(anonymous_4)
FNF:5
FNH:0
FNDA:0,(anonymous_0)
FNDA:0,(anonymous_1)
FNDA:0,(anonymous_2)
FNDA:0,(anonymous_3)
FNDA:0,(anonymous_4)
DA:5,0
DA:6,0
DA:7,0
DA:8,0
DA:14,0
DA:19,0
DA:25,0
DA:32,0
DA:38,0
DA:45,0
DA:51,0
DA:58,0
DA:60,0
DA:62,0
DA:64,0
DA:66,0
DA:68,0
LF:17
LH:0
BRDA:5,0,0,0
BRDA:5,0,1,0
BRDA:60,1,0,0
BRDA:60,1,1,0
BRDA:60,1,2,0
BRDA:60,1,3,0
BRF:6
BRH:0
end_of_record
TN:
SF:src/infrastructure/config/database.config.ts
FN:7,(anonymous_0)
FNF:1
FNH:0
FNDA:0,(anonymous_0)
DA:3,0
DA:4,0
DA:5,0
DA:7,0
DA:9,0
LF:5
LH:0
BRF:0
BRH:0
end_of_record
TN:
SF:src/infrastructure/database/entities/comment.schema.ts
FN:22,(anonymous_2)
FN:30,(anonymous_3)
FNF:2
FNH:0
FNDA:0,(anonymous_2)
FNDA:0,(anonymous_3)
DA:1,0
DA:10,0
DA:11,0
DA:14,0
DA:16,0
DA:20,0
DA:22,0
DA:24,0
DA:28,0
DA:30,0
DA:32,0
DA:35,0
DA:38,0
DA:41,0
DA:45,0
LF:15
LH:0
BRF:0
BRH:0
end_of_record
TN:
SF:src/infrastructure/database/entities/stream.schema.ts
FN:22,(anonymous_2)
FNF:1
FNH:0
FNDA:0,(anonymous_2)
DA:1,0
DA:11,0
DA:14,0
DA:16,0
DA:20,0
DA:22,0
DA:24,0
DA:27,0
DA:30,0
DA:33,0
DA:36,0
DA:44,0
DA:47,0
DA:50,0
DA:53,0
DA:56,0
DA:59,0
DA:62,0
DA:65,0
DA:68,0
DA:72,0
DA:75,0
LF:22
LH:0
BRF:0
BRH:0
end_of_record
TN:
SF:src/infrastructure/database/entities/user.schema.ts
FNF:0
FNH:0
DA:1,0
DA:4,0
DA:6,0
DA:10,0
DA:14,0
DA:17,0
DA:20,0
DA:23,0
DA:26,0
DA:29,0
LF:10
LH:0
BRF:0
BRH:0
end_of_record
TN:
SF:src/infrastructure/redis/redis.service.ts
FN:9,(anonymous_2)
FN:11,(anonymous_3)
FN:15,(anonymous_4)
FN:23,(anonymous_5)
FN:27,(anonymous_6)
FN:32,(anonymous_7)
FN:37,(anonymous_8)
FN:44,(anonymous_9)
FN:47,(anonymous_10)
FN:51,(anonymous_11)
FN:58,(anonymous_12)
FN:64,(anonymous_13)
FN:69,(anonymous_14)
FN:76,(anonymous_15)
FN:104,(anonymous_16)
FN:121,(anonymous_17)
FN:130,(anonymous_18)
FN:135,(anonymous_19)
FN:141,(anonymous_20)
FN:146,(anonymous_21)
FN:152,(anonymous_22)
FN:158,(anonymous_23)
FN:163,(anonymous_24)
FN:168,(anonymous_25)
FN:183,(anonymous_26)
FN:191,(anonymous_27)
FN:196,(anonymous_28)
FN:202,(anonymous_29)
FN:208,(anonymous_30)
FN:213,(anonymous_31)
FN:219,(anonymous_32)
FN:227,(anonymous_33)
FNF:32
FNH:0
FNDA:0,(anonymous_2)
FNDA:0,(anonymous_3)
FNDA:0,(anonymous_4)
FNDA:0,(anonymous_5)
FNDA:0,(anonymous_6)
FNDA:0,(anonymous_7)
FNDA:0,(anonymous_8)
FNDA:0,(anonymous_9)
FNDA:0,(anonymous_10)
FNDA:0,(anonymous_11)
FNDA:0,(anonymous_12)
FNDA:0,(anonymous_13)
FNDA:0,(anonymous_14)
FNDA:0,(anonymous_15)
FNDA:0,(anonymous_16)
FNDA:0,(anonymous_17)
FNDA:0,(anonymous_18)
FNDA:0,(anonymous_19)
FNDA:0,(anonymous_20)
FNDA:0,(anonymous_21)
FNDA:0,(anonymous_22)
FNDA:0,(anonymous_23)
FNDA:0,(anonymous_24)
FNDA:0,(anonymous_25)
FNDA:0,(anonymous_26)
FNDA:0,(anonymous_27)
FNDA:0,(anonymous_28)
FNDA:0,(anonymous_29)
FNDA:0,(anonymous_30)
FNDA:0,(anonymous_31)
FNDA:0,(anonymous_32)
FNDA:0,(anonymous_33)
DA:1,0
DA:2,0
DA:3,0
DA:6,0
DA:9,0
DA:12,0
DA:16,0
DA:17,0
DA:19,0
DA:23,0
DA:24,0
DA:27,0
DA:28,0
DA:33,0
DA:38,0
DA:39,0
DA:40,0
DA:41,0
DA:45,0
DA:46,0
DA:47,0
DA:52,0
DA:53,0
DA:54,0
DA:55,0
DA:59,0
DA:60,0
DA:61,0
DA:65,0
DA:66,0
DA:70,0
DA:71,0
DA:72,0
DA:77,0
DA:78,0
DA:81,0
DA:82,0
DA:83,0
DA:84,0
DA:89,0
DA:90,0
DA:91,0
DA:93,0
DA:94,0
DA:95,0
DA:100,0
DA:110,0
DA:111,0
DA:113,0
DA:114,0
DA:117,0
DA:125,0
DA:126,0
DA:127,0
DA:131,0
DA:132,0
DA:136,0
DA:137,0
DA:142,0
DA:143,0
DA:147,0
DA:148,0
DA:149,0
DA:153,0
DA:154,0
DA:159,0
DA:160,0
DA:164,0
DA:165,0
DA:169,0
DA:170,0
DA:172,0
DA:173,0
DA:174,0
DA:175,0
DA:176,0
DA:177,0
DA:180,0
DA:184,0
DA:185,0
DA:186,0
DA:188,0
DA:192,0
DA:193,0
DA:197,0
DA:198,0
DA:199,0
DA:203,0
DA:204,0
DA:205,0
DA:209,0
DA:210,0
DA:214,0
DA:215,0
DA:216,0
DA:220,0
DA:221,0
DA:222,0
DA:223,0
DA:228,0
LF:100
LH:0
BRDA:16,0,0,0
BRDA:16,0,1,0
BRDA:44,1,0,0
BRDA:83,2,0,0
BRDA:83,2,1,0
BRDA:91,3,0,0
BRDA:91,3,1,0
BRDA:91,4,0,0
BRDA:91,4,1,0
BRDA:107,5,0,0
BRDA:108,6,0,0
BRDA:113,7,0,0
BRDA:113,7,1,0
BRDA:141,8,0,0
BRDA:149,9,0,0
BRDA:149,9,1,0
BRDA:170,10,0,0
BRDA:170,10,1,0
BRDA:176,11,0,0
BRDA:176,11,1,0
BRDA:185,12,0,0
BRDA:185,12,1,0
BRF:22
BRH:0
end_of_record
TN:
SF:src/infrastructure/repositories/comment.repository.ts
FN:10,(anonymous_4)
FN:15,(anonymous_5)
FN:23,(anonymous_6)
FN:35,(anonymous_7)
FN:38,(anonymous_8)
FN:45,(anonymous_9)
FN:48,(anonymous_10)
FN:58,(anonymous_11)
FN:62,(anonymous_12)
FN:66,(anonymous_13)
FN:70,(anonymous_14)
FN:95,(anonymous_15)
FNF:12
FNH:0
FNDA:0,(anonymous_4)
FNDA:0,(anonymous_5)
FNDA:0,(anonymous_6)
FNDA:0,(anonymous_7)
FNDA:0,(anonymous_8)
FNDA:0,(anonymous_9)
FNDA:0,(anonymous_10)
FNDA:0,(anonymous_11)
FNDA:0,(anonymous_12)
FNDA:0,(anonymous_13)
FNDA:0,(anonymous_14)
FNDA:0,(anonymous_15)
DA:1,0
DA:2,0
DA:3,0
DA:4,0
DA:6,0
DA:9,0
DA:12,0
DA:16,0
DA:20,0
DA:28,0
DA:35,0
DA:39,0
DA:45,0
DA:49,0
DA:50,0
DA:51,0
DA:55,0
DA:59,0
DA:63,0
DA:67,0
DA:72,0
DA:75,0
DA:92,0
DA:96,0
DA:97,0
DA:98,0
DA:99,0
DA:100,0
DA:101,0
DA:102,0
DA:103,0
DA:104,0
LF:32
LH:0
BRDA:20,0,0,0
BRDA:20,0,1,0
BRDA:25,1,0,0
BRDA:26,2,0,0
BRDA:38,3,0,0
BRDA:79,4,0,0
BRDA:79,4,1,0
BRDA:88,5,0,0
BRDA:88,5,1,0
BRDA:97,6,0,0
BRDA:97,6,1,0
BRDA:99,7,0,0
BRDA:99,7,1,0
BRDA:101,8,0,0
BRDA:101,8,1,0
BRF:15
BRH:0
end_of_record
TN:
SF:src/infrastructure/repositories/stream.repository.ts
FN:15,(anonymous_4)
FN:20,(anonymous_5)
FN:28,(anonymous_6)
FN:36,(anonymous_7)
FN:68,(anonymous_8)
FN:79,(anonymous_9)
FN:89,(anonymous_10)
FN:99,(anonymous_11)
FN:103,(anonymous_12)
FN:106,(anonymous_13)
FN:110,(anonymous_14)
FN:115,(anonymous_15)
FN:118,(anonymous_16)
FN:144,(anonymous_17)
FNF:14
FNH:0
FNDA:0,(anonymous_4)
FNDA:0,(anonymous_5)
FNDA:0,(anonymous_6)
FNDA:0,(anonymous_7)
FNDA:0,(anonymous_8)
FNDA:0,(anonymous_9)
FNDA:0,(anonymous_10)
FNDA:0,(anonymous_11)
FNDA:0,(anonymous_12)
FNDA:0,(anonymous_13)
FNDA:0,(anonymous_14)
FNDA:0,(anonymous_15)
FNDA:0,(anonymous_16)
FNDA:0,(anonymous_17)
DA:1,0
DA:2,0
DA:3,0
DA:4,0
DA:11,0
DA:14,0
DA:17,0
DA:21,0
DA:25,0
DA:29,0
DA:33,0
DA:40,0
DA:41,0
DA:42,0
DA:44,0
DA:46,0
DA:47,0
DA:50,0
DA:51,0
DA:54,0
DA:55,0
DA:58,0
DA:68,0
DA:70,0
DA:80,0
DA:81,0
DA:82,0
DA:86,0
DA:90,0
DA:91,0
DA:92,0
DA:96,0
DA:100,0
DA:104,0
DA:106,0
DA:111,0
DA:115,0
DA:119,0
DA:126,0
DA:145,0
DA:146,0
DA:147,0
DA:148,0
DA:149,0
DA:150,0
DA:151,0
DA:152,0
DA:153,0
DA:154,0
DA:155,0
DA:156,0
DA:157,0
DA:158,0
DA:159,0
DA:160,0
DA:161,0
DA:162,0
DA:163,0
LF:58
LH:0
BRDA:25,0,0,0
BRDA:25,0,1,0
BRDA:33,1,0,0
BRDA:33,1,1,0
BRDA:40,2,0,0
BRDA:40,2,1,0
BRDA:41,3,0,0
BRDA:41,3,1,0
BRDA:46,4,0,0
BRDA:46,4,1,0
BRDA:50,5,0,0
BRDA:50,5,1,0
BRDA:54,6,0,0
BRDA:54,6,1,0
BRDA:146,7,0,0
BRDA:146,7,1,0
BRDA:149,8,0,0
BRDA:149,8,1,0
BRDA:150,9,0,0
BRDA:150,9,1,0
BRDA:159,10,0,0
BRDA:159,10,1,0
BRDA:160,11,0,0
BRDA:160,11,1,0
BRF:24
BRH:0
end_of_record
TN:
SF:src/infrastructure/repositories/user.repository.ts
FN:10,(anonymous_4)
FN:15,(anonymous_5)
FN:20,(anonymous_6)
FN:25,(anonymous_7)
FN:30,(anonymous_8)
FN:36,(anonymous_9)
FN:42,(anonymous_10)
FN:46,(anonymous_11)
FN:51,(anonymous_12)
FN:56,(anonymous_13)
FN:69,(anonymous_14)
FNF:11
FNH:0
FNDA:0,(anonymous_4)
FNDA:0,(anonymous_5)
FNDA:0,(anonymous_6)
FNDA:0,(anonymous_7)
FNDA:0,(anonymous_8)
FNDA:0,(anonymous_9)
FNDA:0,(anonymous_10)
FNDA:0,(anonymous_11)
FNDA:0,(anonymous_12)
FNDA:0,(anonymous_13)
FNDA:0,(anonymous_14)
DA:1,0
DA:2,0
DA:3,0
DA:4,0
DA:6,0
DA:9,0
DA:12,0
DA:16,0
DA:17,0
DA:21,0
DA:22,0
DA:26,0
DA:27,0
DA:31,0
DA:32,0
DA:33,0
DA:37,0
DA:38,0
DA:39,0
DA:43,0
DA:47,0
DA:48,0
DA:52,0
DA:53,0
DA:57,0
DA:70,0
DA:71,0
DA:72,0
DA:73,0
DA:74,0
DA:75,0
DA:76,0
DA:77,0
DA:78,0
DA:79,0
LF:35
LH:0
BRDA:17,0,0,0
BRDA:17,0,1,0
BRDA:22,1,0,0
BRDA:22,1,1,0
BRDA:27,2,0,0
BRDA:27,2,1,0
BRDA:71,3,0,0
BRDA:71,3,1,0
BRDA:75,4,0,0
BRDA:75,4,1,0
BRF:10
BRH:0
end_of_record
TN:
SF:src/presentation/controllers/analytics.controller.ts
FN:26,(anonymous_4)
FN:34,(anonymous_5)
FN:52,(anonymous_6)
FN:64,(anonymous_7)
FN:84,(anonymous_8)
FN:100,(anonymous_9)
FN:111,(anonymous_10)
FNF:7
FNH:0
FNDA:0,(anonymous_4)
FNDA:0,(anonymous_5)
FNDA:0,(anonymous_6)
FNDA:0,(anonymous_7)
FNDA:0,(anonymous_8)
FNDA:0,(anonymous_9)
FNDA:0,(anonymous_10)
DA:1,0
DA:12,0
DA:13,0
DA:14,0
DA:15,0
DA:25,0
DA:26,0
DA:34,0
DA:38,0
DA:52,0
DA:55,0
DA:56,0
DA:64,0
DA:69,0
DA:70,0
DA:73,0
DA:74,0
DA:84,0
DA:88,0
DA:89,0
DA:91,0
DA:92,0
DA:100,0
DA:101,0
DA:102,0
DA:111,0
DA:119,0
DA:121,0
LF:28
LH:0
BRDA:39,0,0,0
BRDA:39,0,1,0
BRDA:69,1,0,0
BRDA:69,1,1,0
BRDA:69,2,0,0
BRDA:69,2,1,0
BRDA:88,3,0,0
BRDA:88,3,1,0
BRDA:89,4,0,0
BRDA:89,4,1,0
BRDA:113,5,0,0
BRF:11
BRH:0
end_of_record
TN:
SF:src/presentation/controllers/auth.controller.ts
FN:20,(anonymous_4)
FN:25,(anonymous_5)
FN:32,(anonymous_6)
FN:38,(anonymous_7)
FN:49,(anonymous_8)
FNF:5
FNH:0
FNDA:0,(anonymous_4)
FNDA:0,(anonymous_5)
FNDA:0,(anonymous_6)
FNDA:0,(anonymous_7)
FNDA:0,(anonymous_8)
DA:1,0
DA:10,0
DA:11,0
DA:12,0
DA:13,0
DA:14,0
DA:15,0
DA:19,0
DA:20,0
DA:25,0
DA:26,0
DA:32,0
DA:33,0
DA:38,0
DA:39,0
DA:49,0
DA:50,0
DA:51,0
LF:18
LH:0
BRF:0
BRH:0
end_of_record
TN:
SF:src/presentation/controllers/health.controller.ts
FN:24,(anonymous_4)
FN:35,(anonymous_5)
FN:59,(anonymous_6)
FN:76,(anonymous_7)
FN:83,(anonymous_8)
FN:93,(anonymous_9)
FNF:6
FNH:0
FNDA:0,(anonymous_4)
FNDA:0,(anonymous_5)
FNDA:0,(anonymous_6)
FNDA:0,(anonymous_7)
FNDA:0,(anonymous_8)
FNDA:0,(anonymous_9)
DA:1,0
DA:2,0
DA:3,0
DA:4,0
DA:5,0
DA:6,0
DA:7,0
DA:23,0
DA:26,0
DA:27,0
DA:35,0
DA:36,0
DA:37,0
DA:39,0
DA:41,0
DA:59,0
DA:60,0
DA:61,0
DA:63,0
DA:76,0
DA:77,0
DA:84,0
DA:85,0
DA:86,0
DA:88,0
DA:89,0
DA:94,0
DA:95,0
DA:96,0
DA:97,0
DA:99,0
DA:100,0
LF:32
LH:0
BRDA:39,0,0,0
BRDA:39,0,1,0
BRDA:42,1,0,0
BRDA:42,1,1,0
BRDA:49,2,0,0
BRDA:49,2,1,0
BRDA:50,3,0,0
BRDA:50,3,1,0
BRDA:64,4,0,0
BRDA:64,4,1,0
BRF:10
BRH:0
end_of_record
TN:
SF:src/presentation/controllers/moderation.controller.ts
FN:37,(anonymous_4)
FN:43,(anonymous_5)
FN:52,(anonymous_6)
FN:66,(anonymous_7)
FN:80,(anonymous_8)
FN:96,(anonymous_9)
FN:106,(anonymous_10)
FN:119,(anonymous_11)
FNF:8
FNH:0
FNDA:0,(anonymous_4)
FNDA:0,(anonymous_5)
FNDA:0,(anonymous_6)
FNDA:0,(anonymous_7)
FNDA:0,(anonymous_8)
FNDA:0,(anonymous_9)
FNDA:0,(anonymous_10)
FNDA:0,(anonymous_11)
DA:1,0
DA:13,0
DA:14,0
DA:15,0
DA:16,0
DA:36,0
DA:37,0
DA:43,0
DA:44,0
DA:52,0
DA:57,0
DA:58,0
DA:59,0
DA:66,0
DA:71,0
DA:72,0
DA:80,0
DA:84,0
DA:89,0
DA:96,0
DA:97,0
DA:98,0
DA:106,0
DA:111,0
DA:112,0
DA:119,0
DA:124,0
DA:125,0
LF:28
LH:0
BRDA:57,0,0,0
BRDA:57,0,1,0
BRF:2
BRH:0
end_of_record
TN:
SF:src/presentation/controllers/stream.controller.ts
FN:26,(anonymous_4)
FN:30,(anonymous_5)
FN:36,(anonymous_6)
FN:46,(anonymous_7)
FN:55,(anonymous_8)
FN:66,(anonymous_9)
FN:80,(anonymous_10)
FN:90,(anonymous_11)
FNF:8
FNH:0
FNDA:0,(anonymous_4)
FNDA:0,(anonymous_5)
FNDA:0,(anonymous_6)
FNDA:0,(anonymous_7)
FNDA:0,(anonymous_8)
FNDA:0,(anonymous_9)
FNDA:0,(anonymous_10)
FNDA:0,(anonymous_11)
DA:1,0
DA:14,0
DA:15,0
DA:20,0
DA:21,0
DA:22,0
DA:25,0
DA:26,0
DA:30,0
DA:31,0
DA:36,0
DA:40,0
DA:46,0
DA:50,0
DA:55,0
DA:60,0
DA:66,0
DA:70,0
DA:71,0
DA:80,0
DA:84,0
DA:90,0
DA:94,0
LF:23
LH:0
BRF:0
BRH:0
end_of_record
TN:
SF:src/presentation/decorators/current-user.decorator.ts
FN:10,(anonymous_0)
FNF:1
FNH:0
FNDA:0,(anonymous_0)
DA:1,0
DA:9,0
DA:11,0
DA:12,0
LF:4
LH:0
BRF:0
BRH:0
end_of_record
TN:
SF:src/presentation/decorators/public.decorator.ts
FN:4,(anonymous_0)
FNF:1
FNH:0
FNDA:0,(anonymous_0)
DA:1,0
DA:3,0
DA:4,0
LF:3
LH:0
BRF:0
BRH:0
end_of_record
TN:
SF:src/presentation/gateways/comment.gateway.ts
FN:37,(anonymous_4)
FN:45,(anonymous_5)
FN:73,(anonymous_6)
FN:83,(anonymous_7)
FN:150,(anonymous_8)
FN:195,(anonymous_9)
FN:262,(anonymous_10)
FN:270,(anonymous_11)
FNF:8
FNH:0
FNDA:0,(anonymous_4)
FNDA:0,(anonymous_5)
FNDA:0,(anonymous_6)
FNDA:0,(anonymous_7)
FNDA:0,(anonymous_8)
FNDA:0,(anonymous_9)
FNDA:0,(anonymous_10)
FNDA:0,(anonymous_11)
DA:1,0
DA:11,0
DA:13,0
DA:14,0
DA:15,0
DA:16,0
DA:17,0
DA:18,0
DA:33,0
DA:35,0
DA:38,0
DA:39,0
DA:40,0
DA:41,0
DA:42,0
DA:46,0
DA:48,0
DA:50,0
DA:51,0
DA:52,0
DA:53,0
DA:54,0
DA:57,0
DA:58,0
DA:62,0
DA:63,0
DA:66,0
DA:68,0
DA:69,0
DA:74,0
DA:77,0
DA:78,0
DA:83,0
DA:87,0
DA:88,0
DA:91,0
DA:92,0
DA:96,0
DA:97,0
DA:100,0
DA:101,0
DA:104,0
DA:113,0
DA:116,0
DA:119,0
DA:129,0
DA:135,0
DA:136,0
DA:137,0
DA:141,0
DA:142,0
DA:150,0
DA:154,0
DA:155,0
DA:158,0
DA:161,0
DA:162,0
DA:165,0
DA:174,0
DA:177,0
DA:180,0
DA:185,0
DA:187,0
DA:190,0
DA:195,0
DA:199,0
DA:201,0
DA:208,0
DA:221,0
DA:224,0
DA:230,0
DA:232,0
DA:233,0
DA:234,0
DA:236,0
DA:237,0
DA:238,0
DA:239,0
DA:240,0
DA:241,0
DA:242,0
DA:243,0
DA:244,0
DA:245,0
DA:248,0
DA:253,0
DA:263,0
DA:271,0
DA:272,0
LF:89
LH:0
BRDA:48,0,0,0
BRDA:48,0,1,0
BRDA:50,1,0,0
BRDA:50,1,1,0
BRDA:77,2,0,0
BRDA:77,2,1,0
BRDA:91,3,0,0
BRDA:91,3,1,0
BRDA:100,4,0,0
BRDA:100,4,1,0
BRDA:105,5,0,0
BRDA:105,5,1,0
BRDA:161,6,0,0
BRDA:161,6,1,0
BRDA:166,7,0,0
BRDA:166,7,1,0
BRDA:202,8,0,0
BRDA:202,8,1,0
BRDA:203,9,0,0
BRDA:203,9,1,0
BRDA:209,10,0,0
BRDA:209,10,1,0
BRDA:236,11,0,0
BRDA:236,11,1,0
BRDA:240,12,0,0
BRDA:240,12,1,0
BRDA:243,13,0,0
BRDA:243,13,1,0
BRDA:272,14,0,0
BRDA:272,14,1,0
BRDA:28,15,0,0
BRDA:28,15,1,0
BRF:32
BRH:0
end_of_record
TN:
SF:src/presentation/guards/jwt-auth.guard.ts
FN:8,(anonymous_2)
FN:12,(anonymous_3)
FNF:2
FNH:0
FNDA:0,(anonymous_2)
FNDA:0,(anonymous_3)
DA:1,0
DA:2,0
DA:3,0
DA:4,0
DA:7,0
DA:8,0
DA:9,0
DA:13,0
DA:18,0
DA:19,0
DA:22,0
LF:11
LH:0
BRDA:18,0,0,0
BRDA:18,0,1,0
BRF:2
BRH:0
end_of_record
TN:
SF:src/presentation/guards/jwt.strategy.ts
FN:10,(anonymous_2)
FN:21,(anonymous_3)
FNF:2
FNH:0
FNDA:0,(anonymous_2)
FNDA:0,(anonymous_3)
DA:1,0
DA:2,0
DA:3,0
DA:4,0
DA:5,0
DA:9,0
DA:11,0
DA:14,0
DA:22,0
DA:23,0
DA:24,0
DA:26,0
LF:12
LH:0
BRDA:23,0,0,0
BRDA:23,0,1,0
BRF:2
BRH:0
end_of_record
