TN:
SF:src/app.controller.ts
FN:7,(anonymous_2)
FN:11,(anonymous_3)
FNF:2
FNH:0
FNDA:0,(anonymous_2)
FNDA:0,(anonymous_3)
DA:1,0
DA:2,0
DA:3,0
DA:6,0
DA:7,0
DA:11,0
DA:12,0
LF:7
LH:0
BRF:0
BRH:0
end_of_record
TN:
SF:src/app.service.ts
FN:5,(anonymous_1)
FNF:1
FNH:0
FNDA:0,(anonymous_1)
DA:1,0
DA:4,0
DA:6,0
LF:3
LH:0
BRF:0
BRH:0
end_of_record
TN:
SF:src/application/dto/auth.dto.ts
FNF:0
FNH:0
DA:1,0
DA:2,0
DA:4,0
DA:17,0
DA:24,0
DA:35,0
DA:38,0
DA:44,0
DA:51,0
DA:54,0
DA:56,0
DA:59,0
DA:70,0
LF:13
LH:0
BRF:0
BRH:0
end_of_record
TN:
SF:src/application/dto/comment.dto.ts
FN:17,(anonymous_2)
FNF:1
FNH:0
FNDA:0,(anonymous_2)
DA:1,0
DA:3,0
DA:5,0
DA:9,0
DA:14,0
DA:17,0
DA:21,0
DA:26,0
DA:30,0
DA:33,0
LF:10
LH:0
BRF:0
BRH:0
end_of_record
TN:
SF:src/application/dto/stream.dto.ts
FN:13,(anonymous_2)
FN:80,(anonymous_3)
FNF:2
FNH:0
FNDA:0,(anonymous_2)
FNDA:0,(anonymous_3)
DA:1,0
DA:13,0
DA:14,0
DA:15,0
DA:16,0
DA:19,0
DA:22,0
DA:28,0
DA:34,0
DA:38,0
DA:41,0
DA:45,0
DA:50,0
DA:54,0
DA:57,0
DA:60,0
DA:65,0
DA:70,0
DA:74,0
DA:77,0
DA:80,0
DA:83,0
DA:88,0
DA:94,0
DA:98,0
DA:101,0
LF:26
LH:0
BRDA:13,0,0,0
BRDA:13,0,1,0
BRF:2
BRH:0
end_of_record
TN:
SF:src/application/services/analytics.service.ts
FN:62,(anonymous_4)
FN:77,(anonymous_5)
FN:110,(anonymous_6)
FN:133,(anonymous_7)
FN:169,(anonymous_8)
FN:178,(anonymous_9)
FN:186,(anonymous_10)
FN:195,(anonymous_11)
FN:217,(anonymous_12)
FN:235,(anonymous_13)
FN:269,(anonymous_14)
FN:281,(anonymous_15)
FN:283,(anonymous_16)
FN:299,(anonymous_17)
FN:317,(anonymous_18)
FN:318,(anonymous_19)
FN:319,(anonymous_20)
FN:323,(anonymous_21)
FN:324,(anonymous_22)
FN:327,(anonymous_23)
FN:337,(anonymous_24)
FN:338,(anonymous_25)
FN:363,(anonymous_26)
FN:401,(anonymous_27)
FN:408,(anonymous_28)
FN:418,(anonymous_29)
FN:428,(anonymous_30)
FN:441,(anonymous_31)
FNF:28
FNH:0
FNDA:0,(anonymous_4)
FNDA:0,(anonymous_5)
FNDA:0,(anonymous_6)
FNDA:0,(anonymous_7)
FNDA:0,(anonymous_8)
FNDA:0,(anonymous_9)
FNDA:0,(anonymous_10)
FNDA:0,(anonymous_11)
FNDA:0,(anonymous_12)
FNDA:0,(anonymous_13)
FNDA:0,(anonymous_14)
FNDA:0,(anonymous_15)
FNDA:0,(anonymous_16)
FNDA:0,(anonymous_17)
FNDA:0,(anonymous_18)
FNDA:0,(anonymous_19)
FNDA:0,(anonymous_20)
FNDA:0,(anonymous_21)
FNDA:0,(anonymous_22)
FNDA:0,(anonymous_23)
FNDA:0,(anonymous_24)
FNDA:0,(anonymous_25)
FNDA:0,(anonymous_26)
FNDA:0,(anonymous_27)
FNDA:0,(anonymous_28)
FNDA:0,(anonymous_29)
FNDA:0,(anonymous_30)
FNDA:0,(anonymous_31)
DA:1,0
DA:2,0
DA:3,0
DA:4,0
DA:5,0
DA:6,0
DA:57,0
DA:64,0
DA:66,0
DA:67,0
DA:69,0
DA:70,0
DA:71,0
DA:79,0
DA:80,0
DA:81,0
DA:84,0
DA:86,0
DA:87,0
DA:89,0
DA:90,0
DA:92,0
DA:93,0
DA:97,0
DA:101,0
DA:111,0
DA:112,0
DA:115,0
DA:116,0
DA:118,0
DA:121,0
DA:124,0
DA:125,0
DA:126,0
DA:127,0
DA:134,0
DA:135,0
DA:138,0
DA:139,0
DA:140,0
DA:141,0
DA:144,0
DA:154,0
DA:158,0
DA:161,0
DA:162,0
DA:163,0
DA:170,0
DA:173,0
DA:174,0
DA:177,0
DA:178,0
DA:179,0
DA:180,0
DA:182,0
DA:186,0
DA:187,0
DA:189,0
DA:196,0
DA:197,0
DA:199,0
DA:211,0
DA:222,0
DA:225,0
DA:226,0
DA:227,0
DA:229,0
DA:237,0
DA:243,0
DA:244,0
DA:245,0
DA:246,0
DA:248,0
DA:249,0
DA:250,0
DA:251,0
DA:254,0
DA:255,0
DA:258,0
DA:259,0
DA:263,0
DA:268,0
DA:269,0
DA:272,0
DA:280,0
DA:281,0
DA:283,0
DA:285,0
DA:303,0
DA:304,0
DA:305,0
DA:308,0
DA:315,0
DA:316,0
DA:317,0
DA:318,0
DA:319,0
DA:322,0
DA:323,0
DA:324,0
DA:326,0
DA:327,0
DA:331,0
DA:332,0
DA:333,0
DA:337,0
DA:338,0
DA:339,0
DA:340,0
DA:343,0
DA:350,0
DA:364,0
DA:368,0
DA:369,0
DA:370,0
DA:372,0
DA:373,0
DA:374,0
DA:375,0
DA:377,0
DA:382,0
DA:383,0
DA:401,0
DA:403,0
DA:408,0
DA:422,0
DA:423,0
DA:425,0
DA:428,0
DA:435,0
DA:436,0
DA:439,0
DA:442,0
DA:446,0
LF:134
LH:0
BRDA:79,0,0,0
BRDA:79,0,1,0
BRDA:84,1,0,0
BRDA:84,1,1,0
BRDA:84,1,2,0
BRDA:112,2,0,0
BRDA:112,2,1,0
BRDA:115,3,0,0
BRDA:115,3,1,0
BRDA:135,4,0,0
BRDA:135,4,1,0
BRDA:139,5,0,0
BRDA:139,5,1,0
BRDA:139,6,0,0
BRDA:139,6,1,0
BRDA:179,7,0,0
BRDA:179,7,1,0
BRDA:196,8,0,0
BRDA:196,8,1,0
BRDA:222,9,0,0
BRDA:222,9,1,0
BRDA:222,10,0,0
BRDA:222,10,1,0
BRDA:250,11,0,0
BRDA:250,11,1,0
BRDA:251,12,0,0
BRDA:251,12,1,0
BRDA:254,13,0,0
BRDA:254,13,1,0
BRDA:268,14,0,0
BRDA:268,14,1,0
BRDA:304,15,0,0
BRDA:304,15,1,0
BRDA:305,16,0,0
BRDA:305,16,1,0
BRDA:317,17,0,0
BRDA:317,17,1,0
BRDA:323,18,0,0
BRDA:323,18,1,0
BRDA:326,19,0,0
BRDA:326,19,1,0
BRDA:373,20,0,0
BRDA:373,20,1,0
BRDA:382,21,0,0
BRDA:382,21,1,0
BRDA:382,22,0,0
BRDA:382,22,1,0
BRDA:393,23,0,0
BRDA:393,23,1,0
BRDA:407,24,0,0
BRDA:407,24,1,0
BRDA:420,25,0,0
BRDA:423,26,0,0
BRDA:423,26,1,0
BRDA:435,27,0,0
BRDA:435,27,1,0
BRDA:442,28,0,0
BRDA:442,28,1,0
BRDA:442,29,0,0
BRDA:442,29,1,0
BRF:60
BRH:0
end_of_record
TN:
SF:src/application/services/auth.service.ts
FN:11,(anonymous_4)
FN:18,(anonymous_5)
FN:54,(anonymous_6)
FN:82,(anonymous_7)
FN:86,(anonymous_8)
FN:94,(anonymous_9)
FN:106,(anonymous_10)
FNF:7
FNH:6
FNDA:10,(anonymous_4)
FNDA:3,(anonymous_5)
FNDA:3,(anonymous_6)
FNDA:2,(anonymous_7)
FNDA:0,(anonymous_8)
FNDA:2,(anonymous_9)
FNDA:2,(anonymous_10)
DA:1,1
DA:2,1
DA:3,1
DA:4,1
DA:5,1
DA:10,1
DA:13,10
DA:14,10
DA:15,10
DA:20,3
DA:21,3
DA:22,1
DA:26,2
DA:27,2
DA:28,1
DA:32,1
DA:33,1
DA:36,1
DA:37,1
DA:40,1
DA:42,1
DA:56,3
DA:57,3
DA:58,1
DA:62,2
DA:63,2
DA:64,1
DA:68,1
DA:70,1
DA:83,2
DA:87,0
DA:88,0
DA:89,0
DA:91,0
DA:95,2
DA:101,2
DA:107,2
DA:108,2
DA:110,1
LF:39
LH:35
BRDA:21,0,0,1
BRDA:21,0,1,2
BRDA:27,1,0,1
BRDA:27,1,1,1
BRDA:48,2,0,1
BRDA:48,2,1,1
BRDA:57,3,0,1
BRDA:57,3,1,2
BRDA:63,4,0,1
BRDA:63,4,1,1
BRDA:76,5,0,1
BRDA:76,5,1,1
BRDA:88,6,0,0
BRDA:88,6,1,0
BRF:14
BRH:12
end_of_record
TN:
SF:src/application/services/comment.service.ts
FN:22,(anonymous_4)
FN:34,(anonymous_5)
FN:120,(anonymous_6)
FN:140,(anonymous_7)
FN:145,(anonymous_8)
FN:151,(anonymous_9)
FN:170,(anonymous_10)
FNF:7
FNH:0
FNDA:0,(anonymous_4)
FNDA:0,(anonymous_5)
FNDA:0,(anonymous_6)
FNDA:0,(anonymous_7)
FNDA:0,(anonymous_8)
FNDA:0,(anonymous_9)
FNDA:0,(anonymous_10)
DA:1,0
DA:8,0
DA:11,0
DA:12,0
DA:13,0
DA:14,0
DA:18,0
DA:24,0
DA:26,0
DA:27,0
DA:28,0
DA:30,0
DA:31,0
DA:40,0
DA:41,0
DA:42,0
DA:45,0
DA:46,0
DA:50,0
DA:51,0
DA:55,0
DA:56,0
DA:62,0
DA:63,0
DA:68,0
DA:74,0
DA:75,0
DA:81,0
DA:82,0
DA:83,0
DA:87,0
DA:88,0
DA:92,0
DA:95,0
DA:105,0
DA:106,0
DA:112,0
DA:115,0
DA:117,0
DA:126,0
DA:127,0
DA:128,0
DA:132,0
DA:137,0
DA:139,0
DA:140,0
DA:147,0
DA:148,0
DA:152,0
DA:153,0
DA:154,0
DA:158,0
DA:159,0
DA:160,0
DA:163,0
DA:164,0
DA:167,0
DA:171,0
LF:58
LH:0
BRDA:41,0,0,0
BRDA:41,0,1,0
BRDA:45,1,0,0
BRDA:45,1,1,0
BRDA:50,2,0,0
BRDA:50,2,1,0
BRDA:55,3,0,0
BRDA:55,3,1,0
BRDA:62,4,0,0
BRDA:62,4,1,0
BRDA:74,5,0,0
BRDA:74,5,1,0
BRDA:76,6,0,0
BRDA:76,6,1,0
BRDA:82,7,0,0
BRDA:82,7,1,0
BRDA:87,8,0,0
BRDA:87,8,1,0
BRDA:87,9,0,0
BRDA:87,9,1,0
BRDA:100,10,0,0
BRDA:100,10,1,0
BRDA:122,11,0,0
BRDA:123,12,0,0
BRDA:127,13,0,0
BRDA:127,13,1,0
BRDA:153,14,0,0
BRDA:153,14,1,0
BRDA:159,15,0,0
BRDA:159,15,1,0
BRDA:163,16,0,0
BRDA:163,16,1,0
BRDA:163,17,0,0
BRDA:163,17,1,0
BRDA:174,18,0,0
BRDA:174,18,1,0
BRDA:176,19,0,0
BRDA:176,19,1,0
BRF:38
BRH:0
end_of_record
TN:
SF:src/application/services/moderation.service.ts
FN:25,(anonymous_2)
FN:33,(anonymous_3)
FN:36,(anonymous_4)
FN:52,(anonymous_5)
FN:70,(anonymous_6)
FN:73,(anonymous_7)
FN:82,(anonymous_8)
FN:132,(anonymous_9)
FN:152,(anonymous_10)
FN:170,(anonymous_11)
FN:192,(anonymous_12)
FN:203,(anonymous_13)
FN:226,(anonymous_14)
FN:239,(anonymous_15)
FN:270,(anonymous_16)
FN:279,(anonymous_17)
FN:287,(anonymous_18)
FN:303,(anonymous_19)
FN:330,(anonymous_20)
FN:346,(anonymous_21)
FN:358,(anonymous_22)
FN:365,(anonymous_23)
FN:372,(anonymous_24)
FNF:23
FNH:0
FNDA:0,(anonymous_2)
FNDA:0,(anonymous_3)
FNDA:0,(anonymous_4)
FNDA:0,(anonymous_5)
FNDA:0,(anonymous_6)
FNDA:0,(anonymous_7)
FNDA:0,(anonymous_8)
FNDA:0,(anonymous_9)
FNDA:0,(anonymous_10)
FNDA:0,(anonymous_11)
FNDA:0,(anonymous_12)
FNDA:0,(anonymous_13)
FNDA:0,(anonymous_14)
FNDA:0,(anonymous_15)
FNDA:0,(anonymous_16)
FNDA:0,(anonymous_17)
FNDA:0,(anonymous_18)
FNDA:0,(anonymous_19)
FNDA:0,(anonymous_20)
FNDA:0,(anonymous_21)
FNDA:0,(anonymous_22)
FNDA:0,(anonymous_23)
FNDA:0,(anonymous_24)
DA:1,0
DA:2,0
DA:19,0
DA:26,0
DA:28,0
DA:29,0
DA:30,0
DA:31,0
DA:33,0
DA:38,0
DA:53,0
DA:71,0
DA:72,0
DA:73,0
DA:74,0
DA:88,0
DA:89,0
DA:97,0
DA:98,0
DA:99,0
DA:100,0
DA:104,0
DA:105,0
DA:106,0
DA:107,0
DA:111,0
DA:112,0
DA:113,0
DA:114,0
DA:115,0
DA:120,0
DA:121,0
DA:122,0
DA:123,0
DA:126,0
DA:133,0
DA:135,0
DA:136,0
DA:137,0
DA:146,0
DA:153,0
DA:154,0
DA:155,0
DA:164,0
DA:174,0
DA:175,0
DA:177,0
DA:178,0
DA:186,0
DA:197,0
DA:199,0
DA:200,0
DA:202,0
DA:203,0
DA:204,0
DA:207,0
DA:208,0
DA:218,0
DA:220,0
DA:227,0
DA:228,0
DA:230,0
DA:232,0
DA:233,0
DA:240,0
DA:242,0
DA:243,0
DA:246,0
DA:247,0
DA:250,0
DA:251,0
DA:252,0
DA:253,0
DA:255,0
DA:264,0
DA:271,0
DA:272,0
DA:273,0
DA:280,0
DA:281,0
DA:288,0
DA:289,0
DA:291,0
DA:292,0
DA:295,0
DA:296,0
DA:304,0
DA:306,0
DA:307,0
DA:308,0
DA:309,0
DA:310,0
DA:313,0
DA:314,0
DA:315,0
DA:318,0
DA:335,0
DA:347,0
DA:359,0
DA:366,0
DA:373,0
LF:101
LH:0
BRDA:72,0,0,0
BRDA:72,0,1,0
BRDA:88,1,0,0
BRDA:88,1,1,0
BRDA:88,2,0,0
BRDA:88,2,1,0
BRDA:98,3,0,0
BRDA:98,3,1,0
BRDA:105,4,0,0
BRDA:105,4,1,0
BRDA:111,5,0,0
BRDA:111,5,1,0
BRDA:113,6,0,0
BRDA:113,6,1,0
BRDA:121,7,0,0
BRDA:121,7,1,0
BRDA:136,8,0,0
BRDA:136,8,1,0
BRDA:154,9,0,0
BRDA:154,9,1,0
BRDA:177,10,0,0
BRDA:177,10,1,0
BRDA:197,11,0,0
BRDA:197,11,1,0
BRDA:202,12,0,0
BRDA:202,12,1,0
BRDA:202,13,0,0
BRDA:202,13,1,0
BRDA:207,14,0,0
BRDA:207,14,1,0
BRDA:227,15,0,0
BRDA:227,15,1,0
BRDA:228,16,0,0
BRDA:228,16,1,0
BRDA:230,17,0,0
BRDA:230,17,1,0
BRDA:252,18,0,0
BRDA:252,18,1,0
BRDA:270,19,0,0
BRDA:289,20,0,0
BRDA:289,20,1,0
BRDA:291,21,0,0
BRDA:291,21,1,0
BRDA:304,22,0,0
BRDA:304,22,1,0
BRDA:307,23,0,0
BRDA:307,23,1,0
BRDA:313,24,0,0
BRDA:313,24,1,0
BRF:49
BRH:0
end_of_record
TN:
SF:src/application/services/stream.service.ts
FN:20,(anonymous_4)
FN:26,(anonymous_5)
FN:42,(anonymous_6)
FN:62,(anonymous_7)
FN:76,(anonymous_8)
FN:84,(anonymous_9)
FN:112,(anonymous_10)
FN:132,(anonymous_11)
FN:179,(anonymous_12)
FN:197,(anonymous_13)
FN:202,(anonymous_14)
FNF:11
FNH:0
FNDA:0,(anonymous_4)
FNDA:0,(anonymous_5)
FNDA:0,(anonymous_6)
FNDA:0,(anonymous_7)
FNDA:0,(anonymous_8)
FNDA:0,(anonymous_9)
FNDA:0,(anonymous_10)
FNDA:0,(anonymous_11)
FNDA:0,(anonymous_12)
FNDA:0,(anonymous_13)
FNDA:0,(anonymous_14)
DA:1,0
DA:8,0
DA:10,0
DA:19,0
DA:22,0
DA:23,0
DA:30,0
DA:37,0
DA:39,0
DA:44,0
DA:45,0
DA:46,0
DA:49,0
DA:50,0
DA:51,0
DA:54,0
DA:57,0
DA:59,0
DA:63,0
DA:68,0
DA:73,0
DA:75,0
DA:76,0
DA:89,0
DA:90,0
DA:91,0
DA:94,0
DA:95,0
DA:99,0
DA:100,0
DA:101,0
DA:102,0
DA:104,0
DA:107,0
DA:109,0
DA:113,0
DA:114,0
DA:115,0
DA:118,0
DA:119,0
DA:122,0
DA:123,0
DA:125,0
DA:128,0
DA:129,0
DA:142,0
DA:143,0
DA:144,0
DA:147,0
DA:148,0
DA:151,0
DA:152,0
DA:154,0
DA:157,0
DA:158,0
DA:160,0
DA:165,0
DA:167,0
DA:180,0
DA:181,0
DA:182,0
DA:185,0
DA:186,0
DA:189,0
DA:190,0
DA:193,0
DA:194,0
DA:198,0
DA:199,0
DA:206,0
DA:208,0
LF:71
LH:0
BRDA:45,0,0,0
BRDA:45,0,1,0
BRDA:50,1,0,0
BRDA:50,1,1,0
BRDA:69,2,0,0
BRDA:69,2,1,0
BRDA:70,3,0,0
BRDA:70,3,1,0
BRDA:90,4,0,0
BRDA:90,4,1,0
BRDA:94,5,0,0
BRDA:94,5,1,0
BRDA:99,6,0,0
BRDA:99,6,1,0
BRDA:100,7,0,0
BRDA:100,7,1,0
BRDA:101,8,0,0
BRDA:101,8,1,0
BRDA:102,9,0,0
BRDA:102,9,1,0
BRDA:114,10,0,0
BRDA:114,10,1,0
BRDA:118,11,0,0
BRDA:118,11,1,0
BRDA:143,12,0,0
BRDA:143,12,1,0
BRDA:147,13,0,0
BRDA:147,13,1,0
BRDA:160,14,0,0
BRDA:160,14,1,0
BRDA:160,15,0,0
BRDA:160,15,1,0
BRDA:181,16,0,0
BRDA:181,16,1,0
BRDA:185,17,0,0
BRDA:185,17,1,0
BRDA:189,18,0,0
BRDA:189,18,1,0
BRDA:211,19,0,0
BRDA:211,19,1,0
BRDA:212,20,0,0
BRDA:212,20,1,0
BRDA:220,21,0,0
BRDA:220,21,1,0
BRDA:221,22,0,0
BRDA:221,22,1,0
BRDA:222,23,0,0
BRDA:222,23,1,0
BRDA:224,24,0,0
BRDA:224,24,1,0
BRDA:225,25,0,0
BRDA:225,25,1,0
BRF:52
BRH:0
end_of_record
TN:
SF:src/domain/entities/comment.entity.ts
FN:8,(anonymous_0)
FN:25,(anonymous_1)
FN:58,(anonymous_2)
FN:108,(anonymous_3)
FNF:4
FNH:0
FNDA:0,(anonymous_0)
FNDA:0,(anonymous_1)
FNDA:0,(anonymous_2)
FNDA:0,(anonymous_3)
DA:7,0
DA:9,0
DA:10,0
DA:11,0
DA:12,0
DA:13,0
DA:14,0
DA:15,0
DA:16,0
DA:17,0
DA:18,0
DA:19,0
DA:20,0
DA:21,0
DA:22,0
DA:33,0
DA:34,0
DA:35,0
DA:36,0
DA:37,0
DA:38,0
DA:40,0
DA:59,0
DA:65,0
DA:67,0
DA:68,0
DA:71,0
DA:72,0
DA:73,0
DA:74,0
DA:78,0
DA:91,0
DA:92,0
DA:93,0
DA:94,0
DA:99,0
DA:100,0
DA:101,0
DA:102,0
DA:105,0
DA:109,0
LF:41
LH:0
BRDA:65,0,0,0
BRDA:65,0,1,0
BRDA:71,1,0,0
BRDA:71,1,1,0
BRDA:71,2,0,0
BRDA:71,2,1,0
BRDA:73,3,0,0
BRDA:73,3,1,0
BRDA:73,4,0,0
BRDA:73,4,1,0
BRDA:92,5,0,0
BRDA:92,5,1,0
BRDA:99,6,0,0
BRDA:99,6,1,0
BRDA:101,7,0,0
BRDA:101,7,1,0
BRF:16
BRH:0
end_of_record
TN:
SF:src/domain/entities/stream.entity.ts
FN:11,(anonymous_0)
FN:28,(anonymous_1)
FN:61,(anonymous_2)
FN:70,(anonymous_3)
FN:79,(anonymous_4)
FN:88,(anonymous_5)
FN:96,(anonymous_6)
FN:101,(anonymous_7)
FNF:8
FNH:0
FNDA:0,(anonymous_0)
FNDA:0,(anonymous_1)
FNDA:0,(anonymous_2)
FNDA:0,(anonymous_3)
FNDA:0,(anonymous_4)
FNDA:0,(anonymous_5)
FNDA:0,(anonymous_6)
FNDA:0,(anonymous_7)
DA:10,0
DA:12,0
DA:13,0
DA:14,0
DA:15,0
DA:16,0
DA:17,0
DA:18,0
DA:19,0
DA:20,0
DA:21,0
DA:22,0
DA:23,0
DA:24,0
DA:25,0
DA:34,0
DA:35,0
DA:43,0
DA:62,0
DA:63,0
DA:64,0
DA:65,0
DA:67,0
DA:71,0
DA:72,0
DA:74,0
DA:75,0
DA:76,0
DA:80,0
DA:81,0
DA:83,0
DA:84,0
DA:85,0
DA:89,0
DA:90,0
DA:91,0
DA:93,0
DA:97,0
DA:98,0
DA:102,0
DA:103,0
DA:104,0
DA:105,0
LF:43
LH:0
BRDA:47,0,0,0
BRDA:47,0,1,0
BRDA:71,1,0,0
BRDA:71,1,1,0
BRDA:80,2,0,0
BRDA:80,2,1,0
BRDA:90,3,0,0
BRDA:90,3,1,0
BRDA:102,4,0,0
BRDA:102,4,1,0
BRDA:103,5,0,0
BRDA:103,5,1,0
BRDA:103,6,0,0
BRDA:103,6,1,0
BRDA:104,7,0,0
BRDA:104,7,1,0
BRF:16
BRH:0
end_of_record
TN:
SF:src/domain/entities/user.entity.ts
FN:2,(anonymous_0)
FN:13,(anonymous_1)
FN:31,(anonymous_2)
FN:37,(anonymous_3)
FNF:4
FNH:2
FNDA:2,(anonymous_0)
FNDA:1,(anonymous_1)
FNDA:0,(anonymous_2)
FNDA:0,(anonymous_3)
DA:1,1
DA:3,2
DA:4,2
DA:5,2
DA:6,2
DA:7,2
DA:8,2
DA:9,2
DA:10,2
DA:18,1
DA:19,1
DA:32,0
DA:33,0
DA:34,0
DA:38,0
LF:15
LH:11
BRDA:32,0,0,0
BRDA:32,0,1,0
BRDA:33,1,0,0
BRDA:33,1,1,0
BRF:4
BRH:0
end_of_record
TN:
SF:src/domain/services/comment-validator.service.ts
FN:15,(anonymous_0)
FN:22,(anonymous_1)
FN:25,(anonymous_2)
FN:66,(anonymous_3)
FN:89,(anonymous_4)
FN:125,(anonymous_5)
FN:135,(anonymous_6)
FN:138,(anonymous_7)
FN:141,(anonymous_8)
FN:145,(anonymous_9)
FN:149,(anonymous_10)
FNF:11
FNH:0
FNDA:0,(anonymous_0)
FNDA:0,(anonymous_1)
FNDA:0,(anonymous_2)
FNDA:0,(anonymous_3)
FNDA:0,(anonymous_4)
FNDA:0,(anonymous_5)
FNDA:0,(anonymous_6)
FNDA:0,(anonymous_7)
FNDA:0,(anonymous_8)
FNDA:0,(anonymous_9)
FNDA:0,(anonymous_10)
DA:6,0
DA:10,0
DA:11,0
DA:12,0
DA:13,0
DA:20,0
DA:21,0
DA:22,0
DA:26,0
DA:29,0
DA:30,0
DA:31,0
DA:35,0
DA:38,0
DA:39,0
DA:42,0
DA:43,0
DA:47,0
DA:48,0
DA:49,0
DA:50,0
DA:51,0
DA:56,0
DA:57,0
DA:60,0
DA:67,0
DA:70,0
DA:76,0
DA:79,0
DA:82,0
DA:83,0
DA:86,0
DA:91,0
DA:92,0
DA:93,0
DA:97,0
DA:98,0
DA:100,0
DA:101,0
DA:102,0
DA:103,0
DA:104,0
DA:105,0
DA:111,0
DA:112,0
DA:113,0
DA:117,0
DA:118,0
DA:119,0
DA:122,0
DA:126,0
DA:128,0
DA:135,0
DA:138,0
DA:142,0
DA:146,0
DA:150,0
LF:57
LH:0
BRDA:16,0,0,0
BRDA:17,1,0,0
BRDA:18,2,0,0
BRDA:29,3,0,0
BRDA:29,3,1,0
BRDA:29,4,0,0
BRDA:29,4,1,0
BRDA:38,5,0,0
BRDA:38,5,1,0
BRDA:42,6,0,0
BRDA:42,6,1,0
BRDA:49,7,0,0
BRDA:49,7,1,0
BRDA:56,8,0,0
BRDA:56,8,1,0
BRDA:82,9,0,0
BRDA:82,9,1,0
BRDA:92,10,0,0
BRDA:92,10,1,0
BRDA:101,11,0,0
BRDA:101,11,1,0
BRDA:102,12,0,0
BRDA:102,12,1,0
BRDA:104,13,0,0
BRDA:104,13,1,0
BRDA:111,14,0,0
BRDA:111,14,1,0
BRDA:112,15,0,0
BRDA:112,15,1,0
BRDA:112,16,0,0
BRDA:112,16,1,0
BRDA:117,17,0,0
BRDA:117,17,1,0
BRDA:118,18,0,0
BRDA:118,18,1,0
BRDA:126,19,0,0
BRDA:126,19,1,0
BRF:37
BRH:0
end_of_record
TN:
SF:src/domain/services/lane-manager.service.ts
FN:12,(anonymous_0)
FN:24,(anonymous_1)
FN:33,(anonymous_2)
FN:72,(anonymous_3)
FN:80,(anonymous_4)
FN:85,(anonymous_5)
FN:95,(anonymous_6)
FN:99,(anonymous_7)
FNF:8
FNH:0
FNDA:0,(anonymous_0)
FNDA:0,(anonymous_1)
FNDA:0,(anonymous_2)
FNDA:0,(anonymous_3)
FNDA:0,(anonymous_4)
FNDA:0,(anonymous_5)
FNDA:0,(anonymous_6)
FNDA:0,(anonymous_7)
DA:6,0
DA:17,0
DA:18,0
DA:19,0
DA:20,0
DA:21,0
DA:25,0
DA:26,0
DA:35,0
DA:38,0
DA:39,0
DA:40,0
DA:42,0
DA:43,0
DA:51,0
DA:52,0
DA:54,0
DA:55,0
DA:56,0
DA:57,0
DA:58,0
DA:63,0
DA:64,0
DA:66,0
DA:73,0
DA:74,0
DA:75,0
DA:82,0
DA:86,0
DA:87,0
DA:88,0
DA:89,0
DA:92,0
DA:96,0
DA:100,0
DA:101,0
DA:103,0
DA:104,0
DA:107,0
LF:39
LH:0
BRDA:13,0,0,0
BRDA:14,1,0,0
BRDA:15,2,0,0
BRDA:33,3,0,0
BRDA:40,4,0,0
BRDA:40,4,1,0
BRDA:56,5,0,0
BRDA:56,5,1,0
BRDA:74,6,0,0
BRDA:74,6,1,0
BRDA:85,7,0,0
BRDA:88,8,0,0
BRDA:88,8,1,0
BRF:13
BRH:0
end_of_record
TN:
SF:src/domain/value-objects/comment-style.vo.ts
FN:5,(anonymous_0)
FN:13,(anonymous_1)
FN:20,(anonymous_2)
FN:25,(anonymous_3)
FN:69,(anonymous_4)
FN:77,(anonymous_5)
FN:81,(anonymous_6)
FN:89,(anonymous_7)
FNF:8
FNH:0
FNDA:0,(anonymous_0)
FNDA:0,(anonymous_1)
FNDA:0,(anonymous_2)
FNDA:0,(anonymous_3)
FNDA:0,(anonymous_4)
FNDA:0,(anonymous_5)
FNDA:0,(anonymous_6)
FNDA:0,(anonymous_7)
DA:4,0
DA:6,0
DA:7,0
DA:8,0
DA:10,0
DA:14,0
DA:15,0
DA:16,0
DA:21,0
DA:23,0
DA:25,0
DA:27,0
DA:28,0
DA:29,0
DA:32,0
DA:33,0
DA:34,0
DA:35,0
DA:39,0
DA:52,0
DA:53,0
DA:54,0
DA:55,0
DA:60,0
DA:61,0
DA:62,0
DA:63,0
DA:66,0
DA:70,0
DA:71,0
DA:72,0
DA:73,0
DA:78,0
DA:82,0
DA:90,0
LF:35
LH:0
BRDA:15,0,0,0
BRDA:15,0,1,0
BRDA:23,1,0,0
BRDA:23,1,1,0
BRDA:32,2,0,0
BRDA:32,2,1,0
BRDA:32,3,0,0
BRDA:32,3,1,0
BRDA:34,4,0,0
BRDA:34,4,1,0
BRDA:34,5,0,0
BRDA:34,5,1,0
BRDA:53,6,0,0
BRDA:53,6,1,0
BRDA:60,7,0,0
BRDA:60,7,1,0
BRDA:62,8,0,0
BRDA:62,8,1,0
BRDA:70,9,0,0
BRDA:70,9,1,0
BRDA:70,9,2,0
BRDA:77,10,0,0
BRDA:83,11,0,0
BRDA:83,11,1,0
BRDA:83,11,2,0
BRF:25
BRH:0
end_of_record
TN:
SF:src/domain/value-objects/stream-status.vo.ts
FN:4,(anonymous_0)
FN:8,(anonymous_1)
FN:14,(anonymous_2)
FN:18,(anonymous_3)
FN:22,(anonymous_4)
FN:26,(anonymous_5)
FN:30,(anonymous_6)
FN:34,(anonymous_7)
FN:38,(anonymous_8)
FN:42,(anonymous_9)
FN:46,(anonymous_10)
FN:50,(anonymous_11)
FN:54,(anonymous_12)
FN:58,(anonymous_13)
FNF:14
FNH:0
FNDA:0,(anonymous_0)
FNDA:0,(anonymous_1)
FNDA:0,(anonymous_2)
FNDA:0,(anonymous_3)
FNDA:0,(anonymous_4)
FNDA:0,(anonymous_5)
FNDA:0,(anonymous_6)
FNDA:0,(anonymous_7)
FNDA:0,(anonymous_8)
FNDA:0,(anonymous_9)
FNDA:0,(anonymous_10)
FNDA:0,(anonymous_11)
FNDA:0,(anonymous_12)
FNDA:0,(anonymous_13)
DA:1,0
DA:2,0
DA:4,0
DA:5,0
DA:9,0
DA:10,0
DA:15,0
DA:19,0
DA:23,0
DA:27,0
DA:31,0
DA:35,0
DA:39,0
DA:43,0
DA:47,0
DA:51,0
DA:55,0
DA:59,0
LF:18
LH:0
BRDA:9,0,0,0
BRDA:9,0,1,0
BRF:2
BRH:0
end_of_record
TN:
SF:src/infrastructure/config/database.config.ts
FN:7,(anonymous_0)
FNF:1
FNH:0
FNDA:0,(anonymous_0)
DA:3,0
DA:4,0
DA:5,0
DA:7,0
DA:9,0
LF:5
LH:0
BRF:0
BRH:0
end_of_record
TN:
SF:src/infrastructure/database/entities/comment.schema.ts
FN:22,(anonymous_2)
FN:30,(anonymous_3)
FNF:2
FNH:0
FNDA:0,(anonymous_2)
FNDA:0,(anonymous_3)
DA:1,0
DA:10,0
DA:11,0
DA:14,0
DA:16,0
DA:20,0
DA:22,0
DA:24,0
DA:28,0
DA:30,0
DA:32,0
DA:35,0
DA:38,0
DA:41,0
DA:45,0
LF:15
LH:0
BRF:0
BRH:0
end_of_record
TN:
SF:src/infrastructure/database/entities/stream.schema.ts
FN:22,(anonymous_2)
FNF:1
FNH:0
FNDA:0,(anonymous_2)
DA:1,0
DA:11,0
DA:14,0
DA:16,0
DA:20,0
DA:22,0
DA:24,0
DA:27,0
DA:30,0
DA:33,0
DA:36,0
DA:44,0
DA:47,0
DA:50,0
DA:53,0
DA:56,0
DA:59,0
DA:62,0
DA:65,0
DA:68,0
DA:72,0
DA:75,0
LF:22
LH:0
BRF:0
BRH:0
end_of_record
TN:
SF:src/infrastructure/database/entities/user.schema.ts
FNF:0
FNH:0
DA:1,0
DA:4,0
DA:6,0
DA:10,0
DA:14,0
DA:17,0
DA:20,0
DA:23,0
DA:26,0
DA:29,0
LF:10
LH:0
BRF:0
BRH:0
end_of_record
TN:
SF:src/infrastructure/redis/redis.service.ts
FN:9,(anonymous_2)
FN:11,(anonymous_3)
FN:15,(anonymous_4)
FN:23,(anonymous_5)
FN:27,(anonymous_6)
FN:32,(anonymous_7)
FN:37,(anonymous_8)
FN:44,(anonymous_9)
FN:47,(anonymous_10)
FN:51,(anonymous_11)
FN:58,(anonymous_12)
FN:64,(anonymous_13)
FN:69,(anonymous_14)
FN:76,(anonymous_15)
FN:104,(anonymous_16)
FN:121,(anonymous_17)
FN:130,(anonymous_18)
FN:135,(anonymous_19)
FN:141,(anonymous_20)
FN:146,(anonymous_21)
FN:152,(anonymous_22)
FN:158,(anonymous_23)
FN:163,(anonymous_24)
FN:168,(anonymous_25)
FN:183,(anonymous_26)
FN:191,(anonymous_27)
FN:196,(anonymous_28)
FN:202,(anonymous_29)
FN:208,(anonymous_30)
FN:213,(anonymous_31)
FN:219,(anonymous_32)
FN:227,(anonymous_33)
FNF:32
FNH:0
FNDA:0,(anonymous_2)
FNDA:0,(anonymous_3)
FNDA:0,(anonymous_4)
FNDA:0,(anonymous_5)
FNDA:0,(anonymous_6)
FNDA:0,(anonymous_7)
FNDA:0,(anonymous_8)
FNDA:0,(anonymous_9)
FNDA:0,(anonymous_10)
FNDA:0,(anonymous_11)
FNDA:0,(anonymous_12)
FNDA:0,(anonymous_13)
FNDA:0,(anonymous_14)
FNDA:0,(anonymous_15)
FNDA:0,(anonymous_16)
FNDA:0,(anonymous_17)
FNDA:0,(anonymous_18)
FNDA:0,(anonymous_19)
FNDA:0,(anonymous_20)
FNDA:0,(anonymous_21)
FNDA:0,(anonymous_22)
FNDA:0,(anonymous_23)
FNDA:0,(anonymous_24)
FNDA:0,(anonymous_25)
FNDA:0,(anonymous_26)
FNDA:0,(anonymous_27)
FNDA:0,(anonymous_28)
FNDA:0,(anonymous_29)
FNDA:0,(anonymous_30)
FNDA:0,(anonymous_31)
FNDA:0,(anonymous_32)
FNDA:0,(anonymous_33)
DA:1,0
DA:2,0
DA:3,0
DA:6,0
DA:9,0
DA:12,0
DA:16,0
DA:17,0
DA:19,0
DA:23,0
DA:24,0
DA:27,0
DA:28,0
DA:33,0
DA:38,0
DA:39,0
DA:40,0
DA:41,0
DA:45,0
DA:46,0
DA:47,0
DA:52,0
DA:53,0
DA:54,0
DA:55,0
DA:59,0
DA:60,0
DA:61,0
DA:65,0
DA:66,0
DA:70,0
DA:71,0
DA:72,0
DA:77,0
DA:78,0
DA:81,0
DA:82,0
DA:83,0
DA:84,0
DA:89,0
DA:90,0
DA:91,0
DA:93,0
DA:94,0
DA:95,0
DA:100,0
DA:110,0
DA:111,0
DA:113,0
DA:114,0
DA:117,0
DA:125,0
DA:126,0
DA:127,0
DA:131,0
DA:132,0
DA:136,0
DA:137,0
DA:142,0
DA:143,0
DA:147,0
DA:148,0
DA:149,0
DA:153,0
DA:154,0
DA:159,0
DA:160,0
DA:164,0
DA:165,0
DA:169,0
DA:170,0
DA:172,0
DA:173,0
DA:174,0
DA:175,0
DA:176,0
DA:177,0
DA:180,0
DA:184,0
DA:185,0
DA:186,0
DA:188,0
DA:192,0
DA:193,0
DA:197,0
DA:198,0
DA:199,0
DA:203,0
DA:204,0
DA:205,0
DA:209,0
DA:210,0
DA:214,0
DA:215,0
DA:216,0
DA:220,0
DA:221,0
DA:222,0
DA:223,0
DA:228,0
LF:100
LH:0
BRDA:16,0,0,0
BRDA:16,0,1,0
BRDA:44,1,0,0
BRDA:83,2,0,0
BRDA:83,2,1,0
BRDA:91,3,0,0
BRDA:91,3,1,0
BRDA:91,4,0,0
BRDA:91,4,1,0
BRDA:107,5,0,0
BRDA:108,6,0,0
BRDA:113,7,0,0
BRDA:113,7,1,0
BRDA:141,8,0,0
BRDA:149,9,0,0
BRDA:149,9,1,0
BRDA:170,10,0,0
BRDA:170,10,1,0
BRDA:176,11,0,0
BRDA:176,11,1,0
BRDA:185,12,0,0
BRDA:185,12,1,0
BRF:22
BRH:0
end_of_record
TN:
SF:src/infrastructure/repositories/comment.repository.ts
FN:10,(anonymous_4)
FN:15,(anonymous_5)
FN:23,(anonymous_6)
FN:35,(anonymous_7)
FN:38,(anonymous_8)
FN:45,(anonymous_9)
FN:48,(anonymous_10)
FN:58,(anonymous_11)
FN:62,(anonymous_12)
FN:66,(anonymous_13)
FN:70,(anonymous_14)
FN:95,(anonymous_15)
FNF:12
FNH:0
FNDA:0,(anonymous_4)
FNDA:0,(anonymous_5)
FNDA:0,(anonymous_6)
FNDA:0,(anonymous_7)
FNDA:0,(anonymous_8)
FNDA:0,(anonymous_9)
FNDA:0,(anonymous_10)
FNDA:0,(anonymous_11)
FNDA:0,(anonymous_12)
FNDA:0,(anonymous_13)
FNDA:0,(anonymous_14)
FNDA:0,(anonymous_15)
DA:1,0
DA:2,0
DA:3,0
DA:4,0
DA:6,0
DA:9,0
DA:12,0
DA:16,0
DA:20,0
DA:28,0
DA:35,0
DA:39,0
DA:45,0
DA:49,0
DA:50,0
DA:51,0
DA:55,0
DA:59,0
DA:63,0
DA:67,0
DA:72,0
DA:75,0
DA:92,0
DA:96,0
DA:97,0
DA:98,0
DA:99,0
DA:100,0
DA:101,0
DA:102,0
DA:103,0
DA:104,0
LF:32
LH:0
BRDA:20,0,0,0
BRDA:20,0,1,0
BRDA:25,1,0,0
BRDA:26,2,0,0
BRDA:38,3,0,0
BRDA:79,4,0,0
BRDA:79,4,1,0
BRDA:88,5,0,0
BRDA:88,5,1,0
BRDA:97,6,0,0
BRDA:97,6,1,0
BRDA:99,7,0,0
BRDA:99,7,1,0
BRDA:101,8,0,0
BRDA:101,8,1,0
BRF:15
BRH:0
end_of_record
TN:
SF:src/infrastructure/repositories/stream.repository.ts
FN:15,(anonymous_4)
FN:20,(anonymous_5)
FN:28,(anonymous_6)
FN:36,(anonymous_7)
FN:68,(anonymous_8)
FN:79,(anonymous_9)
FN:89,(anonymous_10)
FN:99,(anonymous_11)
FN:103,(anonymous_12)
FN:106,(anonymous_13)
FN:110,(anonymous_14)
FN:115,(anonymous_15)
FN:118,(anonymous_16)
FN:144,(anonymous_17)
FNF:14
FNH:0
FNDA:0,(anonymous_4)
FNDA:0,(anonymous_5)
FNDA:0,(anonymous_6)
FNDA:0,(anonymous_7)
FNDA:0,(anonymous_8)
FNDA:0,(anonymous_9)
FNDA:0,(anonymous_10)
FNDA:0,(anonymous_11)
FNDA:0,(anonymous_12)
FNDA:0,(anonymous_13)
FNDA:0,(anonymous_14)
FNDA:0,(anonymous_15)
FNDA:0,(anonymous_16)
FNDA:0,(anonymous_17)
DA:1,0
DA:2,0
DA:3,0
DA:4,0
DA:11,0
DA:14,0
DA:17,0
DA:21,0
DA:25,0
DA:29,0
DA:33,0
DA:40,0
DA:41,0
DA:42,0
DA:44,0
DA:46,0
DA:47,0
DA:50,0
DA:51,0
DA:54,0
DA:55,0
DA:58,0
DA:68,0
DA:70,0
DA:80,0
DA:81,0
DA:82,0
DA:86,0
DA:90,0
DA:91,0
DA:92,0
DA:96,0
DA:100,0
DA:104,0
DA:106,0
DA:111,0
DA:115,0
DA:119,0
DA:126,0
DA:145,0
DA:146,0
DA:147,0
DA:148,0
DA:149,0
DA:150,0
DA:151,0
DA:152,0
DA:153,0
DA:154,0
DA:155,0
DA:156,0
DA:157,0
DA:158,0
DA:159,0
DA:160,0
DA:161,0
DA:162,0
DA:163,0
LF:58
LH:0
BRDA:25,0,0,0
BRDA:25,0,1,0
BRDA:33,1,0,0
BRDA:33,1,1,0
BRDA:40,2,0,0
BRDA:40,2,1,0
BRDA:41,3,0,0
BRDA:41,3,1,0
BRDA:46,4,0,0
BRDA:46,4,1,0
BRDA:50,5,0,0
BRDA:50,5,1,0
BRDA:54,6,0,0
BRDA:54,6,1,0
BRDA:146,7,0,0
BRDA:146,7,1,0
BRDA:149,8,0,0
BRDA:149,8,1,0
BRDA:150,9,0,0
BRDA:150,9,1,0
BRDA:159,10,0,0
BRDA:159,10,1,0
BRDA:160,11,0,0
BRDA:160,11,1,0
BRF:24
BRH:0
end_of_record
TN:
SF:src/infrastructure/repositories/user.repository.ts
FN:10,(anonymous_4)
FN:15,(anonymous_5)
FN:20,(anonymous_6)
FN:25,(anonymous_7)
FN:30,(anonymous_8)
FN:36,(anonymous_9)
FN:42,(anonymous_10)
FN:46,(anonymous_11)
FN:51,(anonymous_12)
FN:56,(anonymous_13)
FN:69,(anonymous_14)
FNF:11
FNH:0
FNDA:0,(anonymous_4)
FNDA:0,(anonymous_5)
FNDA:0,(anonymous_6)
FNDA:0,(anonymous_7)
FNDA:0,(anonymous_8)
FNDA:0,(anonymous_9)
FNDA:0,(anonymous_10)
FNDA:0,(anonymous_11)
FNDA:0,(anonymous_12)
FNDA:0,(anonymous_13)
FNDA:0,(anonymous_14)
DA:1,0
DA:2,0
DA:3,0
DA:4,0
DA:6,0
DA:9,0
DA:12,0
DA:16,0
DA:17,0
DA:21,0
DA:22,0
DA:26,0
DA:27,0
DA:31,0
DA:32,0
DA:33,0
DA:37,0
DA:38,0
DA:39,0
DA:43,0
DA:47,0
DA:48,0
DA:52,0
DA:53,0
DA:57,0
DA:70,0
DA:71,0
DA:72,0
DA:73,0
DA:74,0
DA:75,0
DA:76,0
DA:77,0
DA:78,0
DA:79,0
LF:35
LH:0
BRDA:17,0,0,0
BRDA:17,0,1,0
BRDA:22,1,0,0
BRDA:22,1,1,0
BRDA:27,2,0,0
BRDA:27,2,1,0
BRDA:71,3,0,0
BRDA:71,3,1,0
BRDA:75,4,0,0
BRDA:75,4,1,0
BRF:10
BRH:0
end_of_record
TN:
SF:src/presentation/controllers/analytics.controller.ts
FN:26,(anonymous_4)
FN:34,(anonymous_5)
FN:52,(anonymous_6)
FN:64,(anonymous_7)
FN:84,(anonymous_8)
FN:100,(anonymous_9)
FN:111,(anonymous_10)
FNF:7
FNH:0
FNDA:0,(anonymous_4)
FNDA:0,(anonymous_5)
FNDA:0,(anonymous_6)
FNDA:0,(anonymous_7)
FNDA:0,(anonymous_8)
FNDA:0,(anonymous_9)
FNDA:0,(anonymous_10)
DA:1,0
DA:12,0
DA:13,0
DA:14,0
DA:15,0
DA:25,0
DA:26,0
DA:34,0
DA:38,0
DA:52,0
DA:55,0
DA:56,0
DA:64,0
DA:69,0
DA:70,0
DA:73,0
DA:74,0
DA:84,0
DA:88,0
DA:89,0
DA:91,0
DA:92,0
DA:100,0
DA:101,0
DA:102,0
DA:111,0
DA:119,0
DA:121,0
LF:28
LH:0
BRDA:39,0,0,0
BRDA:39,0,1,0
BRDA:69,1,0,0
BRDA:69,1,1,0
BRDA:69,2,0,0
BRDA:69,2,1,0
BRDA:88,3,0,0
BRDA:88,3,1,0
BRDA:89,4,0,0
BRDA:89,4,1,0
BRDA:113,5,0,0
BRF:11
BRH:0
end_of_record
TN:
SF:src/presentation/controllers/auth.controller.ts
FN:20,(anonymous_4)
FN:25,(anonymous_5)
FN:32,(anonymous_6)
FN:38,(anonymous_7)
FN:49,(anonymous_8)
FNF:5
FNH:0
FNDA:0,(anonymous_4)
FNDA:0,(anonymous_5)
FNDA:0,(anonymous_6)
FNDA:0,(anonymous_7)
FNDA:0,(anonymous_8)
DA:1,0
DA:10,0
DA:11,0
DA:12,0
DA:13,0
DA:14,0
DA:15,0
DA:19,0
DA:20,0
DA:25,0
DA:26,0
DA:32,0
DA:33,0
DA:38,0
DA:39,0
DA:49,0
DA:50,0
DA:51,0
LF:18
LH:0
BRF:0
BRH:0
end_of_record
TN:
SF:src/presentation/controllers/health.controller.ts
FN:24,(anonymous_4)
FN:35,(anonymous_5)
FN:59,(anonymous_6)
FN:76,(anonymous_7)
FN:83,(anonymous_8)
FN:93,(anonymous_9)
FNF:6
FNH:0
FNDA:0,(anonymous_4)
FNDA:0,(anonymous_5)
FNDA:0,(anonymous_6)
FNDA:0,(anonymous_7)
FNDA:0,(anonymous_8)
FNDA:0,(anonymous_9)
DA:1,0
DA:2,0
DA:3,0
DA:4,0
DA:5,0
DA:6,0
DA:7,0
DA:23,0
DA:26,0
DA:27,0
DA:35,0
DA:36,0
DA:37,0
DA:39,0
DA:41,0
DA:59,0
DA:60,0
DA:61,0
DA:63,0
DA:76,0
DA:77,0
DA:84,0
DA:85,0
DA:86,0
DA:88,0
DA:89,0
DA:94,0
DA:95,0
DA:96,0
DA:97,0
DA:99,0
DA:100,0
LF:32
LH:0
BRDA:39,0,0,0
BRDA:39,0,1,0
BRDA:42,1,0,0
BRDA:42,1,1,0
BRDA:49,2,0,0
BRDA:49,2,1,0
BRDA:50,3,0,0
BRDA:50,3,1,0
BRDA:64,4,0,0
BRDA:64,4,1,0
BRF:10
BRH:0
end_of_record
TN:
SF:src/presentation/controllers/moderation.controller.ts
FN:37,(anonymous_4)
FN:43,(anonymous_5)
FN:52,(anonymous_6)
FN:66,(anonymous_7)
FN:80,(anonymous_8)
FN:96,(anonymous_9)
FN:106,(anonymous_10)
FN:119,(anonymous_11)
FNF:8
FNH:0
FNDA:0,(anonymous_4)
FNDA:0,(anonymous_5)
FNDA:0,(anonymous_6)
FNDA:0,(anonymous_7)
FNDA:0,(anonymous_8)
FNDA:0,(anonymous_9)
FNDA:0,(anonymous_10)
FNDA:0,(anonymous_11)
DA:1,0
DA:13,0
DA:14,0
DA:15,0
DA:16,0
DA:36,0
DA:37,0
DA:43,0
DA:44,0
DA:52,0
DA:57,0
DA:58,0
DA:59,0
DA:66,0
DA:71,0
DA:72,0
DA:80,0
DA:84,0
DA:89,0
DA:96,0
DA:97,0
DA:98,0
DA:106,0
DA:111,0
DA:112,0
DA:119,0
DA:124,0
DA:125,0
LF:28
LH:0
BRDA:57,0,0,0
BRDA:57,0,1,0
BRF:2
BRH:0
end_of_record
TN:
SF:src/presentation/controllers/stream.controller.ts
FN:26,(anonymous_4)
FN:30,(anonymous_5)
FN:36,(anonymous_6)
FN:46,(anonymous_7)
FN:55,(anonymous_8)
FN:66,(anonymous_9)
FN:80,(anonymous_10)
FN:90,(anonymous_11)
FNF:8
FNH:0
FNDA:0,(anonymous_4)
FNDA:0,(anonymous_5)
FNDA:0,(anonymous_6)
FNDA:0,(anonymous_7)
FNDA:0,(anonymous_8)
FNDA:0,(anonymous_9)
FNDA:0,(anonymous_10)
FNDA:0,(anonymous_11)
DA:1,0
DA:14,0
DA:15,0
DA:20,0
DA:21,0
DA:22,0
DA:25,0
DA:26,0
DA:30,0
DA:31,0
DA:36,0
DA:40,0
DA:46,0
DA:50,0
DA:55,0
DA:60,0
DA:66,0
DA:70,0
DA:71,0
DA:80,0
DA:84,0
DA:90,0
DA:94,0
LF:23
LH:0
BRF:0
BRH:0
end_of_record
TN:
SF:src/presentation/decorators/current-user.decorator.ts
FN:10,(anonymous_0)
FNF:1
FNH:0
FNDA:0,(anonymous_0)
DA:1,0
DA:9,0
DA:11,0
DA:12,0
LF:4
LH:0
BRF:0
BRH:0
end_of_record
TN:
SF:src/presentation/decorators/public.decorator.ts
FN:4,(anonymous_0)
FNF:1
FNH:0
FNDA:0,(anonymous_0)
DA:1,0
DA:3,0
DA:4,0
LF:3
LH:0
BRF:0
BRH:0
end_of_record
TN:
SF:src/presentation/gateways/comment.gateway.ts
FN:37,(anonymous_4)
FN:45,(anonymous_5)
FN:73,(anonymous_6)
FN:83,(anonymous_7)
FN:150,(anonymous_8)
FN:195,(anonymous_9)
FN:262,(anonymous_10)
FN:270,(anonymous_11)
FNF:8
FNH:0
FNDA:0,(anonymous_4)
FNDA:0,(anonymous_5)
FNDA:0,(anonymous_6)
FNDA:0,(anonymous_7)
FNDA:0,(anonymous_8)
FNDA:0,(anonymous_9)
FNDA:0,(anonymous_10)
FNDA:0,(anonymous_11)
DA:1,0
DA:11,0
DA:13,0
DA:14,0
DA:15,0
DA:16,0
DA:17,0
DA:18,0
DA:33,0
DA:35,0
DA:38,0
DA:39,0
DA:40,0
DA:41,0
DA:42,0
DA:46,0
DA:48,0
DA:50,0
DA:51,0
DA:52,0
DA:53,0
DA:54,0
DA:57,0
DA:58,0
DA:62,0
DA:63,0
DA:66,0
DA:68,0
DA:69,0
DA:74,0
DA:77,0
DA:78,0
DA:83,0
DA:87,0
DA:88,0
DA:91,0
DA:92,0
DA:96,0
DA:97,0
DA:100,0
DA:101,0
DA:104,0
DA:113,0
DA:116,0
DA:119,0
DA:129,0
DA:135,0
DA:136,0
DA:137,0
DA:141,0
DA:142,0
DA:150,0
DA:154,0
DA:155,0
DA:158,0
DA:161,0
DA:162,0
DA:165,0
DA:174,0
DA:177,0
DA:180,0
DA:185,0
DA:187,0
DA:190,0
DA:195,0
DA:199,0
DA:201,0
DA:208,0
DA:221,0
DA:224,0
DA:230,0
DA:232,0
DA:233,0
DA:234,0
DA:236,0
DA:237,0
DA:238,0
DA:239,0
DA:240,0
DA:241,0
DA:242,0
DA:243,0
DA:244,0
DA:245,0
DA:248,0
DA:253,0
DA:263,0
DA:271,0
DA:272,0
LF:89
LH:0
BRDA:48,0,0,0
BRDA:48,0,1,0
BRDA:50,1,0,0
BRDA:50,1,1,0
BRDA:77,2,0,0
BRDA:77,2,1,0
BRDA:91,3,0,0
BRDA:91,3,1,0
BRDA:100,4,0,0
BRDA:100,4,1,0
BRDA:105,5,0,0
BRDA:105,5,1,0
BRDA:161,6,0,0
BRDA:161,6,1,0
BRDA:166,7,0,0
BRDA:166,7,1,0
BRDA:202,8,0,0
BRDA:202,8,1,0
BRDA:203,9,0,0
BRDA:203,9,1,0
BRDA:209,10,0,0
BRDA:209,10,1,0
BRDA:236,11,0,0
BRDA:236,11,1,0
BRDA:240,12,0,0
BRDA:240,12,1,0
BRDA:243,13,0,0
BRDA:243,13,1,0
BRDA:272,14,0,0
BRDA:272,14,1,0
BRDA:28,15,0,0
BRDA:28,15,1,0
BRF:32
BRH:0
end_of_record
TN:
SF:src/presentation/guards/jwt-auth.guard.ts
FN:8,(anonymous_2)
FN:12,(anonymous_3)
FNF:2
FNH:0
FNDA:0,(anonymous_2)
FNDA:0,(anonymous_3)
DA:1,0
DA:2,0
DA:3,0
DA:4,0
DA:7,0
DA:8,0
DA:9,0
DA:13,0
DA:18,0
DA:19,0
DA:22,0
LF:11
LH:0
BRDA:18,0,0,0
BRDA:18,0,1,0
BRF:2
BRH:0
end_of_record
TN:
SF:src/presentation/guards/jwt.strategy.ts
FN:10,(anonymous_2)
FN:21,(anonymous_3)
FNF:2
FNH:0
FNDA:0,(anonymous_2)
FNDA:0,(anonymous_3)
DA:1,0
DA:2,0
DA:3,0
DA:4,0
DA:5,0
DA:9,0
DA:11,0
DA:14,0
DA:22,0
DA:23,0
DA:24,0
DA:26,0
LF:12
LH:0
BRDA:23,0,0,0
BRDA:23,0,1,0
BRF:2
BRH:0
end_of_record
